
  ==========================================
  Studio Pro version: 9.6.8
  Started at: 12/1/2023, 9:37:24 PM
  ==========================================
  

[2023-12-01T16:10:25.344Z] : [info]: Internet connection // error

[2023-12-01T16:10:33.438Z] : [success]: Connection to our licenses server is restored

[2023-12-01T16:11:25.396Z] : [info]: Internet connection // error

[2023-12-01T16:11:32.294Z] : [success]: Connection to our licenses server is restored

[2023-12-01T16:12:24.654Z] : [info]: Internet connection // error

[2023-12-01T16:12:36.477Z] : [success]: Connection to our licenses server is restored

[2023-12-01T16:12:44.114Z] : [success]: Robot saved successfully

[2023-12-01T16:13:53.931Z] : [info]: Internet connection // error

[2023-12-01T16:14:00.102Z] : [success]: Connection to our licenses server is restored

[2023-12-01T16:14:26.878Z] : [info]: Internet connection // error

[2023-12-01T16:14:32.902Z] : [success]: Connection to our licenses server is restored

[2023-12-01T16:15:14.495Z] : [success]: Robot saved successfully

[2023-12-01T16:15:24.047Z] : [success]: Robot saved successfully

[2023-12-01T16:15:27.704Z] : [info]: Internet connection // error

[2023-12-01T16:15:31.926Z] : [success]: Connection to our licenses server is restored

[2023-12-01T16:15:48.198Z] : [success]: Robot saved successfully

[2023-12-01T16:15:48.441Z] : [success]: Robot saved successfully


  ==========================================
  Studio Pro version: 9.6.8
  Started at: 12/2/2023, 10:44:57 AM
  ==========================================
  

[2023-12-02T05:15:44.320Z] : [success]: Robot saved successfully

