
  ==========================================
  Studio Pro version: 9.6.8
  Started at: 11/29/2023, 11:37:56 PM
  ==========================================
  


  ==========================================
  Studio Pro version: 9.6.8
  Started at: 11/30/2023, 1:19:42 AM
  ==========================================
  

[2023-11-29T19:54:59.787Z] : [info]: Internet connection // error

[2023-11-29T19:55:06.580Z] : [success]: Connection to our licenses server is restored

[2023-11-29T19:55:58.500Z] : [info]: Internet connection // error

[2023-11-29T19:56:05.339Z] : [success]: Connection to our licenses server is restored

[2023-11-29T19:56:57.914Z] : [info]: Internet connection // error

[2023-11-29T19:57:03.932Z] : [success]: Connection to our licenses server is restored

[2023-11-29T20:00:27.322Z] : [info]: Internet connection // error

[2023-11-29T20:00:32.261Z] : [success]: Connection to our licenses server is restored

[2023-11-29T20:00:59.038Z] : [info]: Internet connection // error

[2023-11-29T20:01:04.298Z] : [success]: Connection to our licenses server is restored

[2023-11-29T20:01:59.946Z] : [info]: Internet connection // error

[2023-11-29T20:02:05.591Z] : [success]: Connection to our licenses server is restored

[2023-11-29T20:05:28.473Z] : [info]: Internet connection // error

[2023-11-29T20:05:36.294Z] : [success]: Connection to our licenses server is restored

[2023-11-29T20:09:31.027Z] : [success]: Robot saved successfully

[2023-11-29T20:09:39.569Z] : [info]: Internet connection // error

[2023-11-29T20:09:39.835Z] : [success]: Bot started

[2023-11-29T20:09:39.836Z] : [info]: Robot start

[2023-11-29T20:11:36.919Z] : [success]: Bot finished successfully, total execution time: 1m 57s 83ms

[2023-11-29T20:11:36.920Z] : [info]: ---------------------------------------------

[2023-11-29T20:12:36.589Z] : [success]: Connection to our licenses server is restored

[2023-11-29T20:12:47.164Z] : [success]: Robot saved successfully

[2023-11-29T20:12:47.696Z] : [success]: Robot saved successfully

[2023-11-29T20:12:47.949Z] : [success]: Robot saved successfully

[2023-11-29T20:13:06.682Z] : [success]: Robot saved successfully

