
  ==========================================
  Studio Pro version: 9.6.8
  Started at: 2/1/2024, 12:02:15 PM
  ==========================================
  

[2024-02-01T06:32:15.932Z] : [info]: Internet connection // error

[2024-02-01T06:32:18.056Z] : [success]: Robot saved successfully

[2024-02-01T06:32:25.441Z] : [error]: Failed to run workflow, ocr server unavailable

[2024-02-01T06:32:25.615Z] : [info]: ---------------------------------------------

[2024-02-01T06:40:09.138Z] : [success]: Connection to our licenses server is restored

[2024-02-01T07:20:51.072Z] : [info]: Internet connection // error

[2024-02-02T04:50:06.419Z] : [success]: Connection to our licenses server is restored

[2024-02-02T04:58:34.740Z] : [success]: Robot saved successfully

[2024-02-02T04:58:38.886Z] : [info]: ---------------------------------------------

[2024-02-02T04:58:38.887Z] : [success]: Bot started

[2024-02-02T04:58:38.888Z] : [info]: Robot start

[2024-02-02T04:59:32.783Z] : [error]: Canceled by user

[2024-02-02T04:59:32.930Z] : [info]: Total execution time: 53s 895ms

[2024-02-02T04:59:32.931Z] : [info]: ---------------------------------------------

[2024-02-02T05:00:34.248Z] : [success]: Robot saved successfully

[2024-02-02T05:00:38.468Z] : [success]: Bot started

[2024-02-02T05:00:38.468Z] : [info]: Robot start

[2024-02-02T05:00:55.914Z] : [success]: Bot finished successfully, total execution time: 17s 441ms

[2024-02-02T05:00:55.915Z] : [info]: ---------------------------------------------

[2024-02-02T05:01:43.954Z] : [success]: Robot saved successfully

