
  ==========================================
  Studio Pro version: 9.6.8
  Started at: 10/31/2023, 3:06:23 PM
  ==========================================
  

[2023-10-31T09:37:03.306Z] : [success]: Robot saved successfully

[2023-10-31T09:37:09.250Z] : [success]: Bot started

[2023-10-31T09:37:09.250Z] : [info]: Robot start

[2023-10-31T09:37:22.540Z] : [info]: Retrying to perform the Read emails activity, №1

[2023-10-31T09:37:42.807Z] : [info]: Retrying to perform the Read emails activity, №2

[2023-10-31T09:38:09.730Z] : [error]: Script Stopped.

[2023-10-31T09:38:09.882Z] : [info]: ---------------------------------------------

[2023-10-31T09:39:07.499Z] : [success]: Robot saved successfully

[2023-10-31T11:46:59.840Z] : [success]: Robot saved successfully

[2023-10-31T11:47:23.537Z] : [success]: Bot started

[2023-10-31T11:47:23.538Z] : [info]: Robot start

[2023-10-31T11:48:50.991Z] : [success]: Bot finished successfully, total execution time: 1m 27s 446ms

[2023-10-31T11:48:50.993Z] : [info]: ---------------------------------------------

[2023-10-31T11:53:10.943Z] : [success]: The workflow has been exported successfully

[2023-10-31T12:41:08.269Z] : [info]: Internet connection // error

[2023-10-31T12:51:14.630Z] : [success]: Connection to our licenses server is restored

[2023-10-31T12:52:35.018Z] : [info]: Internet connection // error

