
  ==========================================
  Studio Pro version: 9.2.9
  Started at: 3/10/2023, 7:17:37 PM
  ==========================================
  

[2023-03-10T13:49:10.555Z] : [success]: Robot saved successfully

[2023-03-10T13:49:10.816Z] : [info]: ---------------------------------------------

[2023-03-10T13:49:10.818Z] : [success]: Bot started

[2023-03-10T13:49:10.819Z] : [info]: Robot start

[2023-03-10T13:49:43.378Z] : [success]: Bot finished successfully, total execution time: 32s 557ms

[2023-03-10T13:49:43.379Z] : [info]: ---------------------------------------------

[2023-03-10T13:58:00.964Z] : [success]: Robot saved successfully

[2023-03-10T14:06:20.955Z] : [info]: ---------------------------------------------

[2023-03-10T14:06:20.956Z] : [success]: Bot started

[2023-03-10T14:06:20.957Z] : [info]: Robot start

[2023-03-10T14:07:02.285Z] : [success]: Bot finished successfully, total execution time: 41s 327ms

[2023-03-10T14:07:02.286Z] : [info]: ---------------------------------------------

[2023-03-10T14:07:58.845Z] : [info]: ---------------------------------------------

[2023-03-10T14:07:58.846Z] : [success]: Bot started

[2023-03-10T14:07:58.847Z] : [info]: Robot start

[2023-03-10T14:08:42.250Z] : [success]: Bot finished successfully, total execution time: 43s 402ms

[2023-03-10T14:08:42.251Z] : [info]: ---------------------------------------------

[2023-03-10T14:12:44.876Z] : [success]: Robot saved successfully

[2023-03-10T14:12:45.952Z] : [error]: Cannot read properties of null (reading 'type')

[2023-03-10T14:12:45.954Z] : [error]: Cannot read properties of null (reading 'type')

[2023-03-10T14:12:45.955Z] : [error]: Cannot read properties of null (reading 'type')

[2023-03-10T14:12:45.956Z] : [error]: Cannot read properties of null (reading 'type')

[2023-03-10T14:12:45.961Z] : [error]: Cannot read properties of null (reading 'type')

