
  ==========================================
  Studio Pro version: 9.0.5
  Started at: 1/19/2023, 6:38:30 PM
  ==========================================
  

[2023-01-19T13:08:30.814Z] : [error]: Error saving script

[2023-01-19T13:12:44.363Z] : [success]: Robot saved successfully

[2023-01-19T13:12:44.572Z] : [info]: ---------------------------------------------

[2023-01-19T13:12:44.574Z] : [success]: Bot started

[2023-01-19T13:12:44.575Z] : [info]: Robot start

[2023-01-19T13:12:50.842Z] : [error]: 'ping8.8.8.8.8' is not recognized as an internal or external command,
operable program or batch file.


[2023-01-19T13:12:50.845Z] : [info]: Total execution time: 6s 265ms

[2023-01-19T13:12:50.855Z] : [info]: ---------------------------------------------

[2023-01-19T13:13:21.875Z] : [success]: Robot saved successfully

[2023-01-19T13:13:22.050Z] : [info]: ---------------------------------------------

[2023-01-19T13:13:22.052Z] : [success]: Bot started

[2023-01-19T13:13:22.054Z] : [info]: Robot start

[2023-01-19T13:13:24.164Z] : [error]: Ping request could not find host 8.8.8.8.8. Please check the name and try again.


[2023-01-19T13:13:24.166Z] : [info]: Total execution time: 2s 109ms

[2023-01-19T13:13:24.168Z] : [info]: ---------------------------------------------

[2023-01-19T13:14:24.356Z] : [success]: Robot saved successfully

[2023-01-19T13:14:24.566Z] : [info]: ---------------------------------------------

[2023-01-19T13:14:24.567Z] : [success]: Bot started

[2023-01-19T13:14:24.569Z] : [info]: Robot start

[2023-01-19T13:14:26.682Z] : [error]: Ping request could not find host 8.8.8.8.1. Please check the name and try again.


[2023-01-19T13:14:26.685Z] : [info]: Total execution time: 2s 113ms

[2023-01-19T13:14:26.686Z] : [info]: ---------------------------------------------

[2023-01-19T13:14:42.752Z] : [success]: Robot saved successfully

[2023-01-19T13:14:42.980Z] : [info]: ---------------------------------------------

[2023-01-19T13:14:42.982Z] : [success]: Bot started

[2023-01-19T13:14:42.982Z] : [info]: Robot start

[2023-01-19T13:14:45.102Z] : [error]: Ping request could not find host 8.8.8.8.1. Please check the name and try again.


[2023-01-19T13:14:45.106Z] : [info]: Total execution time: 2s 119ms

[2023-01-19T13:14:45.107Z] : [info]: ---------------------------------------------

[2023-01-19T13:15:02.522Z] : [success]: Robot saved successfully

[2023-01-19T13:15:02.687Z] : [info]: ---------------------------------------------

[2023-01-19T13:15:02.688Z] : [success]: Bot started

[2023-01-19T13:15:02.689Z] : [info]: Robot start

[2023-01-19T13:15:04.806Z] : [error]: Ping request could not find host 8.8.8.8.8. Please check the name and try again.


[2023-01-19T13:15:04.809Z] : [info]: Total execution time: 2s 116ms

[2023-01-19T13:15:04.810Z] : [info]: ---------------------------------------------

[2023-01-19T13:16:02.199Z] : [info]: ---------------------------------------------

[2023-01-19T13:16:02.202Z] : [success]: Bot started

[2023-01-19T13:16:02.203Z] : [info]: Robot start

[2023-01-19T13:16:04.408Z] : [error]: Ping request could not find host 8.8.8.8.8. Please check the name and try again.


[2023-01-19T13:16:04.411Z] : [info]: Total execution time: 2s 205ms

[2023-01-19T13:16:04.413Z] : [info]: ---------------------------------------------

[2023-01-19T13:16:25.479Z] : [success]: Robot saved successfully

[2023-01-19T13:16:25.630Z] : [success]: Bot started

[2023-01-19T13:16:25.632Z] : [info]: Robot start

[2023-01-19T13:16:28.746Z] : [success]: Bot finished successfully, total execution time: 3s 112ms

[2023-01-19T13:16:28.747Z] : [info]: ---------------------------------------------

[2023-01-19T13:16:36.770Z] : [success]: Bot started

[2023-01-19T13:16:36.772Z] : [info]: Robot start

[2023-01-19T13:16:39.916Z] : [success]: Bot finished successfully, total execution time: 3s 143ms

[2023-01-19T13:16:39.917Z] : [info]: ---------------------------------------------

[2023-01-19T13:16:51.652Z] : [success]: Robot saved successfully

[2023-01-19T13:16:51.802Z] : [success]: Bot started

[2023-01-19T13:16:51.804Z] : [info]: Robot start

[2023-01-19T13:16:53.990Z] : [info]: null

[2023-01-19T13:16:54.947Z] : [success]: Bot finished successfully, total execution time: 3s 142ms

[2023-01-19T13:16:54.949Z] : [info]: ---------------------------------------------

[2023-01-19T13:17:08.574Z] : [success]: Robot saved successfully

[2023-01-19T13:17:08.748Z] : [success]: Bot started

[2023-01-19T13:17:08.749Z] : [info]: Robot start

[2023-01-19T13:17:12.959Z] : [info]: 
Pinging 8.8.8.8 with 32 bytes of data:
Reply from 8.8.8.8: bytes=32 time=10ms TTL=114
Reply from 8.8.8.8: bytes=32 time=7ms TTL=114
Reply from 8.8.8.8: bytes=32 time=8ms TTL=114
Reply from 8.8.8.8: bytes=32 time=8ms TTL=114

Ping statistics for 8.8.8.8:
    Packets: Sent = 4, Received = 4, Lost = 0 (0% loss),
Approximate round trip times in milli-seconds:
    Minimum = 7ms, Maximum = 10ms, Average = 8ms


[2023-01-19T13:17:13.935Z] : [success]: Bot finished successfully, total execution time: 5s 185ms

[2023-01-19T13:17:13.936Z] : [info]: ---------------------------------------------

[2023-01-19T13:17:52.759Z] : [success]: Robot saved successfully

[2023-01-19T13:17:52.952Z] : [info]: ---------------------------------------------

[2023-01-19T13:17:52.954Z] : [success]: Bot started

[2023-01-19T13:17:52.955Z] : [info]: Robot start

[2023-01-19T13:17:55.104Z] : [error]: Ping request could not find host 8.8.8.8.8. Please check the name and try again.


[2023-01-19T13:17:55.108Z] : [info]: Total execution time: 2s 148ms

[2023-01-19T13:17:55.109Z] : [info]: ---------------------------------------------

[2023-01-19T13:18:17.290Z] : [success]: Robot saved successfully

[2023-01-19T13:18:17.461Z] : [info]: ---------------------------------------------

[2023-01-19T13:18:17.462Z] : [success]: Bot started

[2023-01-19T13:18:17.463Z] : [info]: Robot start

[2023-01-19T13:18:19.596Z] : [error]: Unexpected number

[2023-01-19T13:18:19.598Z] : [info]: Total execution time: 2s 133ms

[2023-01-19T13:18:19.600Z] : [info]: ---------------------------------------------

[2023-01-19T13:18:33.265Z] : [success]: Robot saved successfully

[2023-01-19T13:18:33.432Z] : [info]: ---------------------------------------------

[2023-01-19T13:18:33.433Z] : [success]: Bot started

[2023-01-19T13:18:33.435Z] : [info]: Robot start

[2023-01-19T13:18:35.582Z] : [error]: Ping request could not find host 8.8.8.8.8. Please check the name and try again.


[2023-01-19T13:18:35.585Z] : [info]: Total execution time: 2s 147ms

[2023-01-19T13:18:35.586Z] : [info]: ---------------------------------------------

[2023-01-19T13:18:57.353Z] : [info]: Internet connection // error

[2023-01-19T13:18:57.394Z] : [success]: Robot saved successfully

[2023-01-19T13:18:57.543Z] : [success]: Bot started

[2023-01-19T13:18:57.545Z] : [info]: Robot start

[2023-01-19T13:18:59.704Z] : [error]: Ping request could not find host 8.8.8.8.8. Please check the name and try again.


[2023-01-19T13:18:59.706Z] : [info]: Total execution time: 2s 159ms

[2023-01-19T13:18:59.706Z] : [info]: ---------------------------------------------

[2023-01-19T13:19:09.346Z] : [success]: Connection to our licenses server is restored

[2023-01-19T13:19:09.382Z] : [success]: Robot saved successfully

[2023-01-19T13:19:09.542Z] : [success]: Bot started

[2023-01-19T13:19:09.543Z] : [info]: Robot start

[2023-01-19T13:19:11.697Z] : [error]: Ping request could not find host 8.8.8.8.8. Please check the name and try again.


[2023-01-19T13:19:11.700Z] : [info]: Total execution time: 2s 154ms

[2023-01-19T13:19:11.701Z] : [info]: ---------------------------------------------

[2023-01-19T13:19:18.388Z] : [success]: Robot saved successfully

[2023-01-19T13:19:18.538Z] : [success]: Bot started

[2023-01-19T13:19:18.540Z] : [info]: Robot start

[2023-01-19T13:19:20.694Z] : [error]: Ping request could not find host 8.8.8.8.8. Please check the name and try again.


[2023-01-19T13:19:20.697Z] : [info]: Total execution time: 2s 154ms

[2023-01-19T13:19:20.698Z] : [info]: ---------------------------------------------

[2023-01-19T13:19:28.935Z] : [success]: Robot saved successfully

[2023-01-19T13:19:29.131Z] : [success]: Bot started

[2023-01-19T13:19:29.134Z] : [info]: Robot start

[2023-01-19T13:19:31.297Z] : [error]: Ping request could not find host 8.8.8.8.8. Please check the name and try again.


[2023-01-19T13:19:31.299Z] : [info]: Total execution time: 2s 163ms

[2023-01-19T13:19:31.300Z] : [info]: ---------------------------------------------

[2023-01-19T13:20:16.563Z] : [info]: Internet connection // error

[2023-01-19T13:20:16.603Z] : [success]: Robot saved successfully

[2023-01-19T13:20:16.735Z] : [info]: ---------------------------------------------

[2023-01-19T13:20:16.737Z] : [success]: Bot started

[2023-01-19T13:20:16.738Z] : [info]: Robot start

[2023-01-19T13:20:18.989Z] : [error]: Ping request could not find host 8.8.8.8.. Please check the name and try again.


[2023-01-19T13:20:18.990Z] : [info]: Total execution time: 2s 250ms

[2023-01-19T13:20:18.991Z] : [info]: ---------------------------------------------

[2023-01-19T13:20:32.114Z] : [success]: Robot saved successfully

[2023-01-19T13:20:32.263Z] : [success]: Bot started

[2023-01-19T13:20:32.267Z] : [info]: Robot start

[2023-01-19T13:20:37.461Z] : [success]: Bot finished successfully, total execution time: 5s 194ms

[2023-01-19T13:20:37.463Z] : [info]: ---------------------------------------------

[2023-01-19T13:20:49.329Z] : [success]: Connection to our licenses server is restored

[2023-01-19T13:20:49.381Z] : [success]: Robot saved successfully

[2023-01-19T13:20:49.566Z] : [info]: ---------------------------------------------

[2023-01-19T13:20:49.570Z] : [success]: Bot started

[2023-01-19T13:20:49.571Z] : [info]: Robot start

[2023-01-19T13:20:59.091Z] : [info]: 
Pinging 8.8.8.8 with 32 bytes of data:
Reply from 8.8.8.8: bytes=32 time=13ms TTL=114
Reply from 8.8.8.8: bytes=32 time=11ms TTL=114
Reply from 8.8.8.8: bytes=32 time=7ms TTL=114
Reply from 8.8.8.8: bytes=32 time=8ms TTL=114

Ping statistics for 8.8.8.8:
    Packets: Sent = 4, Received = 4, Lost = 0 (0% loss),
Approximate round trip times in milli-seconds:
    Minimum = 7ms, Maximum = 13ms, Average = 9ms


[2023-01-19T13:20:59.597Z] : [success]: Bot finished successfully, total execution time: 10s 24ms

[2023-01-19T13:20:59.599Z] : [info]: ---------------------------------------------

[2023-01-19T13:21:26.803Z] : [success]: Robot saved successfully

[2023-01-19T13:21:26.977Z] : [success]: Bot started

[2023-01-19T13:21:26.978Z] : [info]: Robot start

[2023-01-19T13:21:29.161Z] : [error]: 'ping8.8.8.8' is not recognized as an internal or external command,
operable program or batch file.


[2023-01-19T13:21:29.164Z] : [info]: Total execution time: 2s 183ms

[2023-01-19T13:21:29.165Z] : [info]: ---------------------------------------------

[2023-01-19T13:21:43.410Z] : [success]: Robot saved successfully

[2023-01-19T13:21:43.569Z] : [info]: ---------------------------------------------

[2023-01-19T13:21:43.571Z] : [success]: Bot started

[2023-01-19T13:21:43.572Z] : [info]: Robot start

[2023-01-19T13:21:47.866Z] : [info]: 
Pinging 8.8.8.8 with 32 bytes of data:
Reply from 8.8.8.8: bytes=32 time=8ms TTL=114
Reply from 8.8.8.8: bytes=32 time=9ms TTL=114
Reply from 8.8.8.8: bytes=32 time=9ms TTL=114
Reply from 8.8.8.8: bytes=32 time=10ms TTL=114

Ping statistics for 8.8.8.8:
    Packets: Sent = 4, Received = 4, Lost = 0 (0% loss),
Approximate round trip times in milli-seconds:
    Minimum = 8ms, Maximum = 10ms, Average = 9ms


[2023-01-19T13:21:48.772Z] : [success]: Bot finished successfully, total execution time: 5s 198ms

[2023-01-19T13:21:48.773Z] : [info]: ---------------------------------------------

[2023-01-19T13:22:21.403Z] : [success]: Robot saved successfully

[2023-01-19T13:22:21.598Z] : [info]: ---------------------------------------------

[2023-01-19T13:22:21.601Z] : [success]: Bot started

[2023-01-19T13:22:21.602Z] : [info]: Robot start

[2023-01-19T13:22:23.771Z] : [error]: Ping request could not find host 8.8.8.8.8. Please check the name and try again.


[2023-01-19T13:22:23.773Z] : [info]: Total execution time: 2s 168ms

[2023-01-19T13:22:23.774Z] : [info]: ---------------------------------------------

[2023-01-19T13:22:56.165Z] : [info]: Internet connection // error

[2023-01-19T13:22:56.216Z] : [success]: Robot saved successfully

[2023-01-19T13:22:56.380Z] : [info]: ---------------------------------------------

[2023-01-19T13:22:56.382Z] : [success]: Bot started

[2023-01-19T13:22:56.384Z] : [info]: Robot start

[2023-01-19T13:22:57.485Z] : [info]: ping 8.8.8.8.8

[2023-01-19T13:22:58.535Z] : [error]: Ping request could not find host 8.8.8.8.8. Please check the name and try again.


[2023-01-19T13:22:58.536Z] : [info]: Total execution time: 2s 151ms

[2023-01-19T13:22:58.537Z] : [info]: ---------------------------------------------

[2023-01-19T13:23:40.520Z] : [success]: Connection to our licenses server is restored

[2023-01-19T13:23:40.558Z] : [success]: Robot saved successfully

[2023-01-19T13:23:40.689Z] : [info]: ---------------------------------------------

[2023-01-19T13:23:40.690Z] : [success]: Bot started

[2023-01-19T13:23:40.691Z] : [info]: Robot start

[2023-01-19T13:23:41.804Z] : [info]: ping 8.8.8.8.8

[2023-01-19T13:23:42.857Z] : [error]: Ping request could not find host 8.8.8.8.8. Please check the name and try again.


[2023-01-19T13:23:42.859Z] : [info]: Total execution time: 2s 165ms

[2023-01-19T13:23:42.860Z] : [info]: ---------------------------------------------

[2023-01-19T13:24:29.384Z] : [success]: Robot saved successfully

[2023-01-19T13:24:29.546Z] : [info]: ---------------------------------------------

[2023-01-19T13:24:29.548Z] : [success]: Bot started

[2023-01-19T13:24:29.549Z] : [info]: Robot start

[2023-01-19T13:24:30.734Z] : [info]: ping 8.8.8.8

[2023-01-19T13:24:33.863Z] : [info]: 
Pinging 8.8.8.8 with 32 bytes of data:
Reply from 8.8.8.8: bytes=32 time=8ms TTL=114
Reply from 8.8.8.8: bytes=32 time=13ms TTL=114
Reply from 8.8.8.8: bytes=32 time=7ms TTL=114
Reply from 8.8.8.8: bytes=32 time=10ms TTL=114

Ping statistics for 8.8.8.8:
    Packets: Sent = 4, Received = 4, Lost = 0 (0% loss),
Approximate round trip times in milli-seconds:
    Minimum = 7ms, Maximum = 13ms, Average = 9ms


[2023-01-19T13:24:34.712Z] : [success]: Bot finished successfully, total execution time: 5s 161ms

[2023-01-19T13:24:34.713Z] : [info]: ---------------------------------------------

[2023-01-19T13:25:14.603Z] : [success]: Robot saved successfully

[2023-01-19T13:25:14.744Z] : [info]: ---------------------------------------------

[2023-01-19T13:25:14.746Z] : [success]: Bot started

[2023-01-19T13:25:14.746Z] : [info]: Robot start

[2023-01-19T13:25:19.892Z] : [success]: Bot finished successfully, total execution time: 5s 145ms

[2023-01-19T13:25:19.894Z] : [info]: ---------------------------------------------

[2023-01-19T13:29:37.866Z] : [success]: Robot saved successfully

[2023-01-19T13:29:37.938Z] : [info]: ---------------------------------------------

[2023-01-19T13:29:37.938Z] : [success]: Bot started

[2023-01-19T13:29:37.939Z] : [info]: Robot start

[2023-01-19T13:29:42.024Z] : [success]: Bot finished successfully, total execution time: 4s 84ms

[2023-01-19T13:29:42.025Z] : [info]: ---------------------------------------------

[2023-01-19T13:30:20.476Z] : [success]: Robot saved successfully

[2023-01-19T13:30:20.574Z] : [success]: Bot started

[2023-01-19T13:30:20.575Z] : [info]: Robot start

[2023-01-19T13:30:31.703Z] : [success]: Bot finished successfully, total execution time: 11s 127ms

[2023-01-19T13:30:31.704Z] : [info]: ---------------------------------------------

[2023-01-19T13:45:21.929Z] : [success]: Robot saved successfully

[2023-01-19T13:45:22.007Z] : [success]: Bot started

[2023-01-19T13:45:22.008Z] : [info]: Robot start

[2023-01-19T13:45:32.123Z] : [success]: Bot finished successfully, total execution time: 10s 114ms

[2023-01-19T13:45:32.124Z] : [info]: ---------------------------------------------

[2023-01-19T13:50:00.858Z] : [success]: Robot saved successfully

[2023-01-19T13:50:00.962Z] : [success]: Bot started

[2023-01-19T13:50:00.963Z] : [info]: Robot start

[2023-01-19T13:50:07.075Z] : [success]: Bot finished successfully, total execution time: 6s 111ms

[2023-01-19T13:50:07.077Z] : [info]: ---------------------------------------------

[2023-01-19T13:50:45.472Z] : [success]: Robot saved successfully

[2023-01-19T13:50:45.564Z] : [success]: Bot started

[2023-01-19T13:50:45.565Z] : [info]: Robot start

[2023-01-19T13:50:50.652Z] : [success]: Bot finished successfully, total execution time: 5s 87ms

[2023-01-19T13:50:50.653Z] : [info]: ---------------------------------------------

[2023-01-19T13:51:26.583Z] : [success]: Robot saved successfully

[2023-01-19T13:51:26.679Z] : [info]: ---------------------------------------------

[2023-01-19T13:51:26.680Z] : [success]: Bot started

[2023-01-19T13:51:26.680Z] : [info]: Robot start

[2023-01-19T13:51:43.908Z] : [success]: Bot finished successfully, total execution time: 17s 227ms

[2023-01-19T13:51:43.910Z] : [info]: ---------------------------------------------

[2023-01-19T13:53:40.545Z] : [success]: Robot saved successfully

[2023-01-19T14:04:59.823Z] : [success]: Robot saved successfully

[2023-01-19T14:05:28.291Z] : [success]: The workflow has been exported successfully

