
  ==========================================
  Studio Pro version: 9.5.18
  Started at: 9/14/2023, 2:21:01 PM
  ==========================================
  

[2023-09-14T08:51:13.457Z] : [success]: Robot saved successfully

[2023-09-14T08:51:13.562Z] : [success]: Bot started

[2023-09-14T08:51:13.563Z] : [info]: Robot start

[2023-09-14T08:51:21.067Z] : [error]: Invalid login: 535-5.7.8 Username and Password not accepted. Learn more at
535 5.7.8  https://support.google.com/mail/?p=BadCredentials n3-20020a170902968300b001bdc5023783sm1030831plp.179 - gsmtp

[2023-09-14T08:51:22.060Z] : [info]: Total execution time: 7s 504ms

[2023-09-14T08:51:22.061Z] : [info]: ---------------------------------------------

[2023-09-14T08:54:56.687Z] : [success]: Robot saved successfully

[2023-09-14T08:55:08.793Z] : [success]: Bot started

[2023-09-14T08:55:08.794Z] : [info]: Robot start

[2023-09-14T08:55:23.120Z] : [success]: Bot finished successfully, total execution time: 14s 321ms

[2023-09-14T08:55:23.122Z] : [info]: ---------------------------------------------

[2023-09-14T08:57:49.394Z] : [success]: Robot saved successfully

[2023-09-14T08:58:39.035Z] : [success]: Bot started

[2023-09-14T08:58:39.036Z] : [info]: Robot start

[2023-09-14T08:58:51.292Z] : [success]: Bot finished successfully, total execution time: 12s 250ms

[2023-09-14T08:58:51.293Z] : [info]: ---------------------------------------------

[2023-09-14T09:00:32.237Z] : [success]: Robot saved successfully

[2023-09-14T09:01:28.343Z] : [success]: The workflow has been exported successfully

