
  ==========================================
  Studio Pro version: 9.5.18
  Started at: 9/22/2023, 11:26:45 AM
  ==========================================
  

[2023-09-22T05:56:58.987Z] : [success]: Robot saved successfully

[2023-09-22T05:57:02.802Z] : [info]: ---------------------------------------------

[2023-09-22T05:57:02.803Z] : [success]: Bot started

[2023-09-22T05:57:02.804Z] : [info]: Robot start

[2023-09-22T05:57:10.137Z] : [success]: Bot finished successfully, total execution time: 7s 330ms

[2023-09-22T05:57:10.138Z] : [info]: ---------------------------------------------

[2023-09-22T05:59:35.947Z] : [success]: Robot saved successfully

[2023-09-22T05:59:40.826Z] : [success]: Bot started

[2023-09-22T05:59:40.826Z] : [info]: Robot start

[2023-09-22T05:59:48.031Z] : [success]: Bot finished successfully, total execution time: 7s 202ms

[2023-09-22T05:59:48.033Z] : [info]: ---------------------------------------------

[2023-09-22T06:04:36.671Z] : [success]: Robot saved successfully

[2023-09-22T06:04:40.851Z] : [success]: Bot started

[2023-09-22T06:04:40.852Z] : [info]: Robot start

[2023-09-22T06:04:50.095Z] : [success]: Bot finished successfully, total execution time: 9s 240ms

[2023-09-22T06:04:50.096Z] : [info]: ---------------------------------------------

[2023-09-22T06:05:14.655Z] : [success]: Bot started

[2023-09-22T06:05:14.656Z] : [info]: Robot start

[2023-09-22T06:05:23.828Z] : [success]: Bot finished successfully, total execution time: 9s 169ms

[2023-09-22T06:05:23.829Z] : [info]: ---------------------------------------------

