[2023-10-03T09:22:49.275Z] : [success]: Robot saved successfully


  ==========================================
  Studio Pro version: 9.5.18
  Started at: 10/3/2023, 2:52:49 PM
  ==========================================
  

[2023-10-03T09:50:39.537Z] : [success]: Robot saved successfully

[2023-10-03T09:50:43.674Z] : [success]: Bot started

[2023-10-03T09:50:43.675Z] : [info]: Robot start

[2023-10-03T09:50:48.174Z] : [success]: Bot finished successfully, total execution time: 4s 497ms

[2023-10-03T09:50:48.176Z] : [info]: ---------------------------------------------

[2023-10-03T09:53:11.290Z] : [success]: Robot saved successfully

[2023-10-03T09:53:15.543Z] : [success]: Bot started

[2023-10-03T09:53:15.551Z] : [info]: Robot start

[2023-10-03T09:53:21.842Z] : [success]: Bot finished successfully, total execution time: 6s 288ms

[2023-10-03T09:53:21.843Z] : [info]: ---------------------------------------------

[2023-10-03T09:53:57.345Z] : [success]: Robot saved successfully

[2023-10-03T09:53:57.514Z] : [success]: Bot started

[2023-10-03T09:53:57.514Z] : [info]: Robot start

[2023-10-03T09:54:01.417Z] : [success]: Bot finished successfully, total execution time: 3s 901ms

[2023-10-03T09:54:01.418Z] : [info]: ---------------------------------------------

[2023-10-03T09:56:37.823Z] : [success]: Robot saved successfully

[2023-10-03T09:56:38.052Z] : [success]: Bot started

[2023-10-03T09:56:38.052Z] : [info]: Robot start

[2023-10-03T09:57:03.425Z] : [error]: Script Stopped.

[2023-10-03T09:57:03.892Z] : [info]: Total execution time: 25s 371ms

[2023-10-03T09:57:03.893Z] : [info]: ---------------------------------------------

[2023-10-03T09:57:39.875Z] : [success]: Robot saved successfully

[2023-10-03T09:58:09.224Z] : [success]: Bot started

[2023-10-03T09:58:09.225Z] : [info]: Robot start

[2023-10-03T09:59:50.707Z] : [error]: Script Stopped.

[2023-10-03T09:59:51.311Z] : [info]: Total execution time: 1m 41s 482ms

[2023-10-03T09:59:51.311Z] : [info]: ---------------------------------------------

[2023-10-03T10:01:16.932Z] : [success]: Robot saved successfully

[2023-10-03T10:01:19.168Z] : [success]: Bot started

[2023-10-03T10:01:19.170Z] : [info]: Robot start

[2023-10-03T10:03:08.173Z] : [error]: Script Stopped.

[2023-10-03T10:03:08.672Z] : [info]: Total execution time: 1m 49s 3ms

[2023-10-03T10:03:08.673Z] : [info]: ---------------------------------------------

[2023-10-03T10:06:02.698Z] : [success]: Robot saved successfully

[2023-10-03T10:06:06.558Z] : [success]: Bot started

[2023-10-03T10:06:06.559Z] : [info]: Robot start

[2023-10-03T10:07:51.390Z] : [error]: Script Stopped.

[2023-10-03T10:07:52.076Z] : [info]: Total execution time: 1m 44s 830ms

[2023-10-03T10:07:52.077Z] : [info]: ---------------------------------------------

[2023-10-03T10:08:20.649Z] : [success]: Robot saved successfully

[2023-10-03T10:08:22.674Z] : [success]: Bot started

[2023-10-03T10:08:22.676Z] : [info]: Robot start

[2023-10-03T10:09:53.015Z] : [error]: Script Stopped.

[2023-10-03T10:09:53.436Z] : [info]: Total execution time: 1m 30s 339ms

[2023-10-03T10:09:53.437Z] : [info]: ---------------------------------------------

[2023-10-03T10:10:43.141Z] : [success]: Robot saved successfully

[2023-10-03T10:10:46.912Z] : [success]: Bot started

[2023-10-03T10:10:46.913Z] : [info]: Robot start

[2023-10-03T10:12:39.746Z] : [error]: Script Stopped.

[2023-10-03T10:12:40.461Z] : [info]: Total execution time: 1m 52s 833ms

[2023-10-03T10:12:40.462Z] : [info]: ---------------------------------------------

[2023-10-03T10:13:02.754Z] : [success]: Robot saved successfully

[2023-10-03T10:13:06.458Z] : [success]: Bot started

[2023-10-03T10:13:06.461Z] : [info]: Robot start

[2023-10-03T10:14:48.032Z] : [error]: Script Stopped.

[2023-10-03T10:14:48.596Z] : [info]: Total execution time: 1m 41s 571ms

[2023-10-03T10:14:48.598Z] : [info]: ---------------------------------------------

[2023-10-03T10:17:57.260Z] : [success]: Robot saved successfully

[2023-10-03T10:19:31.427Z] : [success]: Robot saved successfully

[2023-10-03T10:19:35.922Z] : [success]: Bot started

[2023-10-03T10:19:35.924Z] : [info]: Robot start

[2023-10-03T10:19:40.098Z] : [error]: Script Stopped.

[2023-10-03T10:19:40.669Z] : [info]: Total execution time: 4s 175ms

[2023-10-03T10:19:40.670Z] : [info]: ---------------------------------------------

[2023-10-03T10:19:46.257Z] : [success]: Robot saved successfully

[2023-10-03T10:19:49.811Z] : [success]: Bot started

[2023-10-03T10:19:49.812Z] : [info]: Robot start

[2023-10-03T10:21:15.293Z] : [success]: Bot finished successfully, total execution time: 1m 25s 478ms

[2023-10-03T10:21:15.295Z] : [info]: ---------------------------------------------

[2023-10-03T10:22:00.043Z] : [success]: Robot saved successfully

[2023-10-03T10:22:03.866Z] : [success]: Bot started

[2023-10-03T10:22:03.868Z] : [info]: Robot start

[2023-10-03T10:22:08.059Z] : [error]: Cannot read properties of undefined (reading 'A')

[2023-10-03T10:22:08.603Z] : [info]: Total execution time: 4s 191ms

[2023-10-03T10:22:08.604Z] : [info]: ---------------------------------------------

[2023-10-03T10:22:19.328Z] : [success]: Robot saved successfully

[2023-10-03T10:22:22.796Z] : [success]: Bot started

[2023-10-03T10:22:22.797Z] : [info]: Robot start

[2023-10-03T10:23:57.450Z] : [success]: Bot finished successfully, total execution time: 1m 34s 645ms

[2023-10-03T10:23:57.452Z] : [info]: ---------------------------------------------

[2023-10-03T10:42:28.893Z] : [success]: Robot saved successfully

[2023-10-03T10:45:41.973Z] : [success]: Robot saved successfully

[2023-10-03T10:46:09.833Z] : [success]: Robot saved successfully

[2023-10-03T10:46:15.995Z] : [success]: Robot saved successfully

[2023-10-03T10:46:33.672Z] : [success]: Robot saved successfully

[2023-10-03T10:46:39.081Z] : [success]: Bot started

[2023-10-03T10:46:39.082Z] : [info]: Robot start

[2023-10-03T10:47:14.776Z] : [error]: Outlook: Can't find accound

[2023-10-03T10:47:16.146Z] : [info]: Total execution time: 35s 693ms

[2023-10-03T10:47:16.147Z] : [info]: ---------------------------------------------

[2023-10-03T10:47:55.219Z] : [success]: Robot saved successfully

[2023-10-03T10:48:00.567Z] : [success]: Bot started

[2023-10-03T10:48:00.568Z] : [info]: Robot start

[2023-10-03T10:54:19.190Z] : [error]: Script Stopped.

[2023-10-03T10:54:19.853Z] : [info]: Total execution time: 6m 18s 620ms

[2023-10-03T10:54:19.854Z] : [info]: ---------------------------------------------

[2023-10-03T10:54:52.065Z] : [success]: Robot saved successfully

[2023-10-03T10:54:55.819Z] : [success]: Bot started

[2023-10-03T10:54:55.820Z] : [info]: Robot start

[2023-10-03T10:55:10.274Z] : [error]: Selectors: Value cannot be null.
Parameter name: columnName

[2023-10-03T10:55:11.284Z] : [info]: Total execution time: 14s 454ms

[2023-10-03T10:55:11.285Z] : [info]: ---------------------------------------------

[2023-10-03T10:57:02.581Z] : [success]: Robot saved successfully

[2023-10-03T10:57:06.584Z] : [success]: Bot started

[2023-10-03T10:57:06.585Z] : [info]: Robot start

[2023-10-03T11:01:08.657Z] : [error]: Script Stopped.

[2023-10-03T11:01:09.684Z] : [info]: Total execution time: 4m 2s 70ms

[2023-10-03T11:01:09.685Z] : [info]: ---------------------------------------------

[2023-10-03T11:08:41.401Z] : [success]: Robot saved successfully

[2023-10-03T11:38:52.960Z] : [success]: Robot saved successfully

[2023-10-03T11:40:25.168Z] : [success]: Bot started

[2023-10-03T11:40:25.169Z] : [info]: Robot start

[2023-10-03T11:41:49.876Z] : [success]: Bot finished successfully, total execution time: 1m 24s 700ms

[2023-10-03T11:41:49.878Z] : [info]: ---------------------------------------------

[2023-10-03T12:00:35.043Z] : [success]: Robot saved successfully

