
  ==========================================
  Studio Pro version: 9.3.16
  Started at: 9/26/2023, 1:43:53 PM
  ==========================================
  

[2023-09-26T08:20:39.724Z] : [success]: Robot saved successfully

[2023-09-26T08:20:39.793Z] : [info]: ---------------------------------------------

[2023-09-26T08:20:39.794Z] : [success]: Bot started

[2023-09-26T08:20:39.796Z] : [info]: Robot start

[2023-09-26T08:20:48.516Z] : [success]: Bot finished successfully, total execution time: 8s 718ms

[2023-09-26T08:20:48.518Z] : [info]: ---------------------------------------------

[2023-09-26T08:25:02.898Z] : [success]: Robot saved successfully

[2023-09-26T08:25:11.556Z] : [success]: Bot started

[2023-09-26T08:25:11.557Z] : [info]: Robot start

[2023-09-26T08:25:17.721Z] : [error]: Title is not defined

[2023-09-26T08:25:18.005Z] : [info]: Total execution time: 6s 163ms

[2023-09-26T08:25:18.005Z] : [info]: ---------------------------------------------

[2023-09-26T08:25:54.728Z] : [success]: Bot started

[2023-09-26T08:25:54.729Z] : [info]: Robot start

[2023-09-26T08:26:00.890Z] : [error]: Title is not defined

[2023-09-26T08:26:01.159Z] : [info]: Total execution time: 6s 161ms

[2023-09-26T08:26:01.160Z] : [info]: ---------------------------------------------

[2023-09-26T08:27:31.881Z] : [success]: Robot saved successfully

[2023-09-26T08:27:38.207Z] : [success]: Bot started

[2023-09-26T08:27:38.208Z] : [info]: Robot start

[2023-09-26T08:27:47.420Z] : [success]: Bot finished successfully, total execution time: 9s 211ms

[2023-09-26T08:27:47.422Z] : [info]: ---------------------------------------------

[2023-09-26T08:28:38.092Z] : [success]: Robot saved successfully

[2023-09-26T08:28:38.176Z] : [success]: Bot started

[2023-09-26T08:28:38.177Z] : [info]: Robot start

[2023-09-26T08:28:46.337Z] : [success]: Bot finished successfully, total execution time: 8s 159ms

[2023-09-26T08:28:46.338Z] : [info]: ---------------------------------------------

[2023-09-26T08:31:57.271Z] : [success]: Robot saved successfully

[2023-09-26T08:31:57.387Z] : [success]: Bot started

[2023-09-26T08:31:57.388Z] : [info]: Robot start

[2023-09-26T08:32:04.577Z] : [error]: IncidentID is not defined

[2023-09-26T08:32:04.928Z] : [info]: Total execution time: 7s 187ms

[2023-09-26T08:32:04.928Z] : [info]: ---------------------------------------------

[2023-09-26T08:33:44.563Z] : [success]: Robot saved successfully

[2023-09-26T08:33:44.669Z] : [success]: Bot started

[2023-09-26T08:33:44.670Z] : [info]: Robot start

[2023-09-26T08:33:52.889Z] : [success]: Bot finished successfully, total execution time: 8s 216ms

[2023-09-26T08:33:52.890Z] : [info]: ---------------------------------------------

[2023-09-26T08:36:36.929Z] : [success]: Bot started

[2023-09-26T08:36:36.930Z] : [info]: Robot start

[2023-09-26T08:36:45.120Z] : [success]: Bot finished successfully, total execution time: 8s 188ms

[2023-09-26T08:36:45.121Z] : [info]: ---------------------------------------------

[2023-09-26T08:37:24.085Z] : [success]: Robot saved successfully

[2023-09-26T08:37:24.171Z] : [success]: Bot started

[2023-09-26T08:37:24.172Z] : [info]: Robot start

[2023-09-26T08:37:32.383Z] : [error]: Selectors: Cannot access read-only document 'Temp2.xlsx'.

[2023-09-26T08:37:32.708Z] : [info]: Total execution time: 8s 210ms

[2023-09-26T08:37:32.709Z] : [info]: ---------------------------------------------

[2023-09-26T08:39:15.997Z] : [success]: Bot started

[2023-09-26T08:39:15.998Z] : [info]: Robot start

[2023-09-26T08:39:24.213Z] : [error]: Selectors: Cannot access read-only document 'Temp2.xlsx'.

[2023-09-26T08:39:24.568Z] : [info]: Total execution time: 8s 214ms

[2023-09-26T08:39:24.569Z] : [info]: ---------------------------------------------

[2023-09-26T08:41:30.149Z] : [success]: Robot saved successfully

[2023-09-26T08:41:30.235Z] : [success]: Bot started

[2023-09-26T08:41:30.236Z] : [info]: Robot start

[2023-09-26T08:41:35.400Z] : [error]: Unexpected token ':'

[2023-09-26T08:41:35.762Z] : [info]: Total execution time: 5s 163ms

[2023-09-26T08:41:35.763Z] : [info]: ---------------------------------------------

[2023-09-26T08:41:47.014Z] : [success]: Robot saved successfully

[2023-09-26T08:41:51.584Z] : [success]: Bot started

[2023-09-26T08:41:51.585Z] : [info]: Robot start

[2023-09-26T08:41:57.781Z] : [error]: IncidentID is not defined

[2023-09-26T08:41:58.150Z] : [info]: Total execution time: 6s 196ms

[2023-09-26T08:41:58.151Z] : [info]: ---------------------------------------------

[2023-09-26T08:42:08.949Z] : [success]: Bot started

[2023-09-26T08:42:08.950Z] : [info]: Robot start

[2023-09-26T08:42:14.130Z] : [error]: IncidentID is not defined

[2023-09-26T08:42:14.464Z] : [info]: Total execution time: 5s 179ms

[2023-09-26T08:42:14.464Z] : [info]: ---------------------------------------------

[2023-09-26T08:42:40.207Z] : [success]: Robot saved successfully

[2023-09-26T08:42:46.682Z] : [success]: Bot started

[2023-09-26T08:42:46.683Z] : [info]: Robot start

[2023-09-26T08:42:53.850Z] : [error]: IncidentID is not defined

[2023-09-26T08:42:54.165Z] : [info]: Total execution time: 7s 166ms

[2023-09-26T08:42:54.165Z] : [info]: ---------------------------------------------

[2023-09-26T08:43:13.556Z] : [success]: Bot started

[2023-09-26T08:43:13.557Z] : [info]: Robot start

[2023-09-26T08:43:19.704Z] : [error]: IncidentID is not defined

[2023-09-26T08:43:20.018Z] : [info]: Total execution time: 6s 147ms

[2023-09-26T08:43:20.019Z] : [info]: ---------------------------------------------

[2023-09-26T08:44:51.723Z] : [success]: Robot saved successfully

[2023-09-26T08:45:02.843Z] : [success]: Bot started

[2023-09-26T08:45:02.846Z] : [info]: Robot start

[2023-09-26T08:45:09.040Z] : [error]: IncidentID is not defined

[2023-09-26T08:45:09.363Z] : [info]: Total execution time: 6s 193ms

[2023-09-26T08:45:09.363Z] : [info]: ---------------------------------------------

[2023-09-26T08:46:20.266Z] : [success]: Bot started

[2023-09-26T08:46:20.267Z] : [info]: Robot start

[2023-09-26T08:46:26.429Z] : [error]: IncidentID is not defined

[2023-09-26T08:46:26.771Z] : [info]: Total execution time: 6s 162ms

[2023-09-26T08:46:26.772Z] : [info]: ---------------------------------------------

[2023-09-26T08:46:58.079Z] : [success]: Robot saved successfully

[2023-09-26T08:47:03.198Z] : [success]: Bot started

[2023-09-26T08:47:03.199Z] : [info]: Robot start

[2023-09-26T08:47:12.432Z] : [success]: Bot finished successfully, total execution time: 9s 232ms

[2023-09-26T08:47:12.433Z] : [info]: ---------------------------------------------

[2023-09-26T08:48:25.454Z] : [success]: Robot saved successfully

[2023-09-26T08:48:30.889Z] : [success]: Bot started

[2023-09-26T08:48:30.890Z] : [info]: Robot start

[2023-09-26T08:48:39.072Z] : [error]: Selectors: Cannot access read-only document 'Temp2.xlsx'.

[2023-09-26T08:48:39.419Z] : [info]: Total execution time: 8s 181ms

[2023-09-26T08:48:39.420Z] : [info]: ---------------------------------------------

[2023-09-26T08:48:49.598Z] : [success]: Bot started

[2023-09-26T08:48:49.599Z] : [info]: Robot start

[2023-09-26T08:48:57.822Z] : [success]: Bot finished successfully, total execution time: 8s 221ms

[2023-09-26T08:48:57.823Z] : [info]: ---------------------------------------------

[2023-09-26T08:49:48.486Z] : [success]: Robot saved successfully

[2023-09-26T08:49:55.086Z] : [success]: Bot started

[2023-09-26T08:49:55.088Z] : [info]: Robot start

[2023-09-26T08:50:03.326Z] : [success]: Bot finished successfully, total execution time: 8s 238ms

[2023-09-26T08:50:03.327Z] : [info]: ---------------------------------------------

[2023-09-26T08:52:01.257Z] : [success]: Robot saved successfully

[2023-09-26T08:52:07.952Z] : [success]: Bot started

[2023-09-26T08:52:07.952Z] : [info]: Robot start

[2023-09-26T08:52:16.176Z] : [error]: Selectors: Cannot access read-only document 'Temp2.xlsx'.

[2023-09-26T08:52:16.513Z] : [info]: Total execution time: 8s 222ms

[2023-09-26T08:52:16.513Z] : [info]: ---------------------------------------------

[2023-09-26T08:52:33.840Z] : [success]: Bot started

[2023-09-26T08:52:33.841Z] : [info]: Robot start

[2023-09-26T08:52:42.066Z] : [success]: Bot finished successfully, total execution time: 8s 223ms

[2023-09-26T08:52:42.067Z] : [info]: ---------------------------------------------

[2023-09-26T08:53:06.461Z] : [success]: Bot started

[2023-09-26T08:53:06.463Z] : [info]: Robot start

[2023-09-26T08:53:14.611Z] : [success]: Bot finished successfully, total execution time: 8s 146ms

[2023-09-26T08:53:14.613Z] : [info]: ---------------------------------------------

[2023-09-26T08:53:41.920Z] : [success]: Robot saved successfully

[2023-09-26T08:54:02.555Z] : [info]: ---------------------------------------------

[2023-09-26T08:54:02.555Z] : [success]: Bot started

[2023-09-26T08:54:02.556Z] : [info]: Robot start

[2023-09-26T08:55:01.309Z] : [error]: Selectors: Value cannot be null.
Parameter name: columnName

[2023-09-26T08:55:01.612Z] : [info]: Total execution time: 58s 752ms

[2023-09-26T08:55:01.613Z] : [info]: ---------------------------------------------

[2023-09-26T08:59:42.857Z] : [success]: Robot saved successfully

[2023-09-26T09:00:27.055Z] : [success]: Robot saved successfully

[2023-09-26T09:00:36.592Z] : [success]: Bot started

[2023-09-26T09:00:36.594Z] : [info]: Robot start

[2023-09-26T09:01:37.444Z] : [error]: Selectors: Value cannot be null.
Parameter name: columnName

[2023-09-26T09:01:37.929Z] : [info]: Total execution time: 1m 848ms

[2023-09-26T09:01:37.931Z] : [info]: ---------------------------------------------

