
  ==========================================
  Studio Pro version: 9.6.8
  Started at: 12/18/2023, 1:35:27 PM
  ==========================================
  

[2023-12-18T08:05:50.740Z] : [success]: Rel file saved successfully

[2023-12-18T08:05:50.765Z] : [success]: Rel file saved successfully

[2023-12-18T08:05:50.827Z] : [success]: Robot saved successfully

[2023-12-18T08:53:40.685Z] : [success]: Rel file saved successfully

[2023-12-18T08:53:40.721Z] : [success]: Rel file saved successfully

[2023-12-18T08:53:40.767Z] : [success]: Robot saved successfully

[2023-12-18T08:53:53.597Z] : [success]: Rel file saved successfully

[2023-12-18T08:53:53.628Z] : [success]: Rel file saved successfully

[2023-12-18T08:53:53.675Z] : [success]: Robot saved successfully

[2023-12-18T09:05:00.454Z] : [error]: Cannot read properties of undefined (reading 'attributes')

[2023-12-18T11:39:55.750Z] : [info]: Internet connection // error

[2023-12-18T11:40:04.753Z] : [success]: Connection to our licenses server is restored

[2023-12-18T11:47:52.702Z] : [success]: Rel file saved successfully

[2023-12-18T11:47:52.732Z] : [success]: Rel file saved successfully

[2023-12-18T11:47:52.776Z] : [success]: Robot saved successfully

[2023-12-18T11:47:55.737Z] : [success]: Rel file saved successfully

[2023-12-18T11:47:55.760Z] : [success]: Rel file saved successfully

[2023-12-18T11:47:55.795Z] : [success]: Robot saved successfully

[2023-12-18T11:47:56.204Z] : [success]: Rel file saved successfully

[2023-12-18T11:47:56.219Z] : [success]: Rel file saved successfully

[2023-12-18T11:47:56.241Z] : [success]: Robot saved successfully

[2023-12-18T11:47:56.563Z] : [success]: Rel file saved successfully

[2023-12-18T11:47:56.586Z] : [success]: Rel file saved successfully

[2023-12-18T11:47:56.622Z] : [success]: Robot saved successfully

[2023-12-18T11:47:57.055Z] : [success]: Rel file saved successfully

[2023-12-18T11:47:57.067Z] : [success]: Rel file saved successfully

[2023-12-18T11:47:57.087Z] : [success]: Robot saved successfully

[2023-12-18T11:47:57.366Z] : [success]: Rel file saved successfully

[2023-12-18T11:47:57.385Z] : [success]: Rel file saved successfully

[2023-12-18T11:47:57.404Z] : [success]: Robot saved successfully

[2023-12-18T11:47:57.709Z] : [success]: Rel file saved successfully

[2023-12-18T11:47:57.742Z] : [success]: Rel file saved successfully

[2023-12-18T11:47:57.779Z] : [success]: Robot saved successfully

[2023-12-18T11:47:58.311Z] : [success]: Rel file saved successfully

[2023-12-18T11:47:58.340Z] : [success]: Rel file saved successfully

[2023-12-18T11:47:58.379Z] : [success]: Robot saved successfully

[2023-12-18T11:47:59.017Z] : [success]: Rel file saved successfully

[2023-12-18T11:47:59.050Z] : [success]: Rel file saved successfully

[2023-12-18T11:47:59.094Z] : [success]: Robot saved successfully

[2023-12-18T11:47:59.839Z] : [success]: Rel file saved successfully

[2023-12-18T11:47:59.870Z] : [success]: Rel file saved successfully

[2023-12-18T11:47:59.908Z] : [success]: Robot saved successfully

[2023-12-18T11:48:00.494Z] : [success]: Rel file saved successfully

[2023-12-18T11:48:00.517Z] : [success]: Rel file saved successfully

[2023-12-18T11:48:00.557Z] : [success]: Robot saved successfully

[2023-12-18T11:48:01.022Z] : [success]: Rel file saved successfully

[2023-12-18T11:48:01.040Z] : [success]: Rel file saved successfully

[2023-12-18T11:48:01.068Z] : [success]: Robot saved successfully

[2023-12-18T11:48:01.532Z] : [success]: Rel file saved successfully

[2023-12-18T11:48:01.558Z] : [success]: Rel file saved successfully

[2023-12-18T11:48:01.597Z] : [success]: Robot saved successfully

[2023-12-18T11:48:02.207Z] : [success]: Rel file saved successfully

[2023-12-18T11:48:02.228Z] : [success]: Rel file saved successfully

[2023-12-18T11:48:02.257Z] : [success]: Robot saved successfully

[2023-12-18T11:48:02.774Z] : [success]: Rel file saved successfully

[2023-12-18T11:48:02.801Z] : [success]: Rel file saved successfully

[2023-12-18T11:48:02.833Z] : [success]: Robot saved successfully

[2023-12-18T11:48:03.353Z] : [success]: Rel file saved successfully

[2023-12-18T11:48:03.388Z] : [success]: Rel file saved successfully

[2023-12-18T11:48:03.438Z] : [success]: Robot saved successfully

[2023-12-20T05:26:23.947Z] : [error]: Cannot read properties of null (reading 'type')

