[2023-12-01T07:05:24.146Z] : [success]: Robot saved successfully


  ==========================================
  Studio Pro version: 9.6.8
  Started at: 12/1/2023, 12:35:24 PM
  ==========================================
  

[2023-12-01T07:05:33.754Z] : [info]: Internet connection // error

[2023-12-01T07:08:18.965Z] : [info]: Internet connection // error

[2023-12-01T07:08:20.634Z] : [success]: Bot started

[2023-12-01T07:08:20.635Z] : [info]: Robot start

[2023-12-01T07:08:20.667Z] : [success]: Robot saved successfully

[2023-12-01T07:08:26.494Z] : [success]: Connection to our licenses server is restored

[2023-12-01T07:08:38.920Z] : [error]: This activity failed to execute because the configured timeout was exceeded. Try increasing the timeout value in the parameters section of this activity or consider adjusting the logic of your workflow

[2023-12-01T07:08:40.152Z] : [info]: Total execution time: 18s 285ms

[2023-12-01T07:08:40.154Z] : [info]: ---------------------------------------------

[2023-12-01T07:08:45.325Z] : [info]: Internet connection // error

[2023-12-01T07:09:00.422Z] : [success]: Connection to our licenses server is restored

[2023-12-01T07:09:51.614Z] : [info]: Internet connection // error

[2023-12-01T07:10:00.317Z] : [success]: Connection to our licenses server is restored

[2023-12-01T07:10:51.406Z] : [info]: Internet connection // error

[2023-12-01T07:10:58.922Z] : [success]: Connection to our licenses server is restored

[2023-12-01T07:25:48.126Z] : [info]: Internet connection // error

[2023-12-01T07:26:00.962Z] : [success]: Connection to our licenses server is restored

[2023-12-01T07:26:52.216Z] : [info]: Internet connection // error

[2023-12-01T07:26:59.028Z] : [success]: Connection to our licenses server is restored

[2023-12-01T07:27:51.511Z] : [info]: Internet connection // error

[2023-12-01T07:27:57.023Z] : [success]: Connection to our licenses server is restored

[2023-12-01T07:28:49.096Z] : [info]: Internet connection // error

[2023-12-01T07:29:01.431Z] : [success]: Connection to our licenses server is restored

[2023-12-01T07:29:13.233Z] : [success]: Robot saved successfully

[2023-12-01T07:29:20.295Z] : [info]: Internet connection // error

[2023-12-01T07:29:24.120Z] : [success]: Bot started

[2023-12-01T07:29:24.121Z] : [info]: Robot start

[2023-12-01T07:29:29.148Z] : [success]: Connection to our licenses server is restored

[2023-12-01T07:29:42.962Z] : [error]: This activity failed to execute because the configured timeout was exceeded. Try increasing the timeout value in the parameters section of this activity or consider adjusting the logic of your workflow

[2023-12-01T07:29:44.032Z] : [info]: Total execution time: 18s 840ms

[2023-12-01T07:29:44.033Z] : [info]: ---------------------------------------------

[2023-12-01T07:29:46.460Z] : [info]: Internet connection // error

[2023-12-01T07:29:51.706Z] : [success]: Connection to our licenses server is restored

[2023-12-01T07:29:55.070Z] : [info]: Internet connection // error

[2023-12-01T07:30:02.114Z] : [success]: Connection to our licenses server is restored

[2023-12-01T07:31:19.704Z] : [info]: Internet connection // error

[2023-12-01T07:31:26.349Z] : [success]: Connection to our licenses server is restored

[2023-12-01T07:32:18.774Z] : [info]: Internet connection // error

[2023-12-01T07:32:23.956Z] : [success]: Connection to our licenses server is restored

[2023-12-01T07:33:15.795Z] : [info]: Internet connection // error

[2023-12-01T07:33:27.633Z] : [success]: Connection to our licenses server is restored

[2023-12-01T07:34:19.920Z] : [info]: Internet connection // error

[2023-12-01T07:34:24.258Z] : [success]: Connection to our licenses server is restored

[2023-12-01T07:35:16.285Z] : [info]: Internet connection // error

[2023-12-01T07:35:19.759Z] : [success]: Connection to our licenses server is restored

[2023-12-01T07:35:22.849Z] : [info]: Internet connection // error

[2023-12-01T07:35:28.854Z] : [success]: Connection to our licenses server is restored

[2023-12-01T07:37:29.179Z] : [success]: Robot saved successfully

[2023-12-01T08:42:52.278Z] : [info]: Internet connection // error

[2023-12-01T08:42:58.955Z] : [success]: Connection to our licenses server is restored

[2023-12-01T08:43:51.187Z] : [info]: Internet connection // error

[2023-12-01T08:43:58.148Z] : [success]: Connection to our licenses server is restored

[2023-12-01T08:44:51.130Z] : [info]: Internet connection // error

[2023-12-01T08:45:01.212Z] : [success]: Connection to our licenses server is restored

[2023-12-01T08:45:52.736Z] : [info]: Internet connection // error

[2023-12-01T08:45:58.029Z] : [success]: Connection to our licenses server is restored

[2023-12-01T08:46:50.380Z] : [info]: Internet connection // error

[2023-12-01T08:46:56.486Z] : [success]: Connection to our licenses server is restored

[2023-12-01T08:47:22.374Z] : [info]: Internet connection // error

[2023-12-01T08:47:27.890Z] : [success]: Connection to our licenses server is restored

[2023-12-01T08:47:53.766Z] : [info]: Internet connection // error

[2023-12-01T08:48:01.873Z] : [success]: Connection to our licenses server is restored

[2023-12-01T08:48:53.956Z] : [info]: Internet connection // error

[2023-12-01T08:49:03.195Z] : [success]: Connection to our licenses server is restored

[2023-12-01T08:49:55.182Z] : [info]: Internet connection // error

[2023-12-01T08:50:02.256Z] : [success]: Connection to our licenses server is restored

[2023-12-01T08:50:54.365Z] : [info]: Internet connection // error

[2023-12-01T08:51:00.677Z] : [success]: Connection to our licenses server is restored

[2023-12-01T09:06:19.229Z] : [info]: Internet connection // error

[2023-12-01T09:06:26.736Z] : [success]: Connection to our licenses server is restored

[2023-12-01T09:07:18.808Z] : [info]: Internet connection // error

[2023-12-01T09:07:35.382Z] : [success]: Connection to our licenses server is restored

[2023-12-01T09:09:19.666Z] : [info]: Internet connection // error

[2023-12-01T09:09:34.683Z] : [success]: Connection to our licenses server is restored

[2023-12-01T09:10:50.965Z] : [info]: Internet connection // error

[2023-12-01T09:10:58.455Z] : [success]: Connection to our licenses server is restored

[2023-12-01T09:11:24.103Z] : [info]: Internet connection // error

[2023-12-01T09:11:29.415Z] : [success]: Connection to our licenses server is restored


  ==========================================
  Studio Pro version: 9.6.8
  Started at: 12/1/2023, 3:17:06 PM
  ==========================================
  


  ==========================================
  Studio Pro version: 9.6.8
  Started at: 12/1/2023, 3:25:21 PM
  ==========================================
  

[2023-12-01T09:55:28.743Z] : [info]: Internet connection // error

[2023-12-01T09:55:29.043Z] : [success]: Bot started

[2023-12-01T09:55:29.044Z] : [info]: Robot start

[2023-12-01T09:55:51.039Z] : [error]: This activity failed to execute because the configured timeout was exceeded. Try increasing the timeout value in the parameters section of this activity or consider adjusting the logic of your workflow

[2023-12-01T09:55:53.063Z] : [info]: Total execution time: 21s 994ms

[2023-12-01T09:55:53.064Z] : [info]: ---------------------------------------------

[2023-12-01T09:55:59.416Z] : [success]: Connection to our licenses server is restored

[2023-12-01T09:56:51.631Z] : [info]: Internet connection // error

[2023-12-01T09:57:03.695Z] : [success]: Connection to our licenses server is restored

[2023-12-01T09:57:21.106Z] : [success]: Robot saved successfully

