
  ==========================================
  Studio Pro version: 9.5.18
  Started at: 8/28/2023, 11:12:12 AM
  ==========================================
  

[2023-08-28T05:50:55.178Z] : [success]: Rel file saved successfully

[2023-08-28T05:50:55.224Z] : [info]: ---------------------------------------------

[2023-08-28T05:50:55.224Z] : [success]: Bot started

[2023-08-28T05:50:55.225Z] : [info]: Robot start

[2023-08-28T05:50:55.278Z] : [success]: Robot saved successfully

[2023-08-28T05:51:05.633Z] : [error]: Cannot read properties of undefined (reading 'links_datetime')

[2023-08-28T05:51:06.193Z] : [info]: Total execution time: 10s 407ms

[2023-08-28T05:51:06.194Z] : [info]: ---------------------------------------------

[2023-08-28T05:52:27.440Z] : [success]: Rel file saved successfully

[2023-08-28T05:52:27.455Z] : [success]: Robot saved successfully

[2023-08-28T05:52:32.814Z] : [success]: Bot started

[2023-08-28T05:52:32.815Z] : [info]: Robot start

[2023-08-28T05:52:44.268Z] : [error]: Cannot read properties of undefined (reading 'links_datetime')

[2023-08-28T05:52:44.778Z] : [info]: Total execution time: 11s 453ms

[2023-08-28T05:52:44.778Z] : [info]: ---------------------------------------------

[2023-08-28T05:53:20.387Z] : [error]: Cannot read properties of undefined (reading 'attributes')

