[2023-08-29T08:43:08.463Z] : [success]: Robot saved successfully

[2023-08-29T08:43:08.750Z] : [success]: Robot saved successfully

[2023-08-29T08:44:22.370Z] : [success]: Robot saved successfully

[2023-08-29T08:44:28.881Z] : [success]: Bot started

[2023-08-29T08:44:28.882Z] : [info]: Robot start

[2023-08-29T08:45:03.448Z] : [success]: Bot finished successfully, total execution time: 34s 564ms

[2023-08-29T08:45:03.449Z] : [info]: ---------------------------------------------

[2023-08-29T08:53:07.689Z] : [success]: Robot saved successfully

[2023-08-29T08:53:12.470Z] : [success]: Bot started

[2023-08-29T08:53:12.470Z] : [info]: Robot start

[2023-08-29T08:57:03.997Z] : [success]: Robot saved successfully

[2023-08-29T08:57:09.370Z] : [success]: Bot started

[2023-08-29T08:57:09.370Z] : [info]: Robot start

[2023-08-29T09:04:53.920Z] : [success]: Bot finished successfully, total execution time: 7m 44s 547ms

[2023-08-29T09:04:53.921Z] : [info]: ---------------------------------------------

[2023-08-29T09:04:59.114Z] : [success]: Robot saved successfully

[2023-08-29T09:10:57.454Z] : [success]: Robot saved successfully

[2023-08-29T09:15:15.603Z] : [success]: Robot saved successfully

[2023-08-29T09:16:14.378Z] : [success]: Robot saved successfully

[2023-08-29T09:16:14.754Z] : [success]: Robot saved successfully

[2023-08-29T09:16:15.124Z] : [success]: Robot saved successfully

[2023-08-29T09:16:15.482Z] : [success]: Robot saved successfully

[2023-08-29T09:16:15.896Z] : [success]: Robot saved successfully

[2023-08-29T09:16:16.263Z] : [success]: Robot saved successfully

[2023-08-29T09:17:10.474Z] : [success]: Bot started

[2023-08-29T09:17:10.476Z] : [info]: Robot start

[2023-08-29T09:25:22.857Z] : [success]: Bot started

[2023-08-29T09:25:22.858Z] : [info]: Robot start

[2023-08-29T09:25:22.897Z] : [success]: Robot saved successfully

[2023-08-29T09:26:14.424Z] : [success]: Bot finished successfully, total execution time: 51s 563ms

[2023-08-29T09:26:14.425Z] : [info]: ---------------------------------------------

[2023-08-29T09:28:16.210Z] : [success]: Bot started

[2023-08-29T09:28:16.212Z] : [info]: Robot start

[2023-08-29T09:29:10.370Z] : [success]: Bot finished successfully, total execution time: 54s 154ms

[2023-08-29T09:29:10.372Z] : [info]: ---------------------------------------------


  ==========================================
  Studio Pro version: 9.5.18
  Started at: 8/29/2023, 3:21:12 PM
  ==========================================
  

[2023-08-29T09:51:23.018Z] : [success]: Robot saved successfully

[2023-08-29T09:51:27.718Z] : [success]: Bot started

[2023-08-29T09:51:27.719Z] : [info]: Robot start

[2023-08-29T09:51:42.484Z] : [info]: Tweet 0 has no replies.

[2023-08-29T09:51:46.782Z] : [info]: Tweet 1 has no replies.

[2023-08-29T09:51:50.993Z] : [info]: Tweet 2 has no replies.

[2023-08-29T09:52:00.457Z] : [warn]: Keep in mind that it is good practice to set different names for variables. If a global and a local variable have the same name, the local one may shadow the global one. In case, you want to keep the names alike, we recommend you enable the Clear variables before execution option or add a lowercase “g” to the global one

[2023-08-29T09:52:02.984Z] : [success]: Bot finished successfully, total execution time: 35s 262ms

[2023-08-29T09:52:02.985Z] : [info]: ---------------------------------------------

[2023-08-29T09:54:33.979Z] : [success]: Bot started

[2023-08-29T09:54:33.980Z] : [info]: Robot start

[2023-08-29T09:54:34.053Z] : [success]: Robot saved successfully

[2023-08-29T09:55:01.800Z] : [warn]: Keep in mind that it is good practice to set different names for variables. If a global and a local variable have the same name, the local one may shadow the global one. In case, you want to keep the names alike, we recommend you enable the Clear variables before execution option or add a lowercase “g” to the global one

[2023-08-29T09:55:36.609Z] : [success]: Robot saved successfully

[2023-08-29T09:55:41.724Z] : [success]: Bot started

[2023-08-29T09:55:41.725Z] : [info]: Robot start

[2023-08-29T09:55:58.880Z] : [warn]: Keep in mind that it is good practice to set different names for variables. If a global and a local variable have the same name, the local one may shadow the global one. In case, you want to keep the names alike, we recommend you enable the Clear variables before execution option or add a lowercase “g” to the global one

