
  ==========================================
  Studio Pro version: 9.5.18
  Started at: 9/4/2023, 12:15:55 PM
  ==========================================
  

[2023-09-04T06:50:10.413Z] : [success]: Robot saved successfully

[2023-09-04T06:54:31.716Z] : [success]: Robot saved successfully

[2023-09-04T06:56:37.479Z] : [success]: Robot saved successfully

[2023-09-04T06:56:52.570Z] : [success]: Robot saved successfully

[2023-09-04T06:56:59.876Z] : [info]: ---------------------------------------------

[2023-09-04T06:56:59.877Z] : [success]: Bot started

[2023-09-04T06:56:59.878Z] : [info]: Robot start

[2023-09-04T06:57:28.646Z] : [error]: No elements were found according to your selection. It may happen because of a wrong selector or because the element takes more time to appear on the screen. Try modifying the selector or increasing the element timeout and run the bot again

[2023-09-04T06:57:28.939Z] : [info]: Total execution time: 28s 768ms

[2023-09-04T06:57:28.940Z] : [info]: ---------------------------------------------

[2023-09-04T06:58:57.688Z] : [success]: Robot saved successfully

[2023-09-04T07:01:54.597Z] : [success]: Connection to our licenses server is restored

[2023-09-04T07:02:23.936Z] : [info]: Internet connection // error

[2023-09-04T07:03:32.920Z] : [success]: Connection to our licenses server is restored

[2023-09-04T07:04:53.249Z] : [info]: Internet connection // error

[2023-09-04T07:13:53.048Z] : [success]: Connection to our licenses server is restored

[2023-09-04T07:21:08.108Z] : [info]: Internet connection // error

[2023-09-04T07:21:08.292Z] : [success]: Bot started

[2023-09-04T07:21:08.293Z] : [info]: Robot start

[2023-09-04T07:21:51.727Z] : [success]: Bot finished successfully, total execution time: 43s 434ms

[2023-09-04T07:21:51.728Z] : [info]: ---------------------------------------------

[2023-09-04T07:34:48.332Z] : [success]: Robot saved successfully

[2023-09-04T07:35:55.735Z] : [success]: Robot saved successfully

[2023-09-04T07:36:15.320Z] : [success]: Robot saved successfully

[2023-09-04T07:37:13.260Z] : [success]: Bot started

[2023-09-04T07:37:13.260Z] : [info]: Robot start

[2023-09-04T07:37:48.885Z] : [error]: Selectors: Error converting value "Internet Access" to type 'System.Collections.Generic.IDictionary`2[System.String,System.String][]'. Path 'A', line 1, position 22.

[2023-09-04T07:37:49.319Z] : [info]: Total execution time: 35s 623ms

[2023-09-04T07:37:49.320Z] : [info]: ---------------------------------------------

[2023-09-04T07:39:51.494Z] : [success]: Robot saved successfully

[2023-09-04T08:00:49.397Z] : [success]: Robot saved successfully

[2023-09-04T08:01:06.497Z] : [success]: Robot saved successfully

[2023-09-04T08:01:13.911Z] : [success]: Bot started

[2023-09-04T08:01:13.912Z] : [info]: Robot start

[2023-09-04T08:01:48.409Z] : [error]: Selectors: Element property 'Internet Access' not found.


[2023-09-04T08:01:48.711Z] : [info]: Total execution time: 34s 496ms

[2023-09-04T08:01:48.712Z] : [info]: ---------------------------------------------

[2023-09-04T08:02:49.420Z] : [success]: Robot saved successfully

[2023-09-04T08:03:32.734Z] : [success]: Robot saved successfully

[2023-09-04T08:03:55.381Z] : [success]: Bot started

[2023-09-04T08:03:55.383Z] : [info]: Robot start

[2023-09-04T08:04:32.782Z] : [error]: Selectors: Element property 'Internet Access' not found.


[2023-09-04T08:04:33.053Z] : [info]: Total execution time: 37s 398ms

[2023-09-04T08:04:33.054Z] : [info]: ---------------------------------------------

[2023-09-04T08:06:00.478Z] : [success]: Robot saved successfully

[2023-09-04T08:06:08.424Z] : [success]: Robot saved successfully

[2023-09-04T08:06:16.282Z] : [success]: Bot started

[2023-09-04T08:06:16.282Z] : [info]: Robot start

[2023-09-04T08:06:54.829Z] : [error]: Selectors: Element property 'Client Credentials' not found.


[2023-09-04T08:06:55.143Z] : [info]: Total execution time: 38s 547ms

[2023-09-04T08:06:55.143Z] : [info]: ---------------------------------------------

[2023-09-04T08:09:49.130Z] : [success]: Robot saved successfully

[2023-09-04T08:10:19.409Z] : [success]: Bot started

[2023-09-04T08:10:19.410Z] : [info]: Robot start

[2023-09-04T08:11:24.231Z] : [success]: Bot finished successfully, total execution time: 1m 4s 821ms

[2023-09-04T08:11:24.232Z] : [info]: ---------------------------------------------

