
  ==========================================
  Studio Pro version: 9.5.18
  Started at: 8/24/2023, 2:49:55 PM
  ==========================================
  


  ==========================================
  Studio Pro version: 9.5.18
  Started at: 8/24/2023, 2:51:54 PM
  ==========================================
  


  ==========================================
  Studio Pro version: 9.5.18
  Started at: 8/24/2023, 2:53:23 PM
  ==========================================
  

[2023-08-24T09:32:04.973Z] : [success]: Robot saved successfully

[2023-08-24T09:32:05.423Z] : [info]: ---------------------------------------------

[2023-08-24T09:32:05.424Z] : [success]: Bot started

[2023-08-24T09:32:05.426Z] : [info]: Robot start

[2023-08-24T09:33:25.883Z] : [success]: Bot finished successfully, total execution time: 1m 20s 452ms

[2023-08-24T09:33:25.886Z] : [info]: ---------------------------------------------

[2023-08-24T09:41:52.535Z] : [success]: Robot saved successfully

[2023-08-24T09:42:00.421Z] : [success]: Bot started

[2023-08-24T09:42:00.424Z] : [info]: Robot start

[2023-08-24T09:43:39.854Z] : [success]: Bot finished successfully, total execution time: 1m 39s 427ms

[2023-08-24T09:43:39.856Z] : [info]: ---------------------------------------------

[2023-08-24T09:43:54.847Z] : [success]: Robot saved successfully

[2023-08-24T09:43:55.309Z] : [success]: Bot started

[2023-08-24T09:43:55.310Z] : [info]: Robot start

[2023-08-24T09:45:14.222Z] : [error]: No elements were found according to your selection. It may happen because of a wrong selector or because the element takes more time to appear on the screen. Try modifying the selector or increasing the element timeout and run the bot again.

[2023-08-24T09:45:14.483Z] : [info]: Total execution time: 1m 18s 912ms

[2023-08-24T09:45:14.484Z] : [info]: ---------------------------------------------

[2023-08-24T09:49:09.364Z] : [success]: Robot saved successfully

[2023-08-24T09:49:14.239Z] : [success]: Bot started

[2023-08-24T09:49:14.240Z] : [info]: Robot start

[2023-08-24T09:50:51.202Z] : [success]: Bot finished successfully, total execution time: 1m 36s 958ms

[2023-08-24T09:50:51.203Z] : [info]: ---------------------------------------------

[2023-08-24T09:51:33.635Z] : [success]: Bot started

[2023-08-24T09:51:33.636Z] : [info]: Robot start

[2023-08-24T09:53:05.627Z] : [success]: Bot finished successfully, total execution time: 1m 31s 987ms

[2023-08-24T09:53:05.628Z] : [info]: ---------------------------------------------

[2023-08-24T09:55:42.789Z] : [success]: Robot saved successfully

[2023-08-24T09:55:51.458Z] : [success]: Robot saved successfully

[2023-08-24T09:55:51.629Z] : [success]: Robot saved successfully

[2023-08-24T09:55:51.875Z] : [success]: Robot saved successfully

[2023-08-24T09:55:52.032Z] : [success]: Robot saved successfully

[2023-08-24T09:55:52.327Z] : [success]: Robot saved successfully

[2023-08-24T09:55:52.521Z] : [success]: Robot saved successfully


  ==========================================
  Studio Pro version: 9.5.18
  Started at: 8/24/2023, 3:26:35 PM
  ==========================================
  

