
  ==========================================
  Studio Pro version: 9.6.8
  Started at: 12/1/2023, 9:09:36 PM
  ==========================================
  

[2023-12-01T15:44:32.824Z] : [success]: Connection to our licenses server is restored

[2023-12-01T15:45:24.941Z] : [info]: Internet connection // error

[2023-12-01T15:45:30.057Z] : [success]: Connection to our licenses server is restored

[2023-12-01T15:46:22.049Z] : [info]: Internet connection // error

[2023-12-01T15:46:34.571Z] : [success]: Connection to our licenses server is restored

[2023-12-01T15:46:38.910Z] : [success]: Robot saved successfully

[2023-12-01T15:46:40.625Z] : [success]: Robot saved successfully

[2023-12-01T15:46:52.775Z] : [success]: Robot saved successfully

[2023-12-01T15:47:43.197Z] : [success]: Robot saved successfully


  ==========================================
  Studio Pro version: 9.6.8
  Started at: 12/1/2023, 10:31:57 PM
  ==========================================
  

[2023-12-01T17:02:24.917Z] : [info]: Internet connection // error

[2023-12-01T17:02:34.800Z] : [success]: Connection to our licenses server is restored

[2023-12-01T17:03:26.026Z] : [info]: Internet connection // error

[2023-12-01T17:03:34.388Z] : [success]: Connection to our licenses server is restored

[2023-12-01T17:04:26.644Z] : [info]: Internet connection // error

[2023-12-01T17:04:33.334Z] : [success]: Connection to our licenses server is restored

[2023-12-01T17:05:25.582Z] : [info]: Internet connection // error

[2023-12-01T17:05:34.594Z] : [success]: Connection to our licenses server is restored

