
  ==========================================
  Studio Pro version: 9.6.8
  Started at: 11/30/2023, 8:44:16 PM
  ==========================================
  

[2023-11-30T15:28:12.307Z] : [success]: Robot saved successfully

[2023-11-30T15:28:21.917Z] : [success]: Robot saved successfully

[2023-11-30T15:28:26.966Z] : [info]: ---------------------------------------------

[2023-11-30T15:28:26.967Z] : [success]: Bot started

[2023-11-30T15:28:26.968Z] : [info]: Robot start

[2023-11-30T15:28:30.787Z] : [success]: Bot finished successfully, total execution time: 3s 819ms

[2023-11-30T15:28:30.789Z] : [info]: ---------------------------------------------

[2023-11-30T15:29:18.117Z] : [success]: Robot saved successfully

[2023-11-30T15:29:24.533Z] : [success]: Bot started

[2023-11-30T15:29:24.534Z] : [info]: Robot start

[2023-11-30T15:30:17.994Z] : [error]: Selectors: Nothing found

[2023-11-30T15:30:18.396Z] : [info]: Total execution time: 53s 459ms

[2023-11-30T15:30:18.397Z] : [info]: ---------------------------------------------

[2023-11-30T15:31:52.157Z] : [success]: Robot saved successfully

[2023-11-30T15:32:26.827Z] : [success]: Robot saved successfully

[2023-11-30T15:34:00.198Z] : [success]: Robot saved successfully

[2023-11-30T15:34:00.400Z] : [success]: Bot started

[2023-11-30T15:34:00.401Z] : [info]: Robot start

[2023-11-30T15:34:51.427Z] : [error]: Script Stopped.

[2023-11-30T15:34:51.908Z] : [info]: Total execution time: 51s 25ms

[2023-11-30T15:34:51.909Z] : [info]: ---------------------------------------------

[2023-11-30T15:37:27.787Z] : [success]: Robot saved successfully

[2023-11-30T15:39:52.243Z] : [success]: Robot saved successfully

[2023-11-30T15:50:02.311Z] : [success]: Robot saved successfully

[2023-11-30T15:50:06.742Z] : [success]: Robot saved successfully

[2023-11-30T15:50:09.443Z] : [success]: Robot saved successfully

