[2023-08-30T09:27:19.092Z] : [error]: Script Stopped.


  ==========================================
  Studio Pro version: 9.5.18
  Started at: 8/30/2023, 2:57:19 PM
  ==========================================
  

[2023-08-30T09:27:19.510Z] : [info]: Total execution time: 36s 518ms

[2023-08-30T09:27:19.511Z] : [info]: ---------------------------------------------

[2023-08-30T09:28:55.096Z] : [error]: Script Stopped.


  ==========================================
  Studio Pro version: 9.5.18
  Started at: 8/30/2023, 2:58:55 PM
  ==========================================
  

[2023-08-30T09:28:55.297Z] : [info]: Total execution time: 51s 230ms

[2023-08-30T09:28:55.298Z] : [info]: ---------------------------------------------

[2023-08-30T09:29:23.758Z] : [error]: Script Stopped.


  ==========================================
  Studio Pro version: 9.5.18
  Started at: 8/30/2023, 2:59:23 PM
  ==========================================
  

[2023-08-30T09:29:23.948Z] : [info]: Total execution time: 17s 667ms

[2023-08-30T09:29:23.948Z] : [info]: ---------------------------------------------

[2023-08-30T09:29:47.097Z] : [error]: Script Stopped.


  ==========================================
  Studio Pro version: 9.5.18
  Started at: 8/30/2023, 2:59:47 PM
  ==========================================
  

[2023-08-30T09:29:47.260Z] : [info]: Total execution time: 16s 744ms

[2023-08-30T09:29:47.260Z] : [info]: ---------------------------------------------

[2023-08-30T09:30:26.917Z] : [error]: Script Stopped.


  ==========================================
  Studio Pro version: 9.5.18
  Started at: 8/30/2023, 3:00:26 PM
  ==========================================
  

[2023-08-30T09:30:27.087Z] : [info]: Total execution time: 18s 681ms

[2023-08-30T09:30:27.088Z] : [info]: ---------------------------------------------

[2023-08-30T09:32:19.174Z] : [error]: Script Stopped.


  ==========================================
  Studio Pro version: 9.5.18
  Started at: 8/30/2023, 3:02:19 PM
  ==========================================
  

[2023-08-30T09:32:19.501Z] : [info]: Total execution time: 31s 507ms

[2023-08-30T09:32:19.503Z] : [info]: ---------------------------------------------

[2023-08-30T09:35:35.616Z] : [success]: Bot started

[2023-08-30T09:35:35.617Z] : [info]: Robot start

[2023-08-30T09:35:48.290Z] : [error]: Script Stopped.

[2023-08-30T09:35:48.558Z] : [info]: Total execution time: 12s 672ms

[2023-08-30T09:35:48.558Z] : [info]: ---------------------------------------------

