[2023-08-30T05:28:16.935Z] : [error]: Script Stopped.


  ==========================================
  Studio Pro version: 9.5.18
  Started at: 8/30/2023, 10:58:17 AM
  ==========================================
  

[2023-08-30T05:28:17.242Z] : [info]: Total execution time: 16s 777ms

[2023-08-30T05:28:17.243Z] : [info]: ---------------------------------------------

[2023-08-30T05:28:56.953Z] : [error]: Selectors: Sorry, we couldn't find D:\automation\BOT\IntelliDocs - Utility Bills Processing\Utilities.xlsx. Is it possible it was moved, renamed or deleted?


  ==========================================
  Studio Pro version: 9.5.18
  Started at: 8/30/2023, 10:58:57 AM
  ==========================================
  

[2023-08-30T05:28:57.440Z] : [info]: Total execution time: 17s 798ms

[2023-08-30T05:28:57.441Z] : [info]: ---------------------------------------------

[2023-08-30T05:45:22.647Z] : [success]: Bot started

[2023-08-30T05:45:22.648Z] : [info]: Robot start

[2023-08-30T05:45:39.942Z] : [info]: Energy

[2023-08-30T05:45:44.315Z] : [success]: Bot finished successfully, total execution time: 21s 664ms

[2023-08-30T05:45:44.317Z] : [info]: ---------------------------------------------

[2023-08-30T05:51:00.881Z] : [success]: Robot saved successfully

