
  ==========================================
  Studio Pro version: 9.5.18
  Started at: 8/31/2023, 2:41:56 PM
  ==========================================
  

[2023-08-31T09:14:00.746Z] : [error]: Cannot read properties of undefined (reading 'value')

[2023-08-31T09:14:02.133Z] : [info]: Total execution time: 12s 678ms

[2023-08-31T09:14:02.134Z] : [info]: ---------------------------------------------

[2023-08-31T09:27:08.455Z] : [success]: Robot saved successfully

[2023-08-31T09:28:39.226Z] : [error]: Cannot read properties of undefined (reading 'value')


  ==========================================
  Studio Pro version: 9.5.18
  Started at: 8/31/2023, 2:58:39 PM
  ==========================================
  

[2023-08-31T09:28:39.894Z] : [info]: Total execution time: 12s 378ms

[2023-08-31T09:28:39.895Z] : [info]: ---------------------------------------------

[2023-08-31T09:33:05.462Z] : [success]: Robot saved successfully


  ==========================================
  Studio Pro version: 9.5.18
  Started at: 8/31/2023, 3:09:02 PM
  ==========================================
  

[2023-08-31T09:41:53.875Z] : [success]: Robot saved successfully

