
  ==========================================
  Studio Pro version: 8.7.11
  Started at: 12/9/2022, 10:45:48 AM
  ==========================================
  

[2022-12-09T17:54:41.436Z] : [success]: Robot saved successfully

[2022-12-09T17:54:41.546Z] : [info]: ---------------------------------------------

[2022-12-09T17:54:41.548Z] : [success]: Bot started

[2022-12-09T17:54:41.549Z] : [info]: Robot start

[2022-12-09T17:54:53.232Z] : [success]: Bot finished successfully, total execution time: 11s 682ms

[2022-12-09T17:54:53.234Z] : [info]: ---------------------------------------------

[2022-12-09T17:55:21.944Z] : [success]: The workflow has been exported successfully

[2022-12-09T17:56:56.087Z] : [warn]: There is a small amount of free memory (RAM) left, 90.47% of RAM is being used (7274 MBs). The performance of Studio Pro and bots during execution may be unstable. Close applications that are not being used, increase the memory, or optimize the workflow.

[2022-12-09T18:01:56.068Z] : [warn]: There is a small amount of free memory (RAM) left, 90.98% of RAM is being used (7315 MBs). The performance of Studio Pro and bots during execution may be unstable. Close applications that are not being used, increase the memory, or optimize the workflow.

[2022-12-09T18:04:56.091Z] : [warn]: There is a small amount of free memory (RAM) left, 92.62% of RAM is being used (7447 MBs). The performance of Studio Pro and bots during execution may be unstable. Close applications that are not being used, increase the memory, or optimize the workflow.

[2022-12-09T18:30:16.650Z] : [success]: Robot saved successfully

[2022-12-09T18:30:16.831Z] : [info]: ---------------------------------------------

[2022-12-09T18:30:16.832Z] : [success]: Bot started

[2022-12-09T18:30:16.834Z] : [info]: Robot start

[2022-12-09T18:30:21.548Z] : [success]: Bot finished successfully, total execution time: 4s 710ms

[2022-12-09T18:30:21.550Z] : [info]: ---------------------------------------------

[2022-12-09T18:32:38.324Z] : [success]: Robot saved successfully

[2022-12-09T18:32:38.561Z] : [success]: Bot started

[2022-12-09T18:32:38.562Z] : [info]: Robot start

[2022-12-09T18:32:43.948Z] : [success]: Bot finished successfully, total execution time: 5s 384ms

[2022-12-09T18:32:43.950Z] : [info]: ---------------------------------------------

[2022-12-09T18:34:32.259Z] : [success]: Robot saved successfully

[2022-12-09T18:34:32.475Z] : [success]: Bot started

[2022-12-09T18:34:32.477Z] : [info]: Robot start

[2022-12-09T18:34:38.778Z] : [success]: Bot finished successfully, total execution time: 6s 299ms

[2022-12-09T18:34:38.782Z] : [info]: ---------------------------------------------

[2022-12-09T18:39:17.583Z] : [success]: Robot saved successfully

[2022-12-09T18:39:17.931Z] : [success]: Bot started

[2022-12-09T18:39:17.933Z] : [info]: Robot start

[2022-12-09T18:39:43.660Z] : [success]: Bot finished successfully, total execution time: 25s 723ms

[2022-12-09T18:39:43.663Z] : [info]: ---------------------------------------------

[2022-12-09T18:40:02.553Z] : [error]: Cannot read properties of null (reading 'type')

