
  ==========================================
  Studio Pro version: 8.7.11
  Started at: 12/16/2022, 2:23:16 PM
  ==========================================
  

[2022-12-16T21:27:26.792Z] : [success]: Robot saved successfully

[2022-12-16T21:27:26.856Z] : [info]: ---------------------------------------------

[2022-12-16T21:27:26.856Z] : [success]: Bot started

[2022-12-16T21:27:26.856Z] : [info]: Robot start

[2022-12-16T21:27:28.909Z] : [success]: Bot finished successfully, total execution time: 2s 53ms

[2022-12-16T21:27:28.910Z] : [info]: ---------------------------------------------

[2022-12-16T21:29:48.556Z] : [success]: Robot saved successfully

[2022-12-16T21:29:48.607Z] : [success]: Bot started

[2022-12-16T21:29:48.608Z] : [info]: Robot start

[2022-12-16T21:29:52.694Z] : [success]: Bot finished successfully, total execution time: 4s 85ms

[2022-12-16T21:29:52.695Z] : [info]: ---------------------------------------------

[2022-12-16T21:31:46.507Z] : [success]: Robot saved successfully

[2022-12-16T21:31:46.555Z] : [success]: Bot started

[2022-12-16T21:31:46.555Z] : [info]: Robot start

[2022-12-16T21:31:49.625Z] : [success]: Bot finished successfully, total execution time: 3s 69ms

[2022-12-16T21:31:49.626Z] : [info]: ---------------------------------------------

[2022-12-16T21:37:06.866Z] : [success]: Robot saved successfully

[2022-12-16T21:37:06.932Z] : [success]: Bot started

[2022-12-16T21:37:06.933Z] : [info]: Robot start

[2022-12-16T21:37:36.338Z] : [success]: Bot finished successfully, total execution time: 29s 403ms

[2022-12-16T21:37:36.338Z] : [info]: ---------------------------------------------

