
  ==========================================
  Studio Pro version: 9.6.8
  Started at: 12/18/2023, 11:01:36 AM
  ==========================================
  

[2023-12-18T05:48:01.584Z] : [success]: Robot saved successfully

[2023-12-18T05:48:15.919Z] : [success]: Robot saved successfully

[2023-12-18T05:48:21.440Z] : [success]: Bot started

[2023-12-18T05:48:21.442Z] : [info]: Robot start

[2023-12-18T05:49:18.093Z] : [error]: Too Many Requests

[2023-12-18T05:49:20.816Z] : [info]: Total execution time: 56s 649ms

[2023-12-18T05:49:20.818Z] : [info]: ---------------------------------------------

[2023-12-18T05:50:20.136Z] : [success]: Robot saved successfully

[2023-12-18T05:51:52.412Z] : [success]: Robot saved successfully

[2023-12-18T05:51:57.064Z] : [success]: Bot started

[2023-12-18T05:51:57.065Z] : [info]: Robot start

[2023-12-18T05:52:58.765Z] : [error]: Too Many Requests

[2023-12-18T05:53:00.515Z] : [info]: Total execution time: 1m 1s 698ms

[2023-12-18T05:53:00.517Z] : [info]: ---------------------------------------------

[2023-12-18T05:53:33.036Z] : [success]: Robot saved successfully

[2023-12-18T05:53:37.600Z] : [success]: Bot started

[2023-12-18T05:53:37.601Z] : [info]: Robot start

[2023-12-18T05:54:30.497Z] : [error]: Too Many Requests

[2023-12-18T05:54:31.979Z] : [info]: Total execution time: 52s 894ms

[2023-12-18T05:54:31.980Z] : [info]: ---------------------------------------------

[2023-12-18T05:54:37.824Z] : [success]: Robot saved successfully

