
  ==========================================
  Studio Pro version: 9.6.8
  Started at: 12/1/2023, 9:18:22 PM
  ==========================================
  

[2023-12-01T15:48:52.487Z] : [info]: Internet connection // error

[2023-12-01T15:48:57.829Z] : [success]: Connection to our licenses server is restored

[2023-12-01T15:49:24.572Z] : [info]: Internet connection // error

[2023-12-01T15:49:30.337Z] : [success]: Connection to our licenses server is restored

[2023-12-01T15:50:22.448Z] : [info]: Internet connection // error

[2023-12-01T15:50:33.419Z] : [success]: Connection to our licenses server is restored

[2023-12-01T15:51:25.018Z] : [info]: Internet connection // error

[2023-12-01T15:51:32.349Z] : [success]: Connection to our licenses server is restored

[2023-12-01T15:52:24.633Z] : [info]: Internet connection // error

[2023-12-01T15:52:30.917Z] : [success]: Connection to our licenses server is restored

[2023-12-01T15:53:23.168Z] : [info]: Internet connection // error

[2023-12-01T15:53:29.024Z] : [success]: Connection to our licenses server is restored

[2023-12-01T15:54:42.006Z] : [success]: Robot saved successfully

[2023-12-01T15:55:00.168Z] : [success]: Robot saved successfully

[2023-12-01T15:55:07.548Z] : [success]: Robot saved successfully

[2023-12-01T15:55:19.434Z] : [success]: Robot saved successfully

[2023-12-01T15:55:20.721Z] : [success]: Robot saved successfully

