
  ==========================================
  Studio Pro version: 9.6.8
  Started at: 2/15/2024, 10:37:52 AM
  ==========================================
  

[2024-02-15T05:09:39.640Z] : [success]: Robot saved successfully

[2024-02-15T05:09:44.893Z] : [info]: ---------------------------------------------

[2024-02-15T05:09:44.893Z] : [success]: Bot started

[2024-02-15T05:09:44.894Z] : [info]: Robot start

[2024-02-15T05:09:48.253Z] : [success]: Bot finished successfully, total execution time: 3s 356ms

[2024-02-15T05:09:48.254Z] : [info]: ---------------------------------------------

[2024-02-15T05:10:40.049Z] : [success]: Robot saved successfully

[2024-02-15T05:10:45.221Z] : [success]: Bot started

[2024-02-15T05:10:45.221Z] : [info]: Robot start

[2024-02-15T05:10:51.328Z] : [success]: Bot finished successfully, total execution time: 6s 105ms

[2024-02-15T05:10:51.329Z] : [info]: ---------------------------------------------

[2024-02-15T05:11:17.393Z] : [success]: Robot saved successfully

[2024-02-15T05:11:22.815Z] : [success]: Bot started

[2024-02-15T05:11:22.816Z] : [info]: Robot start

[2024-02-15T05:11:30.987Z] : [success]: Bot finished successfully, total execution time: 8s 169ms

[2024-02-15T05:11:30.988Z] : [info]: ---------------------------------------------

[2024-02-15T05:11:43.702Z] : [success]: Robot saved successfully

[2024-02-15T05:11:49.005Z] : [success]: Bot started

[2024-02-15T05:11:49.006Z] : [info]: Robot start

[2024-02-15T05:11:55.130Z] : [success]: Bot finished successfully, total execution time: 6s 121ms

[2024-02-15T05:11:55.131Z] : [info]: ---------------------------------------------

[2024-02-15T05:12:06.317Z] : [success]: Robot saved successfully

[2024-02-15T05:12:11.386Z] : [success]: Bot started

[2024-02-15T05:12:11.387Z] : [info]: Robot start

[2024-02-15T05:12:16.500Z] : [success]: Bot finished successfully, total execution time: 5s 111ms

[2024-02-15T05:12:16.501Z] : [info]: ---------------------------------------------

[2024-02-15T05:12:27.740Z] : [success]: Robot saved successfully

[2024-02-15T05:12:33.240Z] : [success]: Bot started

[2024-02-15T05:12:33.240Z] : [info]: Robot start

[2024-02-15T05:12:38.336Z] : [success]: Bot finished successfully, total execution time: 5s 94ms

[2024-02-15T05:12:38.336Z] : [info]: ---------------------------------------------

[2024-02-15T05:12:46.967Z] : [success]: Robot saved successfully

[2024-02-15T05:12:52.223Z] : [success]: Bot started

[2024-02-15T05:12:52.224Z] : [info]: Robot start

[2024-02-15T05:12:57.319Z] : [success]: Bot finished successfully, total execution time: 5s 93ms

[2024-02-15T05:12:57.320Z] : [info]: ---------------------------------------------

[2024-02-15T05:15:37.018Z] : [success]: Robot saved successfully

[2024-02-15T05:15:42.386Z] : [success]: Bot started

[2024-02-15T05:15:42.387Z] : [info]: Robot start

[2024-02-15T05:15:48.514Z] : [success]: Bot finished successfully, total execution time: 6s 125ms

[2024-02-15T05:15:48.515Z] : [info]: ---------------------------------------------

[2024-02-15T05:16:08.958Z] : [success]: Robot saved successfully

[2024-02-15T05:16:14.121Z] : [success]: Bot started

[2024-02-15T05:16:14.122Z] : [info]: Robot start

[2024-02-15T05:16:19.241Z] : [success]: Bot finished successfully, total execution time: 5s 117ms

[2024-02-15T05:16:19.241Z] : [info]: ---------------------------------------------

[2024-02-15T05:16:30.075Z] : [success]: Robot saved successfully

[2024-02-15T05:16:35.324Z] : [success]: Robot saved successfully

[2024-02-15T05:16:35.485Z] : [success]: Bot started

[2024-02-15T05:16:35.486Z] : [info]: Robot start

[2024-02-15T05:16:53.334Z] : [success]: Bot finished successfully, total execution time: 17s 846ms

[2024-02-15T05:16:53.335Z] : [info]: ---------------------------------------------

[2024-02-15T05:16:57.273Z] : [success]: Robot saved successfully

[2024-02-15T05:17:05.750Z] : [success]: Robot saved successfully

[2024-02-15T05:17:11.595Z] : [success]: Bot started

[2024-02-15T05:17:11.597Z] : [info]: Robot start

[2024-02-15T05:17:23.812Z] : [success]: Bot finished successfully, total execution time: 12s 214ms

[2024-02-15T05:17:23.812Z] : [info]: ---------------------------------------------

[2024-02-15T05:17:28.552Z] : [success]: Robot saved successfully

[2024-02-15T05:17:33.877Z] : [success]: Bot started

[2024-02-15T05:17:33.878Z] : [info]: Robot start

[2024-02-15T05:17:40.997Z] : [success]: Bot finished successfully, total execution time: 7s 116ms

[2024-02-15T05:17:40.998Z] : [info]: ---------------------------------------------

[2024-02-15T05:18:00.371Z] : [success]: Robot saved successfully

[2024-02-15T05:18:05.810Z] : [success]: Bot started

[2024-02-15T05:18:05.811Z] : [info]: Robot start

[2024-02-15T05:18:13.972Z] : [success]: Bot finished successfully, total execution time: 8s 159ms

[2024-02-15T05:18:13.973Z] : [info]: ---------------------------------------------

[2024-02-15T05:20:36.592Z] : [success]: Robot saved successfully

[2024-02-15T05:20:41.998Z] : [success]: Bot started

[2024-02-15T05:20:41.999Z] : [info]: Robot start

[2024-02-15T05:20:47.136Z] : [success]: Bot finished successfully, total execution time: 5s 135ms

[2024-02-15T05:20:47.137Z] : [info]: ---------------------------------------------

[2024-02-15T05:22:22.616Z] : [success]: Robot saved successfully

[2024-02-15T05:22:27.997Z] : [success]: Bot started

[2024-02-15T05:22:27.998Z] : [info]: Robot start

[2024-02-15T05:22:30.108Z] : [error]: json is not defined

[2024-02-15T05:22:30.404Z] : [info]: Total execution time: 2s 110ms

[2024-02-15T05:22:30.404Z] : [info]: ---------------------------------------------

[2024-02-15T05:22:46.374Z] : [success]: Robot saved successfully

[2024-02-15T05:22:47.938Z] : [success]: Robot saved successfully

[2024-02-15T05:22:53.162Z] : [success]: Bot started

[2024-02-15T05:22:53.162Z] : [info]: Robot start

[2024-02-15T05:22:55.269Z] : [error]: JSON.loads is not a function

[2024-02-15T05:22:55.538Z] : [info]: Total execution time: 2s 107ms

[2024-02-15T05:22:55.538Z] : [info]: ---------------------------------------------

[2024-02-15T05:24:14.821Z] : [success]: Robot saved successfully

[2024-02-15T05:24:25.020Z] : [success]: Robot saved successfully

[2024-02-15T05:24:27.105Z] : [success]: Robot saved successfully

[2024-02-15T05:24:32.506Z] : [success]: Bot started

[2024-02-15T05:24:32.507Z] : [info]: Robot start

[2024-02-15T05:24:38.624Z] : [success]: Bot finished successfully, total execution time: 6s 115ms

[2024-02-15T05:24:38.625Z] : [info]: ---------------------------------------------

[2024-02-15T05:25:10.001Z] : [success]: Robot saved successfully

[2024-02-15T05:25:14.330Z] : [success]: Robot saved successfully

[2024-02-15T05:26:14.644Z] : [success]: Robot saved successfully

[2024-02-15T05:26:16.426Z] : [success]: Robot saved successfully

[2024-02-15T05:26:38.536Z] : [success]: Robot saved successfully

[2024-02-15T05:27:08.943Z] : [success]: Robot saved successfully

[2024-02-15T05:27:19.395Z] : [success]: Robot saved successfully

[2024-02-15T05:28:21.035Z] : [success]: Robot saved successfully

[2024-02-15T05:28:26.475Z] : [success]: Robot saved successfully

[2024-02-15T05:36:15.294Z] : [success]: Robot saved successfully

[2024-02-15T05:36:21.200Z] : [success]: Bot started

[2024-02-15T05:36:21.201Z] : [info]: Robot start

[2024-02-15T05:36:24.372Z] : [success]: Bot finished successfully, total execution time: 3s 168ms

[2024-02-15T05:36:24.373Z] : [info]: ---------------------------------------------

