
  ==========================================
  Studio Pro version: 9.3.15
  Started at: 4/28/2023, 1:27:23 PM
  ==========================================
  

[2023-04-28T10:32:54.452Z] : [success]: Robot saved successfully

[2023-04-28T10:32:54.542Z] : [info]: ---------------------------------------------

[2023-04-28T10:32:54.543Z] : [success]: Bot started

[2023-04-28T10:32:54.544Z] : [info]: Robot start

[2023-04-28T10:32:57.701Z] : [error]: login event received from electroneekrpa.zendesk.com but no credentials provided

[2023-04-28T10:32:58.134Z] : [info]: Total execution time: 3s 157ms

[2023-04-28T10:32:58.136Z] : [info]: ---------------------------------------------


  ==========================================
  Studio Pro version: 9.3.15
  Started at: 4/28/2023, 1:38:47 PM
  ==========================================
  

[2023-04-28T10:40:57.868Z] : [success]: Robot saved successfully

[2023-04-28T10:40:57.981Z] : [success]: Bot started

[2023-04-28T10:40:57.982Z] : [info]: Robot start

[2023-04-28T10:41:01.123Z] : [error]: login event received from electroneekrpa.zendesk.com but no credentials provided

[2023-04-28T10:41:01.463Z] : [info]: Total execution time: 3s 141ms

[2023-04-28T10:41:01.464Z] : [info]: ---------------------------------------------

[2023-04-28T10:41:14.121Z] : [success]: Robot saved successfully

[2023-04-28T10:41:14.181Z] : [success]: Bot started

[2023-04-28T10:41:14.181Z] : [info]: Robot start

[2023-04-28T10:41:16.279Z] : [error]: login event received from electroneekrpa.zendesk.com but no credentials provided

[2023-04-28T10:41:16.594Z] : [info]: Total execution time: 2s 97ms

[2023-04-28T10:41:16.595Z] : [info]: ---------------------------------------------

[2023-04-28T10:41:38.594Z] : [success]: Robot saved successfully


  ==========================================
  Studio Pro version: 9.3.15
  Started at: 4/28/2023, 1:42:07 PM
  ==========================================
  

[2023-04-28T10:42:24.410Z] : [success]: Robot saved successfully

[2023-04-28T10:42:24.482Z] : [success]: Bot started

[2023-04-28T10:42:24.482Z] : [info]: Robot start

[2023-04-28T10:42:26.622Z] : [error]: login event received from electroneekrpa.zendesk.com but no credentials provided

[2023-04-28T10:42:26.971Z] : [info]: Total execution time: 2s 140ms

[2023-04-28T10:42:26.972Z] : [info]: ---------------------------------------------

[2023-04-28T10:43:21.677Z] : [success]: Robot saved successfully

[2023-04-28T10:43:21.737Z] : [success]: Bot started

[2023-04-28T10:43:21.737Z] : [info]: Robot start

[2023-04-28T10:43:25.871Z] : [success]: Bot finished successfully, total execution time: 4s 133ms

[2023-04-28T10:43:25.872Z] : [info]: ---------------------------------------------

[2023-04-28T10:44:20.694Z] : [success]: Robot saved successfully

