[2023-09-25T13:46:38.276Z] : [info]: Internet connection // error


  ==========================================
  Studio Pro version: 9.5.18
  Started at: 9/25/2023, 7:16:38 PM
  ==========================================
  

[2023-09-25T13:46:45.924Z] : [success]: Robot saved successfully

[2023-09-25T13:49:01.358Z] : [success]: Rel file saved successfully

[2023-09-25T13:49:01.368Z] : [success]: Robot saved successfully

[2023-09-25T13:49:45.635Z] : [success]: Rel file saved successfully

[2023-09-25T13:49:45.647Z] : [success]: Robot saved successfully

[2023-09-25T13:49:52.429Z] : [info]: ---------------------------------------------

[2023-09-25T13:49:52.429Z] : [success]: Bot started

[2023-09-25T13:49:52.438Z] : [info]: Robot start

[2023-09-25T13:50:30.174Z] : [success]: Bot finished successfully, total execution time: 37s 736ms

[2023-09-25T13:50:30.176Z] : [info]: ---------------------------------------------

[2023-09-25T13:51:46.397Z] : [success]: Rel file saved successfully

[2023-09-25T13:51:46.412Z] : [success]: Robot saved successfully

[2023-09-25T13:51:51.636Z] : [success]: Bot started

[2023-09-25T13:51:51.638Z] : [info]: Robot start

[2023-09-25T13:52:27.341Z] : [success]: Bot finished successfully, total execution time: 35s 703ms

[2023-09-25T13:52:27.342Z] : [info]: ---------------------------------------------

[2023-09-26T05:00:05.972Z] : [success]: Connection to our licenses server is restored

[2023-09-26T05:00:15.980Z] : [error]: Cannot read properties of null (reading 'type')

