
  ==========================================
  Studio Pro version: 9.5.18
  Started at: 9/22/2023, 3:44:50 PM
  ==========================================
  

[2023-09-22T10:15:06.504Z] : [success]: Robot saved successfully

[2023-09-22T10:15:10.510Z] : [info]: ---------------------------------------------

[2023-09-22T10:15:10.511Z] : [success]: Bot started

[2023-09-22T10:15:10.512Z] : [info]: Robot start

[2023-09-22T10:15:13.998Z] : [error]: Invalid credentials (Failure)

[2023-09-22T10:15:14.876Z] : [info]: Total execution time: 3s 486ms

[2023-09-22T10:15:14.877Z] : [info]: ---------------------------------------------

[2023-09-22T10:15:37.669Z] : [success]: Robot saved successfully

[2023-09-22T10:15:41.381Z] : [success]: Bot started

[2023-09-22T10:15:41.382Z] : [info]: Robot start

[2023-09-22T10:15:44.720Z] : [error]: Invalid credentials (Failure)

[2023-09-22T10:15:45.450Z] : [info]: Total execution time: 3s 338ms

[2023-09-22T10:15:45.452Z] : [info]: ---------------------------------------------

[2023-09-22T10:18:15.286Z] : [success]: Robot saved successfully

[2023-09-22T10:18:19.301Z] : [success]: Bot started

[2023-09-22T10:18:19.302Z] : [info]: Robot start

[2023-09-22T10:18:23.757Z] : [error]: Invalid credentials (Failure)

[2023-09-22T10:18:25.111Z] : [info]: Total execution time: 4s 454ms

[2023-09-22T10:18:25.113Z] : [info]: ---------------------------------------------

[2023-09-22T10:20:33.675Z] : [success]: Robot saved successfully


  ==========================================
  Studio Pro version: 9.5.18
  Started at: 9/22/2023, 4:49:45 PM
  ==========================================
  

