
  ==========================================
  Studio Pro version: 9.6.8
  Started at: 4/15/2024, 1:37:19 PM
  ==========================================
  

[2024-04-15T08:07:25.005Z] : [success]: Robot saved successfully

[2024-04-15T08:07:30.560Z] : [success]: Bot started

[2024-04-15T08:07:30.561Z] : [info]: Robot start

[2024-04-15T08:08:15.563Z] : [error]: Script Stopped.

[2024-04-15T08:08:15.867Z] : [info]: ---------------------------------------------

[2024-04-15T08:08:23.625Z] : [success]: Robot saved successfully

[2024-04-15T08:08:35.046Z] : [success]: Robot saved successfully

[2024-04-15T08:08:42.070Z] : [success]: Bot started

[2024-04-15T08:08:42.072Z] : [info]: Robot start

[2024-04-15T08:09:00.697Z] : [error]: Selectors: Nothing found

[2024-04-15T08:09:01.650Z] : [info]: Total execution time: 18s 624ms

[2024-04-15T08:09:01.651Z] : [info]: ---------------------------------------------

[2024-04-15T08:11:39.903Z] : [success]: Robot saved successfully

[2024-04-15T08:12:00.459Z] : [success]: Robot saved successfully

[2024-04-15T08:12:04.708Z] : [success]: Robot saved successfully

[2024-04-15T08:12:05.439Z] : [success]: Robot saved successfully

[2024-04-15T08:12:05.677Z] : [success]: Robot saved successfully


  ==========================================
  Studio Pro version: 9.6.8
  Started at: 4/15/2024, 2:21:28 PM
  ==========================================
  

[2024-04-15T08:51:31.857Z] : [success]: Robot saved successfully

[2024-04-15T08:51:56.481Z] : [success]: Robot saved successfully

[2024-04-15T08:52:05.770Z] : [success]: Robot saved successfully

[2024-04-15T08:52:14.792Z] : [success]: Bot started

[2024-04-15T08:52:14.794Z] : [info]: Robot start

[2024-04-15T08:52:39.410Z] : [error]: Selectors: Nothing found

[2024-04-15T08:52:40.321Z] : [info]: Total execution time: 24s 614ms

[2024-04-15T08:52:40.322Z] : [info]: ---------------------------------------------

[2024-04-15T09:04:56.351Z] : [success]: Robot saved successfully

[2024-04-15T09:05:03.142Z] : [success]: Bot started

[2024-04-15T09:05:03.143Z] : [info]: Robot start

[2024-04-15T09:05:30.982Z] : [error]: Selectors: Nothing found

[2024-04-15T09:05:31.767Z] : [info]: Total execution time: 27s 838ms

[2024-04-15T09:05:31.768Z] : [info]: ---------------------------------------------

[2024-04-15T09:07:52.851Z] : [success]: Robot saved successfully

[2024-04-15T09:08:02.721Z] : [success]: Bot started

[2024-04-15T09:08:02.722Z] : [info]: Robot start

[2024-04-15T09:08:42.781Z] : [error]: Selectors: Nothing found

[2024-04-15T09:08:43.808Z] : [info]: Total execution time: 40s 58ms

[2024-04-15T09:08:43.809Z] : [info]: ---------------------------------------------

[2024-04-15T09:09:47.145Z] : [success]: Robot saved successfully

[2024-04-15T09:10:24.845Z] : [success]: Robot saved successfully

[2024-04-15T09:10:35.207Z] : [success]: Bot started

[2024-04-15T09:10:35.208Z] : [info]: Robot start

[2024-04-15T09:10:46.511Z] : [success]: Bot finished successfully, total execution time: 11s 298ms

[2024-04-15T09:10:46.512Z] : [info]: ---------------------------------------------

[2024-04-15T09:11:08.377Z] : [success]: Robot saved successfully

[2024-04-15T09:11:08.923Z] : [success]: Robot saved successfully

[2024-04-15T09:11:09.132Z] : [success]: Robot saved successfully

[2024-04-15T09:11:15.226Z] : [success]: Robot saved successfully

[2024-04-15T09:11:32.644Z] : [success]: Robot saved successfully

[2024-04-15T09:11:41.003Z] : [success]: Bot started

[2024-04-15T09:11:41.005Z] : [info]: Robot start

[2024-04-15T09:12:25.412Z] : [error]: Selectors: Nothing found

[2024-04-15T09:12:26.491Z] : [info]: Total execution time: 44s 405ms

[2024-04-15T09:12:26.492Z] : [info]: ---------------------------------------------

[2024-04-15T09:14:16.003Z] : [success]: Robot saved successfully

[2024-04-15T09:15:01.618Z] : [success]: Robot saved successfully

[2024-04-15T09:15:13.262Z] : [success]: Bot started

[2024-04-15T09:15:13.263Z] : [info]: Robot start

[2024-04-15T09:15:58.605Z] : [error]: Selectors: Nothing found

[2024-04-15T09:15:59.855Z] : [info]: Total execution time: 45s 340ms

[2024-04-15T09:15:59.857Z] : [info]: ---------------------------------------------

[2024-04-15T09:16:40.301Z] : [success]: Robot saved successfully

[2024-04-15T09:16:52.448Z] : [success]: Robot saved successfully

[2024-04-15T09:17:00.076Z] : [success]: Bot started

[2024-04-15T09:17:00.078Z] : [info]: Robot start

[2024-04-15T09:17:21.247Z] : [error]: Selectors: Nothing found

[2024-04-15T09:17:22.340Z] : [info]: Total execution time: 21s 168ms

[2024-04-15T09:17:22.342Z] : [info]: ---------------------------------------------

[2024-04-15T09:18:26.778Z] : [success]: Robot saved successfully

[2024-04-15T09:18:33.464Z] : [success]: Robot saved successfully

[2024-04-15T09:18:40.025Z] : [success]: Robot saved successfully

[2024-04-15T09:19:12.322Z] : [success]: Robot saved successfully

[2024-04-15T09:19:20.988Z] : [success]: Bot started

[2024-04-15T09:19:20.990Z] : [info]: Robot start

[2024-04-15T09:20:23.855Z] : [success]: Bot finished successfully, total execution time: 1m 2s 854ms

[2024-04-15T09:20:23.859Z] : [info]: ---------------------------------------------

