
  ==========================================
  Studio Pro version: 9.5.18
  Started at: 9/11/2023, 11:37:40 AM
  ==========================================
  

[2023-09-11T06:29:39.744Z] : [success]: Robot saved successfully

[2023-09-11T06:29:57.354Z] : [success]: Bot started

[2023-09-11T06:29:57.355Z] : [info]: Robot start

[2023-09-11T06:30:14.045Z] : [error]: Selectors: Nothing found

[2023-09-11T06:30:14.351Z] : [info]: Total execution time: 16s 689ms

[2023-09-11T06:30:14.351Z] : [info]: ---------------------------------------------

[2023-09-11T06:31:48.786Z] : [success]: Robot saved successfully

[2023-09-11T06:32:00.844Z] : [success]: Bot started

[2023-09-11T06:32:00.853Z] : [info]: Robot start

[2023-09-11T06:32:31.296Z] : [success]: Bot finished successfully, total execution time: 30s 443ms

[2023-09-11T06:32:31.298Z] : [info]: ---------------------------------------------

[2023-09-11T06:34:56.035Z] : [success]: Robot saved successfully

[2023-09-11T06:35:04.599Z] : [success]: Robot saved successfully

[2023-09-11T06:35:12.340Z] : [success]: Bot started

[2023-09-11T06:35:12.341Z] : [info]: Robot start

[2023-09-11T06:35:28.624Z] : [error]: Selectors: Nothing found

[2023-09-11T06:35:28.902Z] : [info]: Total execution time: 16s 281ms

[2023-09-11T06:35:28.903Z] : [info]: ---------------------------------------------

[2023-09-11T06:38:05.735Z] : [success]: Robot saved successfully

[2023-09-11T06:40:12.010Z] : [success]: Robot saved successfully

[2023-09-11T06:40:12.509Z] : [success]: Robot saved successfully

[2023-09-11T06:40:12.780Z] : [success]: Robot saved successfully

[2023-09-11T06:40:53.145Z] : [success]: Bot started

[2023-09-11T06:40:53.146Z] : [info]: Robot start

[2023-09-11T06:41:10.928Z] : [error]: Selectors: Nothing found

[2023-09-11T06:41:11.261Z] : [info]: Total execution time: 17s 780ms

[2023-09-11T06:41:11.262Z] : [info]: ---------------------------------------------

[2023-09-11T06:45:09.044Z] : [success]: Robot saved successfully

[2023-09-11T06:46:02.261Z] : [success]: Robot saved successfully

[2023-09-11T06:46:17.315Z] : [success]: Robot saved successfully

[2023-09-11T06:46:50.564Z] : [success]: Robot saved successfully

[2023-09-11T06:47:04.168Z] : [success]: Bot started

[2023-09-11T06:47:04.169Z] : [info]: Robot start

[2023-09-11T06:47:22.534Z] : [error]: Selectors: Nothing found

[2023-09-11T06:47:22.844Z] : [info]: Total execution time: 18s 363ms

[2023-09-11T06:47:22.845Z] : [info]: ---------------------------------------------

[2023-09-11T08:15:43.784Z] : [success]: Connection to our licenses server is restored

[2023-09-11T08:16:55.232Z] : [success]: Robot saved successfully

[2023-09-11T08:17:40.707Z] : [info]: Internet connection // error

[2023-09-11T08:17:40.809Z] : [success]: Bot started

[2023-09-11T08:17:40.810Z] : [info]: Robot start

[2023-09-11T08:18:00.185Z] : [error]: Selectors: Nothing found

[2023-09-11T08:18:00.528Z] : [info]: Total execution time: 19s 374ms

[2023-09-11T08:18:00.530Z] : [info]: ---------------------------------------------

[2023-09-11T08:18:55.873Z] : [success]: Robot saved successfully

[2023-09-11T08:19:16.707Z] : [success]: Bot started

[2023-09-11T08:19:16.708Z] : [info]: Robot start

[2023-09-11T08:19:36.079Z] : [error]: Selectors: Nothing found

[2023-09-11T08:19:36.391Z] : [info]: Total execution time: 19s 370ms

[2023-09-11T08:19:36.392Z] : [info]: ---------------------------------------------

[2023-09-11T08:20:12.317Z] : [success]: Robot saved successfully

[2023-09-11T08:20:51.578Z] : [success]: Robot saved successfully

[2023-09-11T08:21:04.066Z] : [success]: Bot started

[2023-09-11T08:21:04.067Z] : [info]: Robot start

[2023-09-11T08:21:22.424Z] : [error]: Selectors: Nothing found

[2023-09-11T08:21:22.758Z] : [info]: Total execution time: 18s 356ms

[2023-09-11T08:21:22.759Z] : [info]: ---------------------------------------------

[2023-09-11T08:22:26.017Z] : [success]: Robot saved successfully

[2023-09-11T08:22:36.043Z] : [success]: Robot saved successfully

[2023-09-11T08:22:53.767Z] : [success]: Bot started

[2023-09-11T08:22:53.768Z] : [info]: Robot start

[2023-09-11T08:23:14.136Z] : [error]: Selectors: Nothing found

[2023-09-11T08:23:14.498Z] : [info]: Total execution time: 20s 367ms

[2023-09-11T08:23:14.499Z] : [info]: ---------------------------------------------

[2023-09-11T08:23:30.094Z] : [success]: Robot saved successfully

[2023-09-11T08:23:45.468Z] : [success]: Bot started

[2023-09-11T08:23:45.469Z] : [info]: Robot start

[2023-09-11T08:24:06.879Z] : [error]: Selectors: Nothing found

[2023-09-11T08:24:07.181Z] : [info]: Total execution time: 21s 410ms

[2023-09-11T08:24:07.182Z] : [info]: ---------------------------------------------

[2023-09-11T08:25:36.963Z] : [success]: Robot saved successfully

[2023-09-11T08:25:49.923Z] : [success]: Robot saved successfully

[2023-09-11T08:26:17.629Z] : [success]: Bot started

[2023-09-11T08:26:17.630Z] : [info]: Robot start

[2023-09-11T08:26:40.067Z] : [error]: Selectors: Nothing found

[2023-09-11T08:26:40.436Z] : [info]: Total execution time: 22s 435ms

[2023-09-11T08:26:40.436Z] : [info]: ---------------------------------------------

[2023-09-11T08:29:47.236Z] : [success]: Robot saved successfully

[2023-09-11T08:30:02.272Z] : [success]: Robot saved successfully

[2023-09-11T08:30:37.839Z] : [success]: Robot saved successfully

[2023-09-11T08:30:37.986Z] : [success]: Bot started

[2023-09-11T08:30:37.987Z] : [info]: Robot start

[2023-09-11T08:31:05.745Z] : [success]: Bot finished successfully, total execution time: 27s 757ms

[2023-09-11T08:31:05.745Z] : [info]: ---------------------------------------------

[2023-09-11T08:39:41.311Z] : [success]: The workflow has been exported successfully

