
  ==========================================
  Studio Pro version: 9.2.8
  Started at: 3/15/2023, 1:43:41 PM
  ==========================================
  

[2023-03-15T19:45:30.074Z] : [success]: Robot saved successfully

[2023-03-15T19:45:30.124Z] : [info]: ---------------------------------------------

[2023-03-15T19:45:30.124Z] : [success]: Bot started

[2023-03-15T19:45:30.124Z] : [info]: Robot start

[2023-03-15T19:45:35.258Z] : [success]: Bot finished successfully, total execution time: 5s 132ms

[2023-03-15T19:45:35.259Z] : [info]: ---------------------------------------------

[2023-03-15T19:46:21.774Z] : [success]: Robot saved successfully

[2023-03-15T19:46:21.835Z] : [success]: Bot started

[2023-03-15T19:46:21.838Z] : [info]: Robot start

[2023-03-15T19:46:25.939Z] : [success]: Bot finished successfully, total execution time: 4s 99ms

[2023-03-15T19:46:25.940Z] : [info]: ---------------------------------------------

[2023-03-15T19:47:20.756Z] : [success]: Robot saved successfully

[2023-03-15T19:47:20.813Z] : [success]: Bot started

[2023-03-15T19:47:20.814Z] : [info]: Robot start

[2023-03-15T19:47:26.934Z] : [success]: Bot finished successfully, total execution time: 6s 117ms

[2023-03-15T19:47:26.935Z] : [info]: ---------------------------------------------

[2023-03-15T19:49:48.122Z] : [success]: Robot saved successfully

[2023-03-15T19:49:48.144Z] : [error]: Activity parameters required: Click on image

[2023-03-15T19:49:48.145Z] : [info]: ---------------------------------------------

[2023-03-15T19:49:57.075Z] : [success]: Robot saved successfully

[2023-03-15T19:49:57.127Z] : [success]: Bot started

[2023-03-15T19:49:57.128Z] : [info]: Robot start

[2023-03-15T19:50:03.273Z] : [success]: Bot finished successfully, total execution time: 6s 143ms

[2023-03-15T19:50:03.275Z] : [info]: ---------------------------------------------

[2023-03-15T19:52:02.570Z] : [success]: Robot saved successfully

[2023-03-15T19:52:02.640Z] : [success]: Bot started

[2023-03-15T19:52:02.640Z] : [info]: Robot start

[2023-03-15T19:52:09.771Z] : [success]: Bot finished successfully, total execution time: 7s 130ms

[2023-03-15T19:52:09.772Z] : [info]: ---------------------------------------------

[2023-03-15T20:11:43.182Z] : [success]: Robot saved successfully

[2023-03-15T20:11:43.241Z] : [success]: Bot started

[2023-03-15T20:11:43.242Z] : [info]: Robot start

[2023-03-15T20:11:55.458Z] : [success]: Bot finished successfully, total execution time: 12s 215ms

[2023-03-15T20:11:55.459Z] : [info]: ---------------------------------------------

[2023-03-15T20:12:27.004Z] : [success]: Bot started

[2023-03-15T20:12:27.004Z] : [info]: Robot start

[2023-03-15T20:12:39.168Z] : [success]: Bot finished successfully, total execution time: 12s 163ms

[2023-03-15T20:12:39.169Z] : [info]: ---------------------------------------------

[2023-03-15T20:13:38.034Z] : [success]: Robot saved successfully

[2023-03-15T20:13:38.089Z] : [success]: Bot started

[2023-03-15T20:13:38.090Z] : [info]: Robot start

[2023-03-15T20:13:45.246Z] : [error]: Selectors: Nothing found

[2023-03-15T20:13:45.247Z] : [info]: Total execution time: 7s 156ms

[2023-03-15T20:13:45.248Z] : [info]: ---------------------------------------------

[2023-03-15T20:14:03.912Z] : [success]: Bot started

[2023-03-15T20:14:03.913Z] : [info]: Robot start

[2023-03-15T20:14:11.029Z] : [error]: Selectors: Nothing found

[2023-03-15T20:14:11.031Z] : [info]: Total execution time: 7s 116ms

[2023-03-15T20:14:11.031Z] : [info]: ---------------------------------------------

[2023-03-15T20:15:42.940Z] : [success]: Robot saved successfully

[2023-03-15T20:15:42.993Z] : [success]: Bot started

[2023-03-15T20:15:42.994Z] : [info]: Robot start

[2023-03-15T20:15:50.145Z] : [error]: Selectors: Nothing found

[2023-03-15T20:15:50.149Z] : [info]: Total execution time: 7s 150ms

[2023-03-15T20:15:50.150Z] : [info]: ---------------------------------------------

[2023-03-15T20:17:03.899Z] : [success]: Bot started

[2023-03-15T20:17:03.900Z] : [info]: Robot start

[2023-03-15T20:17:11.046Z] : [error]: Selectors: Nothing found

[2023-03-15T20:17:11.047Z] : [info]: Total execution time: 7s 145ms

[2023-03-15T20:17:11.048Z] : [info]: ---------------------------------------------

[2023-03-15T20:17:56.989Z] : [success]: Robot saved successfully

[2023-03-15T20:17:57.045Z] : [success]: Bot started

[2023-03-15T20:17:57.045Z] : [info]: Robot start

[2023-03-15T20:18:04.188Z] : [error]: Selectors: Nothing found

[2023-03-15T20:18:04.190Z] : [info]: Total execution time: 7s 143ms

[2023-03-15T20:18:04.190Z] : [info]: ---------------------------------------------

[2023-03-15T20:20:09.312Z] : [success]: Robot saved successfully

[2023-03-15T20:20:09.393Z] : [success]: Bot started

[2023-03-15T20:20:09.394Z] : [info]: Robot start

[2023-03-15T20:20:25.628Z] : [success]: Bot finished successfully, total execution time: 16s 233ms

[2023-03-15T20:20:25.629Z] : [info]: ---------------------------------------------

[2023-03-15T20:20:58.253Z] : [success]: Robot saved successfully

[2023-03-15T20:20:58.298Z] : [success]: Bot started

[2023-03-15T20:20:58.299Z] : [info]: Robot start

[2023-03-15T20:21:05.418Z] : [error]: Selectors: Nothing found

[2023-03-15T20:21:05.419Z] : [info]: Total execution time: 7s 118ms

[2023-03-15T20:21:05.419Z] : [info]: ---------------------------------------------

[2023-03-15T20:21:22.031Z] : [success]: Robot saved successfully

[2023-03-15T20:21:22.079Z] : [success]: Bot started

[2023-03-15T20:21:22.079Z] : [info]: Robot start

[2023-03-15T20:21:36.260Z] : [success]: Bot finished successfully, total execution time: 14s 180ms

[2023-03-15T20:21:36.260Z] : [info]: ---------------------------------------------

[2023-03-15T20:26:46.723Z] : [success]: Robot saved successfully

[2023-03-15T20:26:46.791Z] : [success]: Bot started

[2023-03-15T20:26:46.791Z] : [info]: Robot start

[2023-03-15T20:27:01.002Z] : [success]: Bot finished successfully, total execution time: 14s 209ms

[2023-03-15T20:27:01.003Z] : [info]: ---------------------------------------------

[2023-03-15T20:29:04.465Z] : [success]: Robot saved successfully

[2023-03-15T20:29:04.519Z] : [success]: Bot started

[2023-03-15T20:29:04.520Z] : [info]: Robot start

[2023-03-15T20:29:20.738Z] : [error]: Selectors: Nothing found

[2023-03-15T20:29:20.739Z] : [info]: Total execution time: 16s 217ms

[2023-03-15T20:29:20.739Z] : [info]: ---------------------------------------------

[2023-03-15T20:29:54.425Z] : [success]: Bot started

[2023-03-15T20:29:54.426Z] : [info]: Robot start

[2023-03-15T20:30:10.673Z] : [success]: Bot finished successfully, total execution time: 16s 247ms

[2023-03-15T20:30:10.674Z] : [info]: ---------------------------------------------

[2023-03-15T20:37:30.163Z] : [success]: Robot saved successfully

[2023-03-15T20:37:30.225Z] : [success]: Bot started

[2023-03-15T20:37:30.225Z] : [info]: Robot start

[2023-03-15T20:37:49.517Z] : [error]: Selectors: Failed to allocate 221333784 bytes

[2023-03-15T20:37:49.520Z] : [info]: Total execution time: 19s 292ms

[2023-03-15T20:37:49.521Z] : [info]: ---------------------------------------------

[2023-03-15T20:38:22.593Z] : [success]: Robot saved successfully

[2023-03-15T20:38:22.657Z] : [success]: Bot started

[2023-03-15T20:38:22.658Z] : [info]: Robot start

[2023-03-15T20:38:26.746Z] : [success]: Bot finished successfully, total execution time: 4s 87ms

[2023-03-15T20:38:26.747Z] : [info]: ---------------------------------------------

