
  ==========================================
  Studio Pro version: 9.2.8
  Started at: 3/16/2023, 10:00:03 AM
  ==========================================
  

[2023-03-16T16:05:43.024Z] : [success]: Robot saved successfully

[2023-03-16T16:05:43.084Z] : [info]: ---------------------------------------------

[2023-03-16T16:05:43.085Z] : [success]: Bot started

[2023-03-16T16:05:43.085Z] : [info]: Robot start

[2023-03-16T16:06:00.354Z] : [error]: Selectors: Nothing found

[2023-03-16T16:06:00.355Z] : [info]: Total execution time: 17s 268ms

[2023-03-16T16:06:00.364Z] : [info]: ---------------------------------------------

[2023-03-16T16:07:35.857Z] : [success]: Robot saved successfully

[2023-03-16T16:07:35.923Z] : [success]: Bot started

[2023-03-16T16:07:35.924Z] : [info]: Robot start

[2023-03-16T16:07:52.169Z] : [error]: Selectors: Nothing found

[2023-03-16T16:07:52.170Z] : [info]: Total execution time: 16s 244ms

[2023-03-16T16:07:52.171Z] : [info]: ---------------------------------------------

[2023-03-16T16:08:05.444Z] : [success]: Robot saved successfully

[2023-03-16T16:08:05.507Z] : [success]: Bot started

[2023-03-16T16:08:05.507Z] : [info]: Robot start

[2023-03-16T16:08:08.572Z] : [success]: Bot finished successfully, total execution time: 3s 65ms

[2023-03-16T16:08:08.573Z] : [info]: ---------------------------------------------

[2023-03-16T16:08:24.899Z] : [success]: Robot saved successfully

[2023-03-16T16:08:24.963Z] : [success]: Bot started

[2023-03-16T16:08:24.963Z] : [info]: Robot start

[2023-03-16T16:08:28.043Z] : [success]: Bot finished successfully, total execution time: 3s 78ms

[2023-03-16T16:08:28.043Z] : [info]: ---------------------------------------------

[2023-03-16T16:08:42.871Z] : [success]: Robot saved successfully

[2023-03-16T16:08:42.934Z] : [success]: Bot started

[2023-03-16T16:08:42.935Z] : [info]: Robot start

[2023-03-16T16:08:46.004Z] : [success]: Bot finished successfully, total execution time: 3s 68ms

[2023-03-16T16:08:46.005Z] : [info]: ---------------------------------------------

[2023-03-16T16:09:07.679Z] : [success]: Robot saved successfully

[2023-03-16T16:09:32.358Z] : [success]: Bot started

[2023-03-16T16:09:32.359Z] : [info]: Robot start

[2023-03-16T16:09:48.662Z] : [success]: Bot finished successfully, total execution time: 16s 301ms

[2023-03-16T16:09:48.664Z] : [info]: ---------------------------------------------

[2023-03-16T16:10:36.389Z] : [success]: The workflow has been exported successfully

