
  ==========================================
  Studio Pro version: 9.6.8
  Started at: 3/22/2024, 1:20:44 PM
  ==========================================
  

[2024-03-22T07:50:54.414Z] : [success]: Robot saved successfully

[2024-03-22T07:51:15.080Z] : [success]: Bot started

[2024-03-22T07:51:15.082Z] : [info]: Robot start

[2024-03-22T07:53:05.642Z] : [success]: Bot finished successfully, total execution time: 1m 50s 553ms

[2024-03-22T07:53:05.645Z] : [info]: ---------------------------------------------

[2024-03-22T08:18:35.365Z] : [warn]: There is a small amount of free memory (RAM) left, 91.09% of RAM is being used (14697 MBs). The performance of Studio Pro and bots during execution may be unstable. Close applications that are not being used, increase the memory, or optimize the workflow.

[2024-03-22T08:21:35.413Z] : [warn]: There is a small amount of free memory (RAM) left, 90.85% of RAM is being used (14659 MBs). The performance of Studio Pro and bots during execution may be unstable. Close applications that are not being used, increase the memory, or optimize the workflow.

[2024-03-22T09:29:05.332Z] : [warn]: There is a small amount of free memory (RAM) left, 91.24% of RAM is being used (14721 MBs). The performance of Studio Pro and bots during execution may be unstable. Close applications that are not being used, increase the memory, or optimize the workflow.

[2024-03-22T09:32:05.373Z] : [warn]: There is a small amount of free memory (RAM) left, 91.09% of RAM is being used (14698 MBs). The performance of Studio Pro and bots during execution may be unstable. Close applications that are not being used, increase the memory, or optimize the workflow.

[2024-03-22T09:38:05.321Z] : [warn]: There is a small amount of free memory (RAM) left, 91.42% of RAM is being used (14750 MBs). The performance of Studio Pro and bots during execution may be unstable. Close applications that are not being used, increase the memory, or optimize the workflow.

[2024-03-22T09:39:35.315Z] : [warn]: There is a small amount of free memory (RAM) left, 90.56% of RAM is being used (14612 MBs). The performance of Studio Pro and bots during execution may be unstable. Close applications that are not being used, increase the memory, or optimize the workflow.

[2024-03-22T09:41:35.381Z] : [warn]: There is a small amount of free memory (RAM) left, 90.96% of RAM is being used (14677 MBs). The performance of Studio Pro and bots during execution may be unstable. Close applications that are not being used, increase the memory, or optimize the workflow.

[2024-03-22T09:44:05.310Z] : [warn]: There is a small amount of free memory (RAM) left, 90.18% of RAM is being used (14550 MBs). The performance of Studio Pro and bots during execution may be unstable. Close applications that are not being used, increase the memory, or optimize the workflow.

[2024-03-22T09:47:05.279Z] : [warn]: There is a small amount of free memory (RAM) left, 90.73% of RAM is being used (14640 MBs). The performance of Studio Pro and bots during execution may be unstable. Close applications that are not being used, increase the memory, or optimize the workflow.

[2024-03-22T09:50:35.352Z] : [warn]: There is a small amount of free memory (RAM) left, 91.04% of RAM is being used (14689 MBs). The performance of Studio Pro and bots during execution may be unstable. Close applications that are not being used, increase the memory, or optimize the workflow.

[2024-03-22T09:52:05.283Z] : [warn]: There is a small amount of free memory (RAM) left, 90.37% of RAM is being used (14582 MBs). The performance of Studio Pro and bots during execution may be unstable. Close applications that are not being used, increase the memory, or optimize the workflow.

[2024-03-22T10:00:05.337Z] : [warn]: There is a small amount of free memory (RAM) left, 90.72% of RAM is being used (14637 MBs). The performance of Studio Pro and bots during execution may be unstable. Close applications that are not being used, increase the memory, or optimize the workflow.

[2024-03-22T10:01:35.357Z] : [warn]: There is a small amount of free memory (RAM) left, 90.36% of RAM is being used (14580 MBs). The performance of Studio Pro and bots during execution may be unstable. Close applications that are not being used, increase the memory, or optimize the workflow.

[2024-03-22T10:04:35.437Z] : [warn]: There is a small amount of free memory (RAM) left, 90.99% of RAM is being used (14681 MBs). The performance of Studio Pro and bots during execution may be unstable. Close applications that are not being used, increase the memory, or optimize the workflow.

[2024-03-22T10:17:35.190Z] : [success]: Robot saved successfully

[2024-03-22T10:36:35.365Z] : [warn]: There is a small amount of free memory (RAM) left, 90.6% of RAM is being used (14619 MBs). The performance of Studio Pro and bots during execution may be unstable. Close applications that are not being used, increase the memory, or optimize the workflow.

[2024-03-22T10:40:05.385Z] : [warn]: There is a small amount of free memory (RAM) left, 90.14% of RAM is being used (14544 MBs). The performance of Studio Pro and bots during execution may be unstable. Close applications that are not being used, increase the memory, or optimize the workflow.

[2024-03-22T10:43:05.455Z] : [warn]: There is a small amount of free memory (RAM) left, 90.86% of RAM is being used (14660 MBs). The performance of Studio Pro and bots during execution may be unstable. Close applications that are not being used, increase the memory, or optimize the workflow.

[2024-03-22T10:46:05.465Z] : [warn]: There is a small amount of free memory (RAM) left, 92.36% of RAM is being used (14902 MBs). The performance of Studio Pro and bots during execution may be unstable. Close applications that are not being used, increase the memory, or optimize the workflow.

[2024-03-22T10:49:05.519Z] : [warn]: There is a small amount of free memory (RAM) left, 92.17% of RAM is being used (14871 MBs). The performance of Studio Pro and bots during execution may be unstable. Close applications that are not being used, increase the memory, or optimize the workflow.

[2024-03-22T10:52:05.542Z] : [warn]: There is a small amount of free memory (RAM) left, 93.19% of RAM is being used (15036 MBs). The performance of Studio Pro and bots during execution may be unstable. Close applications that are not being used, increase the memory, or optimize the workflow.

[2024-03-22T10:55:05.592Z] : [warn]: There is a small amount of free memory (RAM) left, 92.72% of RAM is being used (14961 MBs). The performance of Studio Pro and bots during execution may be unstable. Close applications that are not being used, increase the memory, or optimize the workflow.

[2024-03-24T10:01:03.209Z] : [warn]: There is a small amount of free memory (RAM) left, 91.99% of RAM is being used (14843 MBs). The performance of Studio Pro and bots during execution may be unstable. Close applications that are not being used, increase the memory, or optimize the workflow.

[2024-03-24T13:01:32.592Z] : [warn]: There is a small amount of free memory (RAM) left, 92.92% of RAM is being used (14992 MBs). The performance of Studio Pro and bots during execution may be unstable. Close applications that are not being used, increase the memory, or optimize the workflow.

[2024-03-25T11:14:01.159Z] : [warn]: There is a small amount of free memory (RAM) left, 94.24% of RAM is being used (15205 MBs). The performance of Studio Pro and bots during execution may be unstable. Close applications that are not being used, increase the memory, or optimize the workflow.

[2024-03-25T14:14:58.565Z] : [warn]: There is a small amount of free memory (RAM) left, 93.14% of RAM is being used (15028 MBs). The performance of Studio Pro and bots during execution may be unstable. Close applications that are not being used, increase the memory, or optimize the workflow.

[2024-03-26T04:40:21.201Z] : [warn]: There is a small amount of free memory (RAM) left, 94.2% of RAM is being used (15199 MBs). The performance of Studio Pro and bots during execution may be unstable. Close applications that are not being used, increase the memory, or optimize the workflow.

[2024-03-26T04:41:17.538Z] : [success]: Robot saved successfully


  ==========================================
  Studio Pro version: 9.6.8
  Started at: 3/26/2024, 10:17:05 AM
  ==========================================
  


  ==========================================
  Studio Pro version: 9.6.8
  Started at: 3/26/2024, 10:19:33 AM
  ==========================================
  

[2024-03-26T04:51:31.786Z] : [success]: Robot saved successfully

[2024-03-26T04:51:36.592Z] : [success]: Robot saved successfully

[2024-03-26T04:51:58.794Z] : [info]: Internet connection // error

[2024-03-26T04:52:06.500Z] : [error]: Failed to run workflow, ocr server unavailable

[2024-03-26T04:52:07.403Z] : [info]: ---------------------------------------------

[2024-03-26T04:52:13.250Z] : [success]: Robot saved successfully

[2024-03-26T04:52:27.540Z] : [warn]: There is a small amount of free memory (RAM) left, 95.02% of RAM is being used (15332 MBs). The performance of Studio Pro and bots during execution may be unstable. Close applications that are not being used, increase the memory, or optimize the workflow.

[2024-03-26T04:52:34.033Z] : [error]: Failed to run workflow, ocr server unavailable

[2024-03-26T04:52:34.994Z] : [info]: ---------------------------------------------

[2024-03-26T04:53:15.562Z] : [success]: Robot saved successfully

[2024-03-26T04:53:27.307Z] : [success]: Bot started

[2024-03-26T04:53:27.311Z] : [info]: Robot start

[2024-03-26T04:53:46.663Z] : [error]: GoogleOcr: API key not valid. Please pass a valid API key.

[2024-03-26T04:53:48.814Z] : [info]: Total execution time: 19s 352ms

[2024-03-26T04:53:48.816Z] : [info]: ---------------------------------------------

[2024-03-26T04:53:54.233Z] : [success]: Robot saved successfully

[2024-03-26T04:54:05.110Z] : [error]: Failed to run workflow, ocr server unavailable

[2024-03-26T04:54:05.988Z] : [info]: ---------------------------------------------

[2024-03-26T04:55:27.545Z] : [warn]: There is a small amount of free memory (RAM) left, 95.98% of RAM is being used (15487 MBs). The performance of Studio Pro and bots during execution may be unstable. Close applications that are not being used, increase the memory, or optimize the workflow.

[2024-03-26T07:57:29.647Z] : [warn]: There is a small amount of free memory (RAM) left, 91.41% of RAM is being used (14749 MBs). The performance of Studio Pro and bots during execution may be unstable. Close applications that are not being used, increase the memory, or optimize the workflow.

[2024-03-27T04:51:16.321Z] : [warn]: There is a small amount of free memory (RAM) left, 91.97% of RAM is being used (14839 MBs). The performance of Studio Pro and bots during execution may be unstable. Close applications that are not being used, increase the memory, or optimize the workflow.

[2024-03-27T04:51:59.775Z] : [success]: Connection to our licenses server is restored

[2024-03-27T04:54:16.332Z] : [warn]: There is a small amount of free memory (RAM) left, 95.75% of RAM is being used (15450 MBs). The performance of Studio Pro and bots during execution may be unstable. Close applications that are not being used, increase the memory, or optimize the workflow.

[2024-03-27T04:56:06.361Z] : [success]: Robot saved successfully

[2024-03-27T04:56:31.639Z] : [success]: Bot started

[2024-03-27T04:56:31.641Z] : [info]: Robot start

[2024-03-27T04:56:50.499Z] : [success]: Bot finished successfully, total execution time: 18s 851ms

[2024-03-27T04:56:50.501Z] : [info]: ---------------------------------------------

[2024-03-27T04:58:38.504Z] : [success]: Robot saved successfully

[2024-03-27T04:58:59.818Z] : [success]: Bot started

[2024-03-27T04:58:59.820Z] : [info]: Robot start

[2024-03-27T04:59:47.593Z] : [success]: Bot finished successfully, total execution time: 47s 770ms

[2024-03-27T04:59:47.595Z] : [info]: ---------------------------------------------

[2024-03-27T05:18:43.104Z] : [success]: Robot saved successfully

[2024-03-27T05:19:03.330Z] : [success]: Bot started

[2024-03-27T05:19:03.331Z] : [info]: Robot start

[2024-03-27T05:19:32.597Z] : [success]: Bot finished successfully, total execution time: 29s 263ms

[2024-03-27T05:19:32.598Z] : [info]: ---------------------------------------------

[2024-03-27T05:39:11.777Z] : [success]: Robot saved successfully

[2024-03-27T05:39:31.547Z] : [success]: Bot started

[2024-03-27T05:39:31.549Z] : [info]: Robot start

[2024-03-27T05:39:49.677Z] : [success]: Bot finished successfully, total execution time: 18s 123ms

[2024-03-27T05:39:49.678Z] : [info]: ---------------------------------------------

[2024-03-27T09:43:39.106Z] : [success]: Robot saved successfully

[2024-03-27T09:43:43.123Z] : [success]: Robot saved successfully

[2024-03-27T10:34:41.380Z] : [success]: Robot saved successfully


  ==========================================
  Studio Pro version: 9.6.8
  Started at: 3/27/2024, 4:54:10 PM
  ==========================================
  

[2024-03-27T11:28:06.966Z] : [success]: Robot saved successfully

[2024-03-27T11:28:31.841Z] : [success]: Bot started

[2024-03-27T11:28:31.842Z] : [info]: Robot start

[2024-03-27T11:28:55.789Z] : [success]: Bot finished successfully, total execution time: 23s 943ms

[2024-03-27T11:28:55.791Z] : [info]: ---------------------------------------------

[2024-03-27T11:29:51.016Z] : [error]: Cannot read properties of undefined (reading 'attributes')

[2024-03-27T11:31:04.480Z] : [success]: Robot saved successfully

[2024-03-27T11:31:07.065Z] : [success]: Robot saved successfully

[2024-03-27T11:31:27.713Z] : [success]: Bot started

[2024-03-27T11:31:27.715Z] : [info]: Robot start

[2024-03-27T11:32:00.391Z] : [error]: Unexpected token u in JSON at position 0

[2024-03-27T11:32:01.110Z] : [info]: Total execution time: 32s 674ms

[2024-03-27T11:32:01.111Z] : [info]: ---------------------------------------------

[2024-03-27T12:07:42.363Z] : [success]: Robot saved successfully

