
  ==========================================
  Studio Pro version: 9.6.8
  Started at: 4/2/2024, 4:25:14 PM
  ==========================================
  

[2024-04-03T05:00:56.683Z] : [success]: Robot saved successfully

[2024-04-03T05:00:56.991Z] : [success]: Robot saved successfully

[2024-04-03T05:00:57.275Z] : [success]: Robot saved successfully

[2024-04-03T05:00:57.968Z] : [success]: Robot saved successfully

[2024-04-03T05:00:58.457Z] : [success]: Robot saved successfully

[2024-04-03T05:06:09.343Z] : [success]: Robot saved successfully

[2024-04-03T05:14:34.404Z] : [success]: Robot saved successfully

[2024-04-03T05:14:34.912Z] : [success]: Robot saved successfully

[2024-04-03T05:14:35.437Z] : [success]: Robot saved successfully

[2024-04-03T05:14:36.154Z] : [success]: Robot saved successfully

[2024-04-03T05:14:36.940Z] : [success]: Robot saved successfully

[2024-04-03T05:14:37.437Z] : [success]: Robot saved successfully

[2024-04-03T05:14:38.240Z] : [success]: Robot saved successfully

[2024-04-03T05:15:40.363Z] : [success]: Robot saved successfully

[2024-04-03T05:15:40.965Z] : [success]: Robot saved successfully

[2024-04-03T05:15:41.467Z] : [success]: Robot saved successfully

[2024-04-03T05:15:41.943Z] : [success]: Robot saved successfully

[2024-04-03T05:15:42.640Z] : [success]: Robot saved successfully

[2024-04-03T05:15:43.099Z] : [success]: Robot saved successfully

[2024-04-03T05:15:43.615Z] : [success]: Robot saved successfully

[2024-04-03T05:15:44.050Z] : [success]: Robot saved successfully

[2024-04-03T05:24:39.568Z] : [success]: Robot saved successfully

[2024-04-03T05:24:39.841Z] : [success]: Robot saved successfully

[2024-04-03T05:24:40.075Z] : [success]: Robot saved successfully

[2024-04-03T05:24:40.418Z] : [success]: Robot saved successfully

[2024-04-03T05:24:40.939Z] : [success]: Robot saved successfully

[2024-04-03T05:24:46.309Z] : [success]: Robot saved successfully

[2024-04-03T05:24:46.594Z] : [success]: Robot saved successfully

[2024-04-03T05:27:14.765Z] : [info]: Internet connection // error

[2024-04-03T05:27:22.681Z] : [success]: Connection to our licenses server is restored

[2024-04-03T05:30:49.050Z] : [info]: Internet connection // error

[2024-04-03T05:30:59.044Z] : [success]: Connection to our licenses server is restored

[2024-04-03T06:43:15.571Z] : [error]: Cannot read properties of null (reading 'type')

