[2024-03-20T05:50:14.657Z] : [success]: Robot saved successfully


  ==========================================
  Studio Pro version: 9.6.8
  Started at: 3/20/2024, 11:20:15 AM
  ==========================================
  

[2024-03-20T05:50:33.602Z] : [success]: Bot started

[2024-03-20T05:50:33.603Z] : [info]: Robot start

[2024-03-20T05:51:09.399Z] : [success]: Bot finished successfully, total execution time: 35s 793ms

[2024-03-20T05:51:09.400Z] : [info]: ---------------------------------------------

[2024-03-20T05:52:03.139Z] : [success]: Robot saved successfully

[2024-03-20T05:52:24.009Z] : [success]: Bot started

[2024-03-20T05:52:24.010Z] : [info]: Robot start

[2024-03-20T05:52:47.625Z] : [success]: Bot finished successfully, total execution time: 23s 611ms

[2024-03-20T05:52:47.626Z] : [info]: ---------------------------------------------

[2024-03-20T05:55:15.647Z] : [info]: Internet connection // error

[2024-03-20T05:55:43.564Z] : [success]: Connection to our licenses server is restored

[2024-03-20T05:56:38.510Z] : [info]: Internet connection // error

[2024-03-20T05:56:46.650Z] : [success]: Connection to our licenses server is restored

[2024-03-20T06:00:20.886Z] : [success]: Robot saved successfully

[2024-03-20T06:00:43.650Z] : [success]: Bot started

[2024-03-20T06:00:43.652Z] : [info]: Robot start

[2024-03-20T06:01:09.467Z] : [success]: Bot finished successfully, total execution time: 25s 810ms

[2024-03-20T06:01:09.469Z] : [info]: ---------------------------------------------

[2024-03-20T06:04:18.495Z] : [success]: Robot saved successfully

[2024-03-20T06:04:47.082Z] : [success]: Robot saved successfully

[2024-03-20T06:05:04.191Z] : [success]: Bot started

[2024-03-20T06:05:04.192Z] : [info]: Robot start

[2024-03-20T06:05:28.005Z] : [success]: Bot finished successfully, total execution time: 23s 809ms

[2024-03-20T06:05:28.007Z] : [info]: ---------------------------------------------

[2024-03-20T06:05:35.056Z] : [success]: Robot saved successfully

[2024-03-20T06:05:48.347Z] : [success]: Bot started

[2024-03-20T06:05:48.347Z] : [info]: Robot start

[2024-03-20T06:06:17.295Z] : [error]: Script Stopped.

[2024-03-20T06:06:18.508Z] : [info]: Total execution time: 28s 946ms

[2024-03-20T06:06:18.510Z] : [info]: ---------------------------------------------

[2024-03-20T06:06:42.819Z] : [success]: Robot saved successfully

[2024-03-20T06:06:44.370Z] : [success]: Bot started

[2024-03-20T06:06:44.372Z] : [info]: Robot start

[2024-03-20T06:07:05.013Z] : [error]: Script Stopped.

[2024-03-20T06:07:06.341Z] : [info]: Total execution time: 20s 638ms

[2024-03-20T06:07:06.342Z] : [info]: ---------------------------------------------

[2024-03-20T06:07:16.226Z] : [success]: Robot saved successfully

[2024-03-20T06:07:37.978Z] : [success]: Bot started

[2024-03-20T06:07:37.979Z] : [info]: Robot start

[2024-03-20T06:08:07.904Z] : [success]: Bot finished successfully, total execution time: 29s 920ms

[2024-03-20T06:08:07.906Z] : [info]: ---------------------------------------------

[2024-03-20T06:08:24.502Z] : [success]: Robot saved successfully

[2024-03-20T06:08:24.942Z] : [success]: Robot saved successfully

[2024-03-20T06:08:25.609Z] : [success]: Robot saved successfully

[2024-03-20T06:08:26.152Z] : [success]: Robot saved successfully

[2024-03-20T06:09:06.209Z] : [success]: Robot saved successfully

[2024-03-20T06:09:07.861Z] : [success]: Robot saved successfully

[2024-03-20T06:09:13.687Z] : [success]: Robot saved successfully

[2024-03-20T06:09:14.260Z] : [success]: Robot saved successfully

[2024-03-20T06:09:14.727Z] : [success]: Robot saved successfully

[2024-03-20T06:10:04.272Z] : [success]: Bot started

[2024-03-20T06:10:04.273Z] : [info]: Robot start

[2024-03-20T06:13:18.158Z] : [success]: Bot finished successfully, total execution time: 3m 13s 879ms

[2024-03-20T06:13:18.161Z] : [info]: ---------------------------------------------

[2024-03-20T06:13:45.052Z] : [success]: Robot saved successfully

[2024-03-20T06:13:45.470Z] : [success]: Robot saved successfully

[2024-03-20T06:13:45.929Z] : [success]: Robot saved successfully

[2024-03-20T06:16:18.036Z] : [success]: Robot saved successfully

[2024-03-20T06:16:40.404Z] : [success]: Robot saved successfully

[2024-03-20T06:16:41.031Z] : [success]: Robot saved successfully

[2024-03-20T06:16:41.980Z] : [success]: Robot saved successfully

[2024-03-20T06:17:01.864Z] : [success]: Robot saved successfully

[2024-03-20T06:17:28.665Z] : [error]: Cannot read properties of null (reading 'comment')

[2024-03-20T06:17:56.561Z] : [success]: Robot saved successfully

[2024-03-20T06:17:57.130Z] : [success]: Robot saved successfully

[2024-03-20T06:19:28.535Z] : [success]: Robot saved successfully

