
  ==========================================
  Studio Pro version: 9.0.3
  Started at: 12/23/2022, 3:19:27 PM
  ==========================================
  

[2022-12-23T22:19:49.377Z] : [success]: Robot saved successfully

[2022-12-23T22:19:49.433Z] : [info]: ---------------------------------------------

[2022-12-23T22:19:49.434Z] : [success]: Bot started

[2022-12-23T22:19:49.434Z] : [info]: Robot start

[2022-12-23T22:21:51.425Z] : [success]: Bot finished successfully, total execution time: 2m 1s 988ms

[2022-12-23T22:21:51.427Z] : [info]: ---------------------------------------------

[2022-12-23T22:34:25.933Z] : [success]: Robot saved successfully

[2022-12-23T22:34:26.039Z] : [success]: Bot started

[2022-12-23T22:34:26.040Z] : [info]: Robot start

[2022-12-23T22:34:38.276Z] : [error]: connection timed out. timeout = 10000 ms

[2022-12-23T22:34:38.278Z] : [info]: Total execution time: 12s 235ms

[2022-12-23T22:34:38.279Z] : [info]: ---------------------------------------------

[2022-12-23T22:35:08.193Z] : [success]: Bot started

[2022-12-23T22:35:08.194Z] : [info]: Robot start

[2022-12-23T22:35:30.577Z] : [success]: Bot finished successfully, total execution time: 22s 381ms

[2022-12-23T22:35:30.579Z] : [info]: ---------------------------------------------

[2022-12-23T22:50:34.531Z] : [success]: Robot saved successfully

[2022-12-23T22:50:34.553Z] : [error]: Activity parameters required: Append row to Excel file

[2022-12-23T22:50:34.554Z] : [info]: ---------------------------------------------

[2022-12-23T22:51:14.403Z] : [success]: Robot saved successfully

[2022-12-23T22:51:14.458Z] : [success]: Bot started

[2022-12-23T22:51:14.459Z] : [info]: Robot start

[2022-12-23T22:52:24.662Z] : [error]: Selectors: Value cannot be null.
Parameter name: columnName

[2022-12-23T22:52:24.667Z] : [info]: Total execution time: 1m 10s 202ms

[2022-12-23T22:52:24.668Z] : [info]: ---------------------------------------------

[2022-12-23T22:55:33.794Z] : [success]: Bot started

[2022-12-23T22:55:33.795Z] : [info]: Robot start

[2022-12-23T22:57:09.460Z] : [success]: Bot finished successfully, total execution time: 1m 35s 663ms

[2022-12-23T22:57:09.462Z] : [info]: ---------------------------------------------

[2022-12-23T22:58:56.094Z] : [success]: Robot saved successfully

[2022-12-23T22:58:56.149Z] : [success]: Bot started

[2022-12-23T22:58:56.150Z] : [info]: Robot start

[2022-12-23T23:00:45.800Z] : [error]: Selectors: Value cannot be null.
Parameter name: columnName

[2022-12-23T23:00:45.801Z] : [info]: Total execution time: 1m 49s 649ms

[2022-12-23T23:00:45.802Z] : [info]: ---------------------------------------------

[2022-12-23T23:01:25.146Z] : [success]: Robot saved successfully

