
  ==========================================
  Studio Pro version: 9.6.8
  Started at: 4/3/2024, 12:32:30 PM
  ==========================================
  

[2024-04-03T07:35:03.774Z] : [success]: Robot saved successfully

[2024-04-03T08:02:11.561Z] : [success]: Robot saved successfully

[2024-04-03T08:02:11.991Z] : [success]: Robot saved successfully

[2024-04-03T08:02:12.681Z] : [success]: Robot saved successfully

[2024-04-03T08:59:02.369Z] : [info]: Internet connection // error

[2024-04-03T08:59:21.077Z] : [success]: Connection to our licenses server is restored

[2024-04-03T09:21:59.711Z] : [info]: Internet connection // error

[2024-04-03T09:24:42.242Z] : [success]: Connection to our licenses server is restored

[2024-04-03T09:37:34.409Z] : [success]: Robot saved successfully

[2024-04-03T09:37:44.436Z] : [info]: ---------------------------------------------

[2024-04-03T09:37:44.438Z] : [success]: Bot started

[2024-04-03T09:37:44.439Z] : [info]: Robot start

[2024-04-03T09:39:29.232Z] : [success]: Bot finished successfully, total execution time: 1m 44s 785ms

[2024-04-03T09:39:29.233Z] : [info]: ---------------------------------------------

[2024-04-03T11:08:20.975Z] : [info]: Internet connection // error

[2024-04-03T11:09:01.907Z] : [success]: Connection to our licenses server is restored

[2024-04-03T12:10:48.960Z] : [success]: Robot saved successfully

[2024-04-03T12:10:49.458Z] : [success]: Robot saved successfully

[2024-04-03T12:10:50.281Z] : [success]: Robot saved successfully

