
  ==========================================
  Studio Pro version: 9.6.8
  Started at: 12/1/2023, 2:42:42 PM
  ==========================================
  

[2023-12-01T09:12:48.401Z] : [success]: Robot saved successfully

[2023-12-01T09:13:01.008Z] : [info]: Internet connection // error

[2023-12-01T09:13:09.283Z] : [error]: Failed to run workflow, ocr server unavailable

[2023-12-01T09:13:10.227Z] : [info]: ---------------------------------------------

[2023-12-01T09:13:32.881Z] : [success]: Connection to our licenses server is restored

[2023-12-01T09:14:50.364Z] : [info]: Internet connection // error

[2023-12-01T09:14:56.526Z] : [success]: Connection to our licenses server is restored

[2023-12-01T09:15:23.349Z] : [info]: Internet connection // error

[2023-12-01T09:15:29.901Z] : [success]: Connection to our licenses server is restored

[2023-12-01T09:16:22.219Z] : [info]: Internet connection // error

[2023-12-01T09:16:29.585Z] : [success]: Connection to our licenses server is restored

[2023-12-01T09:31:20.156Z] : [info]: Internet connection // error

[2023-12-01T09:31:28.840Z] : [success]: Connection to our licenses server is restored

[2023-12-01T09:32:20.174Z] : [info]: Internet connection // error

[2023-12-01T09:32:25.927Z] : [success]: Connection to our licenses server is restored

[2023-12-01T09:32:52.237Z] : [info]: Internet connection // error

[2023-12-01T09:32:59.212Z] : [success]: Connection to our licenses server is restored

[2023-12-01T09:33:51.368Z] : [info]: Internet connection // error

[2023-12-01T09:33:58.229Z] : [success]: Connection to our licenses server is restored

[2023-12-01T09:34:50.337Z] : [info]: Internet connection // error

[2023-12-01T09:35:03.578Z] : [success]: Connection to our licenses server is restored

[2023-12-01T09:36:20.498Z] : [info]: Internet connection // error

[2023-12-01T09:36:29.486Z] : [success]: Connection to our licenses server is restored

[2023-12-01T09:37:20.566Z] : [info]: Internet connection // error

[2023-12-01T09:37:27.402Z] : [success]: Connection to our licenses server is restored

[2023-12-01T09:37:54.205Z] : [info]: Internet connection // error

[2023-12-01T09:38:00.088Z] : [success]: Connection to our licenses server is restored

[2023-12-01T09:38:52.271Z] : [info]: Internet connection // error

[2023-12-01T09:39:01.001Z] : [success]: Connection to our licenses server is restored

[2023-12-01T09:39:52.578Z] : [info]: Internet connection // error

[2023-12-01T09:40:00.071Z] : [success]: Connection to our licenses server is restored

[2023-12-01T09:41:49.290Z] : [success]: Robot saved successfully

