
  ==========================================
  Studio Pro version: 9.6.8
  Started at: 3/18/2024, 2:17:34 PM
  ==========================================
  

[2024-03-19T05:01:37.497Z] : [success]: Robot saved successfully

[2024-03-19T05:01:46.119Z] : [success]: Robot saved successfully

[2024-03-19T05:01:50.713Z] : [success]: Robot saved successfully

[2024-03-19T05:02:34.732Z] : [success]: Robot saved successfully

[2024-03-19T05:02:43.170Z] : [success]: Bot started

[2024-03-19T05:02:43.171Z] : [info]: Robot start

[2024-03-19T05:03:35.066Z] : [success]: Bot finished successfully, total execution time: 51s 891ms

[2024-03-19T05:03:35.067Z] : [info]: ---------------------------------------------


  ==========================================
  Studio Pro version: 9.6.8
  Started at: 3/19/2024, 12:35:28 PM
  ==========================================
  

[2024-03-19T08:49:00.555Z] : [success]: Robot saved successfully


  ==========================================
  Studio Pro version: 9.6.8
  Started at: 3/20/2024, 10:43:14 AM
  ==========================================
  

[2024-03-20T05:18:29.566Z] : [success]: Robot saved successfully

[2024-03-20T05:25:40.210Z] : [info]: Internet connection // error

[2024-03-20T05:26:08.493Z] : [success]: Connection to our licenses server is restored

