
  ==========================================
  Studio Pro version: 9.6.8
  Started at: 4/15/2024, 3:44:00 PM
  ==========================================
  

[2024-04-15T10:14:04.722Z] : [success]: Robot saved successfully

[2024-04-15T10:14:12.980Z] : [success]: Bot started

[2024-04-15T10:14:12.980Z] : [info]: Robot start

[2024-04-15T10:15:09.595Z] : [error]: This activity failed to execute because the configured timeout was exceeded. Try increasing the timeout value in the parameters section of this activity or consider adjusting the logic of your workflow

[2024-04-15T10:15:10.230Z] : [info]: Total execution time: 56s 615ms

[2024-04-15T10:15:10.231Z] : [info]: ---------------------------------------------

[2024-04-15T10:15:44.865Z] : [success]: Robot saved successfully

[2024-04-15T10:15:57.514Z] : [success]: Bot started

[2024-04-15T10:15:57.515Z] : [info]: Robot start

[2024-04-15T10:16:56.108Z] : [error]: This activity failed to execute because the configured timeout was exceeded. Try increasing the timeout value in the parameters section of this activity or consider adjusting the logic of your workflow

[2024-04-15T10:16:57.750Z] : [info]: Total execution time: 58s 593ms

[2024-04-15T10:16:57.752Z] : [info]: ---------------------------------------------

[2024-04-15T10:18:10.396Z] : [success]: Robot saved successfully

[2024-04-15T10:18:28.171Z] : [success]: Bot started

[2024-04-15T10:18:28.173Z] : [info]: Robot start

[2024-04-15T10:19:19.523Z] : [error]: This activity failed to execute because the configured timeout was exceeded. Try increasing the timeout value in the parameters section of this activity or consider adjusting the logic of your workflow

[2024-04-15T10:19:20.603Z] : [info]: Total execution time: 51s 350ms

[2024-04-15T10:19:20.605Z] : [info]: ---------------------------------------------

[2024-04-15T10:20:00.314Z] : [success]: Robot saved successfully

[2024-04-15T10:20:13.185Z] : [success]: Bot started

[2024-04-15T10:20:13.186Z] : [info]: Robot start

[2024-04-15T10:20:58.305Z] : [error]: This activity failed to execute because the configured timeout was exceeded. Try increasing the timeout value in the parameters section of this activity or consider adjusting the logic of your workflow

[2024-04-15T10:20:59.724Z] : [info]: Total execution time: 45s 118ms

[2024-04-15T10:20:59.727Z] : [info]: ---------------------------------------------

[2024-04-15T10:24:40.601Z] : [success]: Robot saved successfully

[2024-04-15T10:24:51.290Z] : [success]: Bot started

[2024-04-15T10:24:51.291Z] : [info]: Robot start

[2024-04-15T10:25:38.382Z] : [error]: This activity failed to execute because the configured timeout was exceeded. Try increasing the timeout value in the parameters section of this activity or consider adjusting the logic of your workflow

[2024-04-15T10:25:39.057Z] : [info]: Total execution time: 47s 91ms

[2024-04-15T10:25:39.058Z] : [info]: ---------------------------------------------

