
  ==========================================
  Studio Pro version: 9.5.18
  Started at: 9/6/2023, 12:04:24 PM
  ==========================================
  

[2023-09-06T06:52:16.586Z] : [success]: Robot saved successfully

[2023-09-06T06:52:28.903Z] : [success]: Robot saved successfully

[2023-09-06T06:56:36.944Z] : [error]: Outlook: The given path's format is not supported.


  ==========================================
  Studio Pro version: 9.5.18
  Started at: 9/6/2023, 12:26:37 PM
  ==========================================
  

[2023-09-06T06:56:37.715Z] : [info]: Total execution time: 21s 148ms

[2023-09-06T06:56:37.715Z] : [info]: ---------------------------------------------

[2023-09-06T07:02:21.678Z] : [success]: Robot saved successfully

[2023-09-06T07:03:39.903Z] : [error]: Script Stopped.


  ==========================================
  Studio Pro version: 9.5.18
  Started at: 9/6/2023, 12:33:39 PM
  ==========================================
  

[2023-09-06T07:03:40.220Z] : [info]: Total execution time: 1m 10s 682ms

[2023-09-06T07:03:40.221Z] : [info]: ---------------------------------------------

[2023-09-06T07:04:13.469Z] : [success]: Robot saved successfully

[2023-09-06T07:04:21.377Z] : [success]: Bot started

[2023-09-06T07:04:21.378Z] : [info]: Robot start

[2023-09-06T07:04:39.304Z] : [error]: Outlook: The given path's format is not supported.

[2023-09-06T07:04:39.935Z] : [info]: Total execution time: 17s 925ms

[2023-09-06T07:04:39.936Z] : [info]: ---------------------------------------------

[2023-09-06T07:05:43.130Z] : [success]: Robot saved successfully

[2023-09-06T07:05:51.076Z] : [success]: Bot started

[2023-09-06T07:05:51.076Z] : [info]: Robot start

[2023-09-06T07:06:11.459Z] : [error]: Outlook: The given path's format is not supported.

[2023-09-06T07:06:12.067Z] : [info]: Total execution time: 20s 382ms

[2023-09-06T07:06:12.067Z] : [info]: ---------------------------------------------

[2023-09-06T07:06:58.288Z] : [success]: Robot saved successfully


  ==========================================
  Studio Pro version: 9.5.18
  Started at: 9/6/2023, 12:39:23 PM
  ==========================================
  

[2023-09-06T07:09:46.192Z] : [success]: Robot saved successfully

