
  ==========================================
  Studio Pro version: 9.5.18
  Started at: 8/31/2023, 5:17:03 PM
  ==========================================
  

[2023-08-31T11:50:27.246Z] : [success]: Robot saved successfully


  ==========================================
  Studio Pro version: 9.5.18
  Started at: 8/31/2023, 5:23:54 PM
  ==========================================
  

[2023-08-31T11:56:33.131Z] : [error]: Script Stopped.


  ==========================================
  Studio Pro version: 9.5.18
  Started at: 8/31/2023, 5:26:33 PM
  ==========================================
  

[2023-08-31T11:56:33.423Z] : [info]: Total execution time: 14s 850ms

[2023-08-31T11:56:33.425Z] : [info]: ---------------------------------------------

[2023-08-31T11:58:41.860Z] : [success]: Bot started

[2023-08-31T11:58:41.861Z] : [info]: Robot start

[2023-08-31T11:58:59.478Z] : [success]: Bot finished successfully, total execution time: 17s 613ms

[2023-08-31T11:58:59.480Z] : [info]: ---------------------------------------------

