
  ==========================================
  Studio Pro version: 8.7.11
  Started at: 12/13/2022, 1:43:26 PM
  ==========================================
  

[2022-12-13T21:20:11.948Z] : [success]: Robot saved successfully

[2022-12-13T21:20:12.000Z] : [info]: ---------------------------------------------

[2022-12-13T21:20:12.000Z] : [success]: Bot started

[2022-12-13T21:20:12.001Z] : [info]: Robot start

[2022-12-13T21:20:45.643Z] : [success]: Bot finished successfully, total execution time: 33s 641ms

[2022-12-13T21:20:45.644Z] : [info]: ---------------------------------------------

[2022-12-13T21:22:17.164Z] : [success]: Robot saved successfully

[2022-12-13T21:22:17.219Z] : [success]: Bot started

[2022-12-13T21:22:17.219Z] : [info]: Robot start

[2022-12-13T21:22:22.441Z] : [info]: File Info : [object Object]

[2022-12-13T21:22:22.489Z] : [info]: File Info : [object Object]

[2022-12-13T21:22:22.567Z] : [info]: File Info : [object Object]

[2022-12-13T21:22:22.630Z] : [info]: File Info : [object Object]

[2022-12-13T21:22:22.692Z] : [info]: File Info : [object Object]

[2022-12-13T21:22:22.754Z] : [info]: File Info : [object Object]

[2022-12-13T21:22:22.817Z] : [info]: File Info : [object Object]

[2022-12-13T21:22:22.862Z] : [info]: File Info : [object Object]

[2022-12-13T21:22:22.908Z] : [info]: File Info : [object Object]

[2022-12-13T21:22:22.973Z] : [info]: File Info : [object Object]

[2022-12-13T21:22:23.005Z] : [info]: File Info : [object Object]

[2022-12-13T21:22:27.380Z] : [success]: Bot finished successfully, total execution time: 10s 158ms

[2022-12-13T21:22:27.381Z] : [info]: ---------------------------------------------

[2022-12-13T21:23:04.050Z] : [success]: Robot saved successfully

[2022-12-13T21:23:04.084Z] : [success]: Bot started

[2022-12-13T21:23:04.084Z] : [info]: Robot start

[2022-12-13T21:23:16.750Z] : [info]: File Ext : .docx

[2022-12-13T21:23:16.848Z] : [info]: File Ext : .docx

[2022-12-13T21:23:16.916Z] : [info]: File Ext : .docx

[2022-12-13T21:23:16.993Z] : [info]: File Ext : .docx

[2022-12-13T21:23:17.060Z] : [info]: File Ext : .docx

[2022-12-13T21:23:17.128Z] : [info]: File Ext : .pdf

[2022-12-13T21:23:17.166Z] : [info]: File Ext : .pdf

[2022-12-13T21:23:17.223Z] : [info]: File Ext : .pdf

[2022-12-13T21:23:17.278Z] : [info]: File Ext : .pdf

[2022-12-13T21:23:17.331Z] : [info]: File Ext : .pdf

[2022-12-13T21:23:20.340Z] : [success]: Bot finished successfully, total execution time: 16s 255ms

[2022-12-13T21:23:20.341Z] : [info]: ---------------------------------------------

[2022-12-13T21:24:50.500Z] : [success]: Robot saved successfully

[2022-12-13T21:24:50.538Z] : [success]: Bot started

[2022-12-13T21:24:50.539Z] : [info]: Robot start

[2022-12-13T21:25:04.786Z] : [success]: Bot finished successfully, total execution time: 14s 246ms

[2022-12-13T21:25:04.787Z] : [info]: ---------------------------------------------

[2022-12-13T21:26:03.045Z] : [success]: The workflow has been exported successfully

[2022-12-13T22:00:25.250Z] : [success]: Robot saved successfully

[2022-12-13T22:00:25.288Z] : [info]: ---------------------------------------------

[2022-12-13T22:00:25.288Z] : [success]: Bot started

[2022-12-13T22:00:25.288Z] : [info]: Robot start

[2022-12-13T22:00:49.804Z] : [success]: Bot finished successfully, total execution time: 24s 514ms

[2022-12-13T22:00:49.806Z] : [info]: ---------------------------------------------

