
  ==========================================
  Studio Pro version: 8.7.11
  Started at: 12/13/2022, 5:53:46 PM
  ==========================================
  

[2022-12-13T22:53:49.113Z] : [success]: Robot saved successfully

[2022-12-13T22:54:26.336Z] : [info]: ---------------------------------------------

[2022-12-13T22:54:26.337Z] : [success]: Bot started

[2022-12-13T22:54:26.337Z] : [info]: Robot start

[2022-12-13T22:54:44.847Z] : [success]: Bot finished successfully, total execution time: 18s 509ms

[2022-12-13T22:54:44.849Z] : [info]: ---------------------------------------------

[2022-12-13T22:55:03.399Z] : [success]: Robot saved successfully

[2022-12-13T22:55:33.647Z] : [info]: ---------------------------------------------

[2022-12-13T22:55:33.648Z] : [success]: Bot started

[2022-12-13T22:55:33.648Z] : [info]: Robot start

[2022-12-13T22:55:51.934Z] : [success]: Bot finished successfully, total execution time: 18s 285ms

[2022-12-13T22:55:51.935Z] : [info]: ---------------------------------------------

[2022-12-13T22:56:40.029Z] : [info]: ---------------------------------------------

[2022-12-13T22:56:40.031Z] : [success]: Bot started

[2022-12-13T22:56:40.031Z] : [info]: Robot start

[2022-12-13T22:56:56.199Z] : [success]: Bot finished successfully, total execution time: 16s 166ms

[2022-12-13T22:56:56.200Z] : [info]: ---------------------------------------------

[2022-12-13T22:58:55.337Z] : [success]: Robot saved successfully

[2022-12-13T22:59:06.070Z] : [success]: Bot started

[2022-12-13T22:59:06.071Z] : [info]: Robot start

[2022-12-13T22:59:22.253Z] : [success]: Bot finished successfully, total execution time: 16s 179ms

[2022-12-13T22:59:22.256Z] : [info]: ---------------------------------------------

[2022-12-13T23:02:22.631Z] : [success]: The workflow has been exported successfully

