[2023-09-24T10:22:59.965Z] : [success]: Robot saved successfully

[2023-09-24T10:29:02.937Z] : [success]: Robot saved successfully

[2023-09-24T10:29:10.137Z] : [success]: Bot started

[2023-09-24T10:29:10.138Z] : [info]: Robot start

[2023-09-24T10:29:17.298Z] : [info]: 

{"Category": "Comment", "Action": "Analyze sentiment", "Information": "Positive"}

[2023-09-24T10:29:27.172Z] : [success]: Bot finished successfully, total execution time: 17s 34ms

[2023-09-24T10:29:27.173Z] : [info]: ---------------------------------------------

[2023-09-24T10:32:02.974Z] : [success]: Robot saved successfully

[2023-09-24T10:32:21.648Z] : [success]: Robot saved successfully

[2023-09-24T10:32:29.479Z] : [success]: Bot started

[2023-09-24T10:32:29.479Z] : [info]: Robot start

[2023-09-24T10:32:33.954Z] : [info]: 

{"Category": "Comment", "Action": "Analyze sentiment", "Information": "Positive"}

[2023-09-24T10:32:40.641Z] : [success]: Bot finished successfully, total execution time: 11s 162ms

[2023-09-24T10:32:40.642Z] : [info]: ---------------------------------------------

[2023-09-24T12:13:11.266Z] : [success]: Robot saved successfully

[2023-09-24T12:13:11.505Z] : [success]: Robot saved successfully

[2023-09-24T12:13:11.655Z] : [success]: Robot saved successfully

[2023-09-24T12:13:11.814Z] : [success]: Robot saved successfully

[2023-09-24T12:13:12.078Z] : [success]: Robot saved successfully

[2023-09-24T12:13:12.283Z] : [success]: Robot saved successfully

[2023-09-24T12:13:12.537Z] : [success]: Robot saved successfully

[2023-09-24T12:13:13.057Z] : [success]: Robot saved successfully

[2023-09-24T12:13:13.413Z] : [success]: Robot saved successfully

[2023-09-24T12:13:13.632Z] : [success]: Robot saved successfully

[2023-09-24T12:13:13.818Z] : [success]: Robot saved successfully

[2023-09-24T12:13:13.970Z] : [success]: Robot saved successfully

[2023-09-25T01:50:58.747Z] : [success]: Connection to our licenses server is restored

[2023-09-25T01:51:16.932Z] : [success]: Robot saved successfully

[2023-09-25T01:51:24.594Z] : [info]: Internet connection // error

[2023-09-25T01:51:24.834Z] : [success]: Bot started

[2023-09-25T01:51:24.835Z] : [info]: Robot start

[2023-09-25T01:51:30.494Z] : [info]: 

{"Category": "Comment", "Action": "Analyze sentiment", "Information": "Positive"}

[2023-09-25T01:51:39.126Z] : [success]: Bot finished successfully, total execution time: 14s 291ms

[2023-09-25T01:51:39.126Z] : [info]: ---------------------------------------------

