
  ==========================================
  Studio Pro version: 9.5.18
  Started at: 9/25/2023, 11:21:50 AM
  ==========================================
  

[2023-09-25T11:57:49.157Z] : [success]: Connection to our licenses server is restored

[2023-09-25T12:02:05.133Z] : [info]: Internet connection // error

[2023-09-25T12:02:05.317Z] : [success]: Robot saved successfully

[2023-09-25T12:02:05.464Z] : [info]: ---------------------------------------------

[2023-09-25T12:02:05.465Z] : [success]: Bot started

[2023-09-25T12:02:05.465Z] : [info]: Robot start

[2023-09-25T12:02:16.214Z] : [info]: 

{"Category": "Comment", "Action": "Analyze sentiment", "Information": "Positive"}

[2023-09-25T12:02:37.328Z] : [success]: Bot finished successfully, total execution time: 31s 863ms

[2023-09-25T12:02:37.330Z] : [info]: ---------------------------------------------

[2023-09-25T13:09:30.379Z] : [info]: Internet connection // error

[2023-09-25T13:09:30.441Z] : [success]: Robot saved successfully

[2023-09-25T13:09:30.557Z] : [success]: Bot started

[2023-09-25T13:09:30.558Z] : [info]: Robot start

[2023-09-25T13:09:37.888Z] : [info]: 

{"Category": "Comment", "Action": "Analyze sentiment", "Information": "Positive"}

[2023-09-25T13:09:50.053Z] : [success]: Bot finished successfully, total execution time: 19s 495ms

[2023-09-25T13:09:50.054Z] : [info]: ---------------------------------------------

[2023-09-25T13:10:38.556Z] : [success]: Robot saved successfully

[2023-09-25T13:10:38.681Z] : [success]: Bot started

[2023-09-25T13:10:38.682Z] : [info]: Robot start

[2023-09-25T13:10:42.775Z] : [info]: 

{"Category": "Comment", "Action": "Analyze sentiment", "Information": "Positive"}

[2023-09-25T13:10:50.023Z] : [success]: Bot finished successfully, total execution time: 11s 341ms

[2023-09-25T13:10:50.024Z] : [info]: ---------------------------------------------


  ==========================================
  Studio Pro version: 9.5.18
  Started at: 9/25/2023, 6:49:18 PM
  ==========================================
  

