
  ==========================================
  Studio Pro version: 9.5.18
  Started at: 9/6/2023, 12:04:08 PM
  ==========================================
  

[2023-09-06T06:40:25.054Z] : [info]: Internet connection // error

[2023-09-06T06:47:32.156Z] : [success]: Connection to our licenses server is restored

[2023-09-06T06:55:54.377Z] : [success]: Robot saved successfully

[2023-09-06T06:56:15.792Z] : [success]: Bot started

[2023-09-06T06:56:15.793Z] : [info]: Robot start

[2023-09-06T07:02:28.993Z] : [info]: Internet connection // error

[2023-09-06T07:02:29.219Z] : [success]: Bot started

[2023-09-06T07:02:29.220Z] : [info]: Robot start

[2023-09-06T07:04:02.161Z] : [success]: Robot saved successfully

[2023-09-06T07:04:02.302Z] : [success]: Robot saved successfully

[2023-09-06T07:09:49.706Z] : [success]: Robot saved successfully

[2023-09-06T07:10:02.590Z] : [success]: Bot started

[2023-09-06T07:10:02.591Z] : [info]: Robot start

[2023-09-06T07:11:48.238Z] : [success]: Bot finished successfully, total execution time: 1m 45s 646ms

[2023-09-06T07:11:48.239Z] : [info]: ---------------------------------------------

[2023-09-06T07:11:50.674Z] : [success]: Robot saved successfully

[2023-09-06T07:13:22.972Z] : [success]: Robot saved successfully

[2023-09-06T07:13:42.969Z] : [success]: Bot started

[2023-09-06T07:13:42.971Z] : [info]: Robot start

[2023-09-06T07:15:31.915Z] : [success]: Bot finished successfully, total execution time: 1m 48s 944ms

[2023-09-06T07:15:31.916Z] : [info]: ---------------------------------------------

[2023-09-06T08:14:48.683Z] : [success]: Connection to our licenses server is restored

[2023-09-06T08:36:59.275Z] : [info]: Internet connection // error

[2023-09-06T08:37:02.061Z] : [success]: Connection to our licenses server is restored

[2023-09-06T10:47:44.568Z] : [info]: Internet connection // error

[2023-09-06T10:47:54.732Z] : [success]: Connection to our licenses server is restored

[2023-09-06T11:35:07.780Z] : [info]: Internet connection // error

