
  ==========================================
  Studio Pro version: 8.7.11
  Started at: 12/14/2022, 9:27:18 PM
  ==========================================
  

[2022-12-14T16:00:34.453Z] : [success]: Robot saved successfully

[2022-12-14T16:00:37.884Z] : [info]: ---------------------------------------------

[2022-12-14T16:00:37.886Z] : [success]: Bot started

[2022-12-14T16:00:37.887Z] : [info]: Robot start

[2022-12-14T16:00:52.736Z] : [error]: Canceled by user

[2022-12-14T16:00:52.740Z] : [error]: Total execution time: 14s 848ms

[2022-12-14T16:00:52.741Z] : [info]: ---------------------------------------------

[2022-12-14T16:01:09.865Z] : [success]: Robot saved successfully

[2022-12-14T16:01:12.940Z] : [info]: ---------------------------------------------

[2022-12-14T16:01:12.941Z] : [success]: Bot started

[2022-12-14T16:01:12.942Z] : [info]: Robot start

[2022-12-14T16:01:33.124Z] : [success]: Bot finished successfully, total execution time: 20s 181ms

[2022-12-14T16:01:33.126Z] : [info]: ---------------------------------------------

[2022-12-14T16:05:08.625Z] : [info]: ---------------------------------------------

[2022-12-14T16:05:08.626Z] : [success]: Bot started

[2022-12-14T16:05:08.627Z] : [info]: Robot start

[2022-12-14T16:05:26.830Z] : [success]: Bot finished successfully, total execution time: 18s 201ms

[2022-12-14T16:05:26.831Z] : [info]: ---------------------------------------------

