
  ==========================================
  Studio Pro version: 9.6.8
  Started at: 4/15/2024, 12:49:52 PM
  ==========================================
  

[2024-04-15T07:19:58.812Z] : [success]: Robot saved successfully

[2024-04-15T07:20:00.961Z] : [success]: Connection to our licenses server is restored

[2024-04-15T07:20:43.198Z] : [success]: Robot saved successfully

[2024-04-15T07:20:47.065Z] : [success]: Bot started

[2024-04-15T07:20:47.066Z] : [info]: Robot start

[2024-04-15T07:21:30.920Z] : [success]: Bot finished successfully, total execution time: 43s 851ms

[2024-04-15T07:21:30.921Z] : [info]: ---------------------------------------------

[2024-04-15T07:24:52.218Z] : [success]: Robot saved successfully


  ==========================================
  Studio Pro version: 9.6.8
  Started at: 4/15/2024, 12:54:52 PM
  ==========================================
  

[2024-04-15T07:57:25.803Z] : [success]: Robot saved successfully

[2024-04-15T07:57:43.603Z] : [success]: Robot saved successfully

[2024-04-15T07:58:02.785Z] : [success]: Robot saved successfully

[2024-04-15T07:58:07.678Z] : [success]: Bot started

[2024-04-15T07:58:07.682Z] : [info]: Robot start

[2024-04-15T07:58:25.607Z] : [success]: Bot finished successfully, total execution time: 17s 919ms

[2024-04-15T07:58:25.609Z] : [info]: ---------------------------------------------

