[2024-05-20T05:26:13.762Z] : [success]: Robot saved successfully

[2024-05-20T05:41:06.822Z] : [success]: Robot saved successfully

[2024-05-20T05:41:12.680Z] : [success]: Bot started

[2024-05-20T05:41:12.683Z] : [info]: Robot start

[2024-05-20T05:41:48.635Z] : [success]: Execution Finished successfully

[2024-05-20T05:41:49.231Z] : [success]: Bot finished successfully, total execution time: 36s 542ms

[2024-05-20T05:41:49.233Z] : [info]: ---------------------------------------------

[2024-05-20T05:57:28.102Z] : [success]: Robot saved successfully

[2024-05-20T05:57:28.611Z] : [success]: Robot saved successfully

[2024-05-20T06:14:26.513Z] : [success]: Robot saved successfully

[2024-05-20T06:14:28.290Z] : [success]: Robot saved successfully

[2024-05-20T06:14:43.255Z] : [success]: Robot saved successfully

[2024-05-20T06:14:45.136Z] : [success]: Bot started

[2024-05-20T06:14:45.137Z] : [info]: Robot start

[2024-05-20T06:14:49.253Z] : [success]: Bot finished successfully, total execution time: 4s 113ms

[2024-05-20T06:14:49.254Z] : [info]: ---------------------------------------------

[2024-05-20T06:16:43.031Z] : [info]: Internet connection // error

[2024-05-20T06:16:43.514Z] : [success]: Bot started

[2024-05-20T06:16:43.516Z] : [info]: Robot start

[2024-05-20T06:16:49.726Z] : [success]: Bot finished successfully, total execution time: 6s 210ms

[2024-05-20T06:16:49.728Z] : [info]: ---------------------------------------------

[2024-05-20T06:17:34.519Z] : [success]: Robot saved successfully

[2024-05-20T06:17:38.489Z] : [success]: Connection to our licenses server is restored

[2024-05-20T06:17:38.796Z] : [success]: Bot started

[2024-05-20T06:17:38.797Z] : [info]: Robot start

[2024-05-20T06:17:42.979Z] : [success]: Bot finished successfully, total execution time: 4s 179ms

[2024-05-20T06:17:42.980Z] : [info]: ---------------------------------------------

[2024-05-20T06:18:30.268Z] : [success]: Robot saved successfully

[2024-05-20T06:19:05.438Z] : [success]: Robot saved successfully

[2024-05-20T06:31:42.514Z] : [success]: Robot saved successfully

[2024-05-20T06:31:42.723Z] : [success]: Robot saved successfully

[2024-05-20T06:31:43.023Z] : [success]: Robot saved successfully

[2024-05-20T06:31:43.206Z] : [success]: Robot saved successfully

[2024-05-20T06:32:01.370Z] : [success]: Bot started

[2024-05-20T06:32:01.371Z] : [info]: Robot start

[2024-05-20T06:32:07.003Z] : [success]: Bot finished successfully, total execution time: 5s 628ms

[2024-05-20T06:32:07.005Z] : [info]: ---------------------------------------------

[2024-05-20T06:32:59.596Z] : [success]: Robot saved successfully

[2024-05-20T06:33:04.282Z] : [success]: Bot started

[2024-05-20T06:33:04.283Z] : [info]: Robot start

[2024-05-20T06:33:09.550Z] : [error]: Unexpected token H in JSON at position 0

[2024-05-20T06:33:10.429Z] : [info]: Total execution time: 5s 265ms

[2024-05-20T06:33:10.430Z] : [info]: ---------------------------------------------

[2024-05-20T06:33:23.292Z] : [success]: Robot saved successfully

[2024-05-20T06:33:31.407Z] : [success]: Robot saved successfully

[2024-05-20T06:33:35.930Z] : [success]: Bot started

[2024-05-20T06:33:35.931Z] : [info]: Robot start

[2024-05-20T06:33:41.177Z] : [error]: JSON.dump is not a function

[2024-05-20T06:33:41.896Z] : [info]: Total execution time: 5s 247ms

[2024-05-20T06:33:41.897Z] : [info]: ---------------------------------------------

[2024-05-20T06:33:49.572Z] : [success]: Robot saved successfully

[2024-05-20T06:33:54.546Z] : [success]: Bot started

[2024-05-20T06:33:54.547Z] : [info]: Robot start

[2024-05-20T06:33:59.812Z] : [error]: JSON.dump is not a function

[2024-05-20T06:34:00.577Z] : [info]: Total execution time: 5s 265ms

[2024-05-20T06:34:00.578Z] : [info]: ---------------------------------------------

[2024-05-20T06:34:15.939Z] : [success]: Robot saved successfully

[2024-05-20T06:34:16.388Z] : [success]: Robot saved successfully

[2024-05-20T06:34:16.575Z] : [success]: Robot saved successfully

[2024-05-20T06:34:17.169Z] : [success]: Robot saved successfully

[2024-05-20T06:34:34.807Z] : [success]: Bot started

[2024-05-20T06:34:34.808Z] : [info]: Robot start

[2024-05-20T06:34:59.991Z] : [success]: Execution Finished successfully

[2024-05-20T06:35:00.356Z] : [success]: Bot finished successfully, total execution time: 25s 541ms

[2024-05-20T06:35:00.358Z] : [info]: ---------------------------------------------

[2024-05-20T06:36:10.265Z] : [success]: Robot saved successfully

[2024-05-20T06:36:14.941Z] : [success]: Bot started

[2024-05-20T06:36:14.942Z] : [info]: Robot start

[2024-05-20T06:36:41.105Z] : [success]: Execution Finished successfully

[2024-05-20T06:36:41.568Z] : [success]: Bot finished successfully, total execution time: 26s 619ms

[2024-05-20T06:36:41.570Z] : [info]: ---------------------------------------------

[2024-05-20T09:54:12.037Z] : [info]: Internet connection // error

[2024-05-20T09:54:19.862Z] : [success]: Connection to our licenses server is restored

[2024-05-20T11:43:29.759Z] : [success]: Robot saved successfully

[2024-05-20T12:16:56.761Z] : [info]: Internet connection // error

[2024-05-21T09:15:58.050Z] : [success]: Connection to our licenses server is restored

[2024-05-24T05:41:25.860Z] : [info]: Internet connection // error

[2024-05-24T05:41:30.806Z] : [success]: Connection to our licenses server is restored

[2024-05-28T04:52:46.955Z] : [info]: Internet connection // error

[2024-05-28T05:03:48.886Z] : [success]: Connection to our licenses server is restored

[2024-05-29T05:43:33.369Z] : [info]: Internet connection // error

[2024-05-29T06:54:44.878Z] : [success]: Connection to our licenses server is restored

[2024-05-29T07:04:24.508Z] : [info]: Internet connection // error

[2024-05-29T07:04:29.597Z] : [success]: Connection to our licenses server is restored

[2024-05-29T07:18:33.475Z] : [info]: Internet connection // error

[2024-05-29T07:18:37.434Z] : [success]: Connection to our licenses server is restored

[2024-05-30T07:26:47.075Z] : [info]: Internet connection // error

[2024-05-30T07:27:00.937Z] : [success]: Connection to our licenses server is restored

[2024-05-30T08:41:17.768Z] : [error]: Cannot read properties of null (reading 'type')

[2024-05-30T08:41:17.779Z] : [error]: Cannot read properties of null (reading 'type')

