
  ==========================================
  Studio Pro version: 8.7.11
  Started at: 12/14/2022, 1:21:47 PM
  ==========================================
  

[2022-12-14T20:26:19.910Z] : [success]: Robot saved successfully

[2022-12-14T20:26:19.961Z] : [info]: ---------------------------------------------

[2022-12-14T20:26:19.962Z] : [success]: Bot started

[2022-12-14T20:26:19.963Z] : [info]: Robot start

[2022-12-14T20:26:27.134Z] : [success]: Bot finished successfully, total execution time: 7s 170ms

[2022-12-14T20:26:27.134Z] : [info]: ---------------------------------------------

[2022-12-14T20:32:37.215Z] : [success]: Robot saved successfully

[2022-12-14T20:32:37.422Z] : [success]: Bot started

[2022-12-14T20:32:37.423Z] : [info]: Robot start

[2022-12-14T20:32:46.585Z] : [success]: Bot finished successfully, total execution time: 9s 161ms

[2022-12-14T20:32:46.586Z] : [info]: ---------------------------------------------

[2022-12-14T20:37:55.931Z] : [success]: Robot saved successfully

[2022-12-14T20:37:55.984Z] : [success]: Bot started

[2022-12-14T20:37:55.984Z] : [info]: Robot start

[2022-12-14T20:38:13.278Z] : [success]: Bot finished successfully, total execution time: 17s 292ms

[2022-12-14T20:38:13.279Z] : [info]: ---------------------------------------------

[2022-12-14T20:40:09.773Z] : [success]: Bot started

[2022-12-14T20:40:09.773Z] : [info]: Robot start

[2022-12-14T20:40:30.124Z] : [success]: Bot finished successfully, total execution time: 20s 349ms

[2022-12-14T20:40:30.125Z] : [info]: ---------------------------------------------

[2022-12-14T20:53:56.605Z] : [success]: Robot saved successfully

[2022-12-14T20:54:16.731Z] : [success]: The workflow has been exported successfully

[2022-12-14T21:09:27.006Z] : [success]: Robot saved successfully

[2022-12-14T21:09:27.044Z] : [info]: ---------------------------------------------

[2022-12-14T21:09:27.045Z] : [success]: Bot started

[2022-12-14T21:09:27.045Z] : [info]: Robot start

[2022-12-14T21:09:46.396Z] : [success]: Bot finished successfully, total execution time: 19s 349ms

[2022-12-14T21:09:46.397Z] : [info]: ---------------------------------------------

[2022-12-14T21:14:46.498Z] : [success]: Robot saved successfully

[2022-12-14T21:14:46.555Z] : [success]: Bot started

[2022-12-14T21:14:46.555Z] : [info]: Robot start

[2022-12-14T21:14:51.656Z] : [success]: Bot finished successfully, total execution time: 5s 99ms

[2022-12-14T21:14:51.657Z] : [info]: ---------------------------------------------

[2022-12-14T21:20:06.509Z] : [success]: Robot saved successfully

[2022-12-14T21:20:06.566Z] : [success]: Bot started

[2022-12-14T21:20:06.566Z] : [info]: Robot start

[2022-12-14T21:20:23.773Z] : [success]: Bot finished successfully, total execution time: 17s 206ms

[2022-12-14T21:20:23.774Z] : [info]: ---------------------------------------------

