
  ==========================================
  Studio Pro version: 9.6.8
  Started at: 12/15/2023, 12:35:05 PM
  ==========================================
  

[2023-12-15T07:05:08.092Z] : [success]: Robot saved successfully

[2023-12-15T07:05:16.903Z] : [info]: Internet connection // error

[2023-12-15T07:05:17.190Z] : [success]: Bot started

[2023-12-15T07:05:17.191Z] : [info]: Robot start

[2023-12-15T07:06:46.380Z] : [error]: Disposable been disposed

[2023-12-15T07:06:47.510Z] : [info]: Total execution time: 1m 29s 188ms

[2023-12-15T07:06:47.511Z] : [info]: ---------------------------------------------

[2023-12-15T07:07:17.982Z] : [success]: Robot saved successfully

[2023-12-15T07:07:23.689Z] : [success]: Robot saved successfully

[2023-12-15T07:07:37.300Z] : [success]: Robot saved successfully


  ==========================================
  Studio Pro version: 9.6.8
  Started at: 12/18/2023, 11:25:32 AM
  ==========================================
  

[2023-12-18T05:55:52.786Z] : [success]: Bot started

[2023-12-18T05:55:52.788Z] : [info]: Robot start

[2023-12-18T05:56:47.952Z] : [error]: Disposable been disposed

[2023-12-18T05:56:50.014Z] : [info]: Total execution time: 55s 160ms

[2023-12-18T05:56:50.017Z] : [info]: ---------------------------------------------

[2023-12-18T05:57:29.758Z] : [success]: Robot saved successfully

