[2023-08-30T09:25:29.105Z] : [success]: Robot saved successfully


  ==========================================
  Studio Pro version: 9.5.18
  Started at: 8/30/2023, 2:55:29 PM
  ==========================================
  

[2023-08-30T09:26:42.568Z] : [info]: ---------------------------------------------

[2023-08-30T09:26:42.570Z] : [success]: Bot started

[2023-08-30T09:26:42.571Z] : [info]: Robot start

[2023-08-30T09:27:00.614Z] : [info]: Energy

[2023-08-30T09:28:03.865Z] : [success]: Bot started

[2023-08-30T09:28:03.865Z] : [info]: Robot start

[2023-08-30T09:28:24.244Z] : [info]: Energy

[2023-08-30T09:28:41.918Z] : [info]: Internet

[2023-08-30T09:29:06.090Z] : [success]: Bot started

[2023-08-30T09:29:06.091Z] : [info]: Robot start

[2023-08-30T09:29:30.352Z] : [success]: Bot started

[2023-08-30T09:29:30.353Z] : [info]: Robot start

[2023-08-30T09:30:08.235Z] : [success]: Bot started

[2023-08-30T09:30:08.236Z] : [info]: Robot start

[2023-08-30T09:30:35.632Z] : [success]: Robot saved successfully

[2023-08-30T09:31:47.660Z] : [success]: Bot started

[2023-08-30T09:31:47.660Z] : [info]: Robot start

[2023-08-30T09:32:03.942Z] : [info]: Energy

[2023-08-30T09:35:53.185Z] : [success]: Robot saved successfully

[2023-08-30T09:35:53.389Z] : [success]: Robot saved successfully

[2023-08-30T09:36:54.828Z] : [success]: Bot started

[2023-08-30T09:36:54.829Z] : [info]: Robot start

[2023-08-30T09:37:14.884Z] : [info]: Energy

[2023-08-30T09:37:28.868Z] : [info]: Internet

[2023-08-30T09:37:39.686Z] : [info]: Phone

[2023-08-30T09:37:51.058Z] : [info]: Water

[2023-08-30T09:38:03.669Z] : [success]: Bot finished successfully, total execution time: 1m 8s 836ms

[2023-08-30T09:38:03.670Z] : [info]: ---------------------------------------------

