
  ==========================================
  Studio Pro version: 9.6.8
  Started at: 3/21/2024, 11:09:46 AM
  ==========================================
  

[2024-03-21T05:39:48.613Z] : [success]: Robot saved successfully

[2024-03-21T06:32:55.525Z] : [success]: Robot saved successfully

[2024-03-21T06:33:10.509Z] : [info]: ---------------------------------------------

[2024-03-21T06:33:10.512Z] : [success]: Bot started

[2024-03-21T06:33:10.518Z] : [info]: Robot start

[2024-03-21T06:33:19.831Z] : [success]: Bot finished successfully, total execution time: 9s 297ms

[2024-03-21T06:33:19.850Z] : [info]: ---------------------------------------------

[2024-03-21T06:37:44.747Z] : [success]: Robot saved successfully

[2024-03-21T07:55:46.970Z] : [warn]: There is a small amount of free memory (RAM) left, 90.18% of RAM is being used (14551 MBs). The performance of Studio Pro and bots during execution may be unstable. Close applications that are not being used, increase the memory, or optimize the workflow.

[2024-03-21T07:59:17.076Z] : [warn]: There is a small amount of free memory (RAM) left, 91.32% of RAM is being used (14734 MBs). The performance of Studio Pro and bots during execution may be unstable. Close applications that are not being used, increase the memory, or optimize the workflow.

[2024-03-21T07:59:21.011Z] : [info]: Internet connection // error

[2024-03-21T07:59:25.282Z] : [success]: Connection to our licenses server is restored

[2024-03-21T08:02:17.121Z] : [warn]: There is a small amount of free memory (RAM) left, 93.03% of RAM is being used (15011 MBs). The performance of Studio Pro and bots during execution may be unstable. Close applications that are not being used, increase the memory, or optimize the workflow.

[2024-03-21T08:05:17.124Z] : [warn]: There is a small amount of free memory (RAM) left, 92.86% of RAM is being used (14983 MBs). The performance of Studio Pro and bots during execution may be unstable. Close applications that are not being used, increase the memory, or optimize the workflow.

[2024-03-21T08:08:17.133Z] : [warn]: There is a small amount of free memory (RAM) left, 91.32% of RAM is being used (14735 MBs). The performance of Studio Pro and bots during execution may be unstable. Close applications that are not being used, increase the memory, or optimize the workflow.

[2024-03-21T08:11:17.144Z] : [warn]: There is a small amount of free memory (RAM) left, 92.04% of RAM is being used (14850 MBs). The performance of Studio Pro and bots during execution may be unstable. Close applications that are not being used, increase the memory, or optimize the workflow.

[2024-03-21T10:37:24.268Z] : [success]: Robot saved successfully

[2024-03-21T10:37:29.034Z] : [success]: Bot started

[2024-03-21T10:37:29.035Z] : [info]: Robot start

[2024-03-21T10:37:33.146Z] : [success]: Bot finished successfully, total execution time: 4s 108ms

[2024-03-21T10:37:33.147Z] : [info]: ---------------------------------------------

[2024-03-21T10:59:46.987Z] : [warn]: There is a small amount of free memory (RAM) left, 90.49% of RAM is being used (14601 MBs). The performance of Studio Pro and bots during execution may be unstable. Close applications that are not being used, increase the memory, or optimize the workflow.

[2024-03-21T11:58:56.875Z] : [success]: Robot saved successfully

[2024-03-21T11:59:13.116Z] : [success]: Robot saved successfully

[2024-03-21T11:59:21.692Z] : [success]: Bot started

[2024-03-21T11:59:21.692Z] : [info]: Robot start

[2024-03-21T11:59:27.923Z] : [success]: Bot finished successfully, total execution time: 6s 226ms

[2024-03-21T11:59:27.925Z] : [info]: ---------------------------------------------

[2024-03-21T12:04:51.619Z] : [success]: Robot saved successfully

[2024-03-21T12:09:16.883Z] : [success]: Robot saved successfully

[2024-03-21T12:10:01.670Z] : [success]: Robot saved successfully

[2024-03-21T12:12:15.094Z] : [success]: Robot saved successfully

[2024-03-21T12:12:15.604Z] : [success]: Robot saved successfully

[2024-03-21T12:12:15.753Z] : [success]: Robot saved successfully

[2024-03-21T12:35:47.718Z] : [success]: Robot saved successfully

[2024-03-21T12:42:11.321Z] : [info]: Internet connection // error

[2024-03-22T04:50:25.937Z] : [success]: Connection to our licenses server is restored

[2024-03-22T06:02:41.502Z] : [success]: Robot saved successfully

[2024-03-22T07:37:58.554Z] : [info]: Internet connection // error

[2024-03-22T07:38:19.817Z] : [success]: Connection to our licenses server is restored

[2024-03-22T07:43:32.020Z] : [info]: Internet connection // error

[2024-03-22T07:45:00.517Z] : [success]: Connection to our licenses server is restored

[2024-03-22T07:46:45.434Z] : [success]: Robot saved successfully

[2024-03-22T07:47:23.855Z] : [success]: Robot saved successfully

[2024-03-22T07:47:31.605Z] : [success]: Bot started

[2024-03-22T07:47:31.606Z] : [info]: Robot start

[2024-03-22T07:47:39.985Z] : [success]: Bot finished successfully, total execution time: 8s 367ms

[2024-03-22T07:47:39.989Z] : [info]: ---------------------------------------------

