[2024-03-18T11:48:03.633Z] : [success]: Connection to our licenses server is restored

[2024-03-19T05:01:18.195Z] : [success]: Robot saved successfully

[2024-03-19T05:04:09.472Z] : [success]: Robot saved successfully

[2024-03-19T05:05:36.492Z] : [success]: Robot saved successfully

[2024-03-19T05:05:39.333Z] : [success]: Robot saved successfully

[2024-03-19T05:05:53.339Z] : [success]: Robot saved successfully

[2024-03-19T05:05:57.646Z] : [success]: Bot started

[2024-03-19T05:05:57.647Z] : [info]: Robot start

[2024-03-19T05:06:17.047Z] : [success]: Bot finished successfully, total execution time: 19s 394ms

[2024-03-19T05:06:17.048Z] : [info]: ---------------------------------------------

[2024-03-19T05:06:41.571Z] : [success]: Robot saved successfully

[2024-03-19T05:07:01.336Z] : [success]: Robot saved successfully

[2024-03-19T05:07:17.355Z] : [success]: Robot saved successfully

[2024-03-19T05:07:22.864Z] : [success]: Bot started

[2024-03-19T05:07:22.865Z] : [info]: Robot start

[2024-03-19T05:07:36.245Z] : [success]: Bot finished successfully, total execution time: 13s 375ms

[2024-03-19T05:07:36.246Z] : [info]: ---------------------------------------------

[2024-03-19T06:56:02.453Z] : [success]: Robot saved successfully

[2024-03-19T06:56:02.713Z] : [success]: Robot saved successfully


  ==========================================
  Studio Pro version: 9.6.8
  Started at: 3/19/2024, 2:19:38 PM
  ==========================================
  

[2024-03-19T08:49:40.547Z] : [success]: Robot saved successfully

[2024-03-19T12:11:27.752Z] : [success]: Robot saved successfully

[2024-03-19T12:11:32.673Z] : [success]: Bot started

[2024-03-19T12:11:32.674Z] : [info]: Robot start

[2024-03-19T12:11:41.710Z] : [success]: Bot finished successfully, total execution time: 9s 31ms

[2024-03-19T12:11:41.713Z] : [info]: ---------------------------------------------

[2024-03-19T12:12:48.074Z] : [success]: Robot saved successfully

[2024-03-19T12:12:52.860Z] : [success]: Bot started

[2024-03-19T12:12:52.861Z] : [info]: Robot start

[2024-03-19T12:12:58.086Z] : [error]: Unexpected token H in JSON at position 0

[2024-03-19T12:12:58.713Z] : [info]: Total execution time: 5s 224ms

[2024-03-19T12:12:58.714Z] : [info]: ---------------------------------------------

[2024-03-19T12:13:17.829Z] : [success]: Robot saved successfully

[2024-03-19T12:13:21.883Z] : [success]: Bot started

[2024-03-19T12:13:21.884Z] : [info]: Robot start

[2024-03-19T12:13:26.148Z] : [error]: Unexpected token H in JSON at position 0

[2024-03-19T12:13:26.707Z] : [info]: Total execution time: 4s 263ms

[2024-03-19T12:13:26.708Z] : [info]: ---------------------------------------------

[2024-03-19T12:14:43.521Z] : [success]: Robot saved successfully

[2024-03-19T12:14:47.590Z] : [success]: Bot started

[2024-03-19T12:14:47.592Z] : [info]: Robot start

[2024-03-19T12:14:52.929Z] : [success]: Bot finished successfully, total execution time: 5s 331ms

[2024-03-19T12:14:52.931Z] : [info]: ---------------------------------------------

[2024-03-19T12:15:39.544Z] : [success]: Robot saved successfully

[2024-03-19T12:15:40.011Z] : [success]: Bot started

[2024-03-19T12:15:40.012Z] : [info]: Robot start

[2024-03-19T12:15:45.689Z] : [error]: Unexpected token H in JSON at position 0

[2024-03-19T12:15:46.262Z] : [info]: Total execution time: 5s 675ms

[2024-03-19T12:15:46.263Z] : [info]: ---------------------------------------------

[2024-03-19T12:16:59.431Z] : [success]: Robot saved successfully

[2024-03-19T12:17:03.378Z] : [success]: Bot started

[2024-03-19T12:17:03.379Z] : [info]: Robot start

[2024-03-19T12:17:08.674Z] : [success]: Bot finished successfully, total execution time: 5s 291ms

[2024-03-19T12:17:08.676Z] : [info]: ---------------------------------------------

[2024-03-20T05:08:57.617Z] : [info]: Internet connection // error

[2024-03-20T05:09:35.902Z] : [success]: Connection to our licenses server is restored

[2024-03-20T05:11:58.679Z] : [success]: Robot saved successfully


  ==========================================
  Studio Pro version: 9.6.8
  Started at: 3/20/2024, 10:43:18 AM
  ==========================================
  

[2024-03-20T05:13:35.305Z] : [success]: Robot saved successfully

[2024-03-20T05:14:46.516Z] : [success]: Robot saved successfully

[2024-03-20T05:15:37.808Z] : [success]: Robot saved successfully

[2024-03-20T05:15:43.881Z] : [success]: Bot started

[2024-03-20T05:15:43.883Z] : [info]: Robot start

[2024-03-20T05:16:07.015Z] : [success]: Bot finished successfully, total execution time: 23s 127ms

[2024-03-20T05:16:07.017Z] : [info]: ---------------------------------------------

[2024-03-20T05:42:45.152Z] : [success]: Robot saved successfully

[2024-03-20T05:42:45.303Z] : [success]: Robot saved successfully

