
  ==========================================
  Studio Pro version: 8.7.11
  Started at: 12/9/2022, 1:14:30 PM
  ==========================================
  

[2022-12-09T20:28:42.016Z] : [success]: Robot saved successfully

[2022-12-09T20:28:42.113Z] : [info]: ---------------------------------------------

[2022-12-09T20:28:42.114Z] : [success]: Bot started

[2022-12-09T20:28:42.115Z] : [info]: Robot start

[2022-12-09T20:28:47.341Z] : [success]: Bot finished successfully, total execution time: 5s 224ms

[2022-12-09T20:28:47.342Z] : [info]: ---------------------------------------------

[2022-12-09T20:31:13.633Z] : [success]: Robot saved successfully

[2022-12-09T20:31:13.826Z] : [success]: Bot started

[2022-12-09T20:31:13.826Z] : [info]: Robot start

[2022-12-09T20:31:23.066Z] : [success]: Bot finished successfully, total execution time: 9s 239ms

[2022-12-09T20:31:23.067Z] : [info]: ---------------------------------------------

[2022-12-09T20:33:24.833Z] : [success]: Bot started

[2022-12-09T20:33:24.834Z] : [info]: Robot start

[2022-12-09T20:33:33.095Z] : [success]: Bot finished successfully, total execution time: 8s 258ms

[2022-12-09T20:33:33.097Z] : [info]: ---------------------------------------------

[2022-12-09T20:34:36.243Z] : [success]: The workflow has been exported successfully

[2022-12-09T21:17:39.903Z] : [success]: Robot saved successfully

[2022-12-09T21:17:40.273Z] : [info]: ---------------------------------------------

[2022-12-09T21:17:40.275Z] : [success]: Bot started

[2022-12-09T21:17:40.277Z] : [info]: Robot start

[2022-12-09T21:17:46.826Z] : [success]: Bot finished successfully, total execution time: 6s 543ms

[2022-12-09T21:17:46.829Z] : [info]: ---------------------------------------------

